2009.05.03 14:31 B C:\CBL\Website\2009CB\ALleaders.js --> ftp.tripod.com /2009CB ALleaders.js
2009.05.03 14:31 B C:\CBL\Website\2009CB\ALtotals.js --> ftp.tripod.com /2009CB ALtotals.js
2009.05.03 14:31 B C:\CBL\Website\2009CB\back.jpg --> ftp.tripod.com /2009CB back.jpg
2009.05.03 14:31 B C:\CBL\Website\2009CB\bANA.js --> ftp.tripod.com /2009CB bANA.js
2009.05.03 14:31 B C:\CBL\Website\2009CB\bATN.js --> ftp.tripod.com /2009CB bATN.js
2009.05.03 14:31 B C:\CBL\Website\2009CB\batter.gif --> ftp.tripod.com /2009CB batter.gif
2009.05.03 14:31 B C:\CBL\Website\2009CB\bBAA.js --> ftp.tripod.com /2009CB bBAA.js
2009.05.03 14:31 B C:\CBL\Website\2009CB\bBOA.js --> ftp.tripod.com /2009CB bBOA.js
2009.05.03 14:31 B C:\CBL\Website\2009CB\bCHA.js --> ftp.tripod.com /2009CB bCHA.js
2009.05.03 14:32 B C:\CBL\Website\2009CB\bCHN.js --> ftp.tripod.com /2009CB bCHN.js
2009.05.03 14:32 B C:\CBL\Website\2009CB\bCIN.js --> ftp.tripod.com /2009CB bCIN.js
2009.05.03 14:32 B C:\CBL\Website\2009CB\bCLA.js --> ftp.tripod.com /2009CB bCLA.js
2009.05.03 14:32 B C:\CBL\Website\2009CB\bDEA.js --> ftp.tripod.com /2009CB bDEA.js
2009.05.03 14:32 B C:\CBL\Website\2009CB\bHON.js --> ftp.tripod.com /2009CB bHON.js
2009.05.03 14:32 B C:\CBL\Website\2009CB\bKCA.js --> ftp.tripod.com /2009CB bKCA.js
2009.05.03 14:32 B C:\CBL\Website\2009CB\bLAA.js --> ftp.tripod.com /2009CB bLAA.js
2009.05.03 14:32 B C:\CBL\Website\2009CB\bLAN.js --> ftp.tripod.com /2009CB bLAN.js
2009.05.03 14:32 B C:\CBL\Website\2009CB\bMNA.js --> ftp.tripod.com /2009CB bMNA.js
2009.05.03 14:32 B C:\CBL\Website\2009CB\bNYA.js --> ftp.tripod.com /2009CB bNYA.js
2009.05.03 14:32 B C:\CBL\Website\2009CB\bNYN.js --> ftp.tripod.com /2009CB bNYN.js
2009.05.03 14:32 B C:\CBL\Website\2009CB\bOAA.js --> ftp.tripod.com /2009CB bOAA.js
2009.05.03 14:32 B C:\CBL\Website\2009CB\bPHN.js --> ftp.tripod.com /2009CB bPHN.js
2009.05.03 14:32 B C:\CBL\Website\2009CB\bPIN.js --> ftp.tripod.com /2009CB bPIN.js
2009.05.03 14:32 B C:\CBL\Website\2009CB\bplayer.html --> ftp.tripod.com /2009CB bplayer.html
2009.05.03 14:32 B C:\CBL\Website\2009CB\bSDN.js --> ftp.tripod.com /2009CB bSDN.js
2009.05.03 14:32 B C:\CBL\Website\2009CB\bSEA.js --> ftp.tripod.com /2009CB bSEA.js
2009.05.03 14:32 B C:\CBL\Website\2009CB\bSFN.js --> ftp.tripod.com /2009CB bSFN.js
2009.05.03 14:32 B C:\CBL\Website\2009CB\bSLN.js --> ftp.tripod.com /2009CB bSLN.js
2009.05.03 14:32 B C:\CBL\Website\2009CB\bTOA.js --> ftp.tripod.com /2009CB bTOA.js
2009.05.03 14:32 B C:\CBL\Website\2009CB\bWAN.js --> ftp.tripod.com /2009CB bWAN.js
2009.05.03 14:32 B C:\CBL\Website\2009CB\custom.js --> ftp.tripod.com /2009CB custom.js
2009.05.03 14:32 B C:\CBL\Website\2009CB\diamond.gif --> ftp.tripod.com /2009CB diamond.gif
2009.05.03 14:32 B C:\CBL\Website\2009CB\dyndata.js --> ftp.tripod.com /2009CB dyndata.js
2009.05.03 14:32 B C:\CBL\Website\2009CB\grand1.html --> ftp.tripod.com /2009CB grand1.html
2009.05.03 14:32 B C:\CBL\Website\2009CB\grand2.html --> ftp.tripod.com /2009CB grand2.html
2009.05.03 14:32 B C:\CBL\Website\2009CB\green.gif --> ftp.tripod.com /2009CB green.gif
2009.05.03 14:32 B C:\CBL\Website\2009CB\index.html --> ftp.tripod.com /2009CB index.html
2009.05.03 14:32 B C:\CBL\Website\2009CB\leaders.html --> ftp.tripod.com /2009CB leaders.html
2009.05.03 14:32 B C:\CBL\Website\2009CB\leaders.js --> ftp.tripod.com /2009CB leaders.js
2009.05.03 14:32 B C:\CBL\Website\2009CB\leaguedata.js --> ftp.tripod.com /2009CB leaguedata.js
2009.05.03 14:32 B C:\CBL\Website\2009CB\my_logo.gif --> ftp.tripod.com /2009CB my_logo.gif
2009.05.03 14:32 B C:\CBL\Website\2009CB\NLleaders.js --> ftp.tripod.com /2009CB NLleaders.js
2009.05.03 14:32 B C:\CBL\Website\2009CB\NLtotals.js --> ftp.tripod.com /2009CB NLtotals.js
2009.05.03 14:32 B C:\CBL\Website\2009CB\pANA.js --> ftp.tripod.com /2009CB pANA.js
2009.05.03 14:32 B C:\CBL\Website\2009CB\pATN.js --> ftp.tripod.com /2009CB pATN.js
2009.05.03 14:32 B C:\CBL\Website\2009CB\pBAA.js --> ftp.tripod.com /2009CB pBAA.js
2009.05.03 14:32 B C:\CBL\Website\2009CB\pBOA.js --> ftp.tripod.com /2009CB pBOA.js
2009.05.03 14:32 B C:\CBL\Website\2009CB\pCHA.js --> ftp.tripod.com /2009CB pCHA.js
2009.05.03 14:32 B C:\CBL\Website\2009CB\pCHN.js --> ftp.tripod.com /2009CB pCHN.js
2009.05.03 14:32 B C:\CBL\Website\2009CB\pCIN.js --> ftp.tripod.com /2009CB pCIN.js
2009.05.03 14:32 B C:\CBL\Website\2009CB\pCLA.js --> ftp.tripod.com /2009CB pCLA.js
2009.05.03 14:32 B C:\CBL\Website\2009CB\pDEA.js --> ftp.tripod.com /2009CB pDEA.js
2009.05.03 14:32 B C:\CBL\Website\2009CB\pHON.js --> ftp.tripod.com /2009CB pHON.js
2009.05.03 14:32 B C:\CBL\Website\2009CB\pitcher.gif --> ftp.tripod.com /2009CB pitcher.gif
2009.05.03 14:32 B C:\CBL\Website\2009CB\pixel.gif --> ftp.tripod.com /2009CB pixel.gif
2009.05.03 14:32 B C:\CBL\Website\2009CB\pKCA.js --> ftp.tripod.com /2009CB pKCA.js
2009.05.03 14:32 B C:\CBL\Website\2009CB\pLAA.js --> ftp.tripod.com /2009CB pLAA.js
2009.05.03 14:32 B C:\CBL\Website\2009CB\pLAN.js --> ftp.tripod.com /2009CB pLAN.js
2009.05.03 14:32 B C:\CBL\Website\2009CB\players.js --> ftp.tripod.com /2009CB players.js
2009.05.03 14:32 B C:\CBL\Website\2009CB\pMNA.js --> ftp.tripod.com /2009CB pMNA.js
2009.05.03 14:32 B C:\CBL\Website\2009CB\pNYA.js --> ftp.tripod.com /2009CB pNYA.js
2009.05.03 14:32 B C:\CBL\Website\2009CB\pNYN.js --> ftp.tripod.com /2009CB pNYN.js
2009.05.03 14:32 B C:\CBL\Website\2009CB\pOAA.js --> ftp.tripod.com /2009CB pOAA.js
2009.05.03 14:32 B C:\CBL\Website\2009CB\pPHN.js --> ftp.tripod.com /2009CB pPHN.js
2009.05.03 14:32 B C:\CBL\Website\2009CB\pPIN.js --> ftp.tripod.com /2009CB pPIN.js
2009.05.03 14:32 B C:\CBL\Website\2009CB\pplayer.html --> ftp.tripod.com /2009CB pplayer.html
2009.05.03 14:32 B C:\CBL\Website\2009CB\pSDN.js --> ftp.tripod.com /2009CB pSDN.js
2009.05.03 14:32 B C:\CBL\Website\2009CB\pSEA.js --> ftp.tripod.com /2009CB pSEA.js
2009.05.03 14:32 B C:\CBL\Website\2009CB\pSFN.js --> ftp.tripod.com /2009CB pSFN.js
2009.05.03 14:32 B C:\CBL\Website\2009CB\pSLN.js --> ftp.tripod.com /2009CB pSLN.js
2009.05.03 14:32 B C:\CBL\Website\2009CB\pTOA.js --> ftp.tripod.com /2009CB pTOA.js
2009.05.03 14:32 B C:\CBL\Website\2009CB\pWAN.js --> ftp.tripod.com /2009CB pWAN.js
2009.05.03 14:32 B C:\CBL\Website\2009CB\stats.css --> ftp.tripod.com /2009CB stats.css
2009.05.03 14:32 B C:\CBL\Website\2009CB\stats.js --> ftp.tripod.com /2009CB stats.js
2009.05.03 14:32 B C:\CBL\Website\2009CB\stratomatic.jpg --> ftp.tripod.com /2009CB stratomatic.jpg
2009.05.03 14:32 B C:\CBL\Website\2009CB\team.html --> ftp.tripod.com /2009CB team.html
2009.05.03 14:32 B C:\CBL\Website\2009CB\teamana.js --> ftp.tripod.com /2009CB teamana.js
2009.05.03 14:32 B C:\CBL\Website\2009CB\teamatn.js --> ftp.tripod.com /2009CB teamatn.js
2009.05.03 14:32 B C:\CBL\Website\2009CB\teambaa.js --> ftp.tripod.com /2009CB teambaa.js
2009.05.03 14:32 B C:\CBL\Website\2009CB\teamboa.js --> ftp.tripod.com /2009CB teamboa.js
2009.05.03 14:32 B C:\CBL\Website\2009CB\teamcha.js --> ftp.tripod.com /2009CB teamcha.js
2009.05.03 14:32 B C:\CBL\Website\2009CB\teamchn.js --> ftp.tripod.com /2009CB teamchn.js
2009.05.03 14:32 B C:\CBL\Website\2009CB\teamcin.js --> ftp.tripod.com /2009CB teamcin.js
2009.05.03 14:32 B C:\CBL\Website\2009CB\teamcla.js --> ftp.tripod.com /2009CB teamcla.js
2009.05.03 14:32 B C:\CBL\Website\2009CB\teamdea.js --> ftp.tripod.com /2009CB teamdea.js
2009.05.03 14:32 B C:\CBL\Website\2009CB\teamhon.js --> ftp.tripod.com /2009CB teamhon.js
2009.05.03 14:32 B C:\CBL\Website\2009CB\teamkca.js --> ftp.tripod.com /2009CB teamkca.js
2009.05.03 14:32 B C:\CBL\Website\2009CB\teamlaa.js --> ftp.tripod.com /2009CB teamlaa.js
2009.05.03 14:32 B C:\CBL\Website\2009CB\teamlan.js --> ftp.tripod.com /2009CB teamlan.js
2009.05.03 14:32 B C:\CBL\Website\2009CB\teammna.js --> ftp.tripod.com /2009CB teammna.js
2009.05.03 14:32 B C:\CBL\Website\2009CB\teamnya.js --> ftp.tripod.com /2009CB teamnya.js
2009.05.03 14:32 B C:\CBL\Website\2009CB\teamnyn.js --> ftp.tripod.com /2009CB teamnyn.js
2009.05.03 14:32 B C:\CBL\Website\2009CB\teamoaa.js --> ftp.tripod.com /2009CB teamoaa.js
2009.05.03 14:32 B C:\CBL\Website\2009CB\teamphn.js --> ftp.tripod.com /2009CB teamphn.js
2009.05.03 14:32 B C:\CBL\Website\2009CB\teampin.js --> ftp.tripod.com /2009CB teampin.js
2009.05.03 14:32 B C:\CBL\Website\2009CB\teams.js --> ftp.tripod.com /2009CB teams.js
2009.05.03 14:32 B C:\CBL\Website\2009CB\teamsdn.js --> ftp.tripod.com /2009CB teamsdn.js
2009.05.03 14:32 B C:\CBL\Website\2009CB\teamsea.js --> ftp.tripod.com /2009CB teamsea.js
2009.05.03 14:32 B C:\CBL\Website\2009CB\teamsfn.js --> ftp.tripod.com /2009CB teamsfn.js
2009.05.03 14:32 B C:\CBL\Website\2009CB\teamsln.js --> ftp.tripod.com /2009CB teamsln.js
2009.05.03 14:32 B C:\CBL\Website\2009CB\teamtoa.js --> ftp.tripod.com /2009CB teamtoa.js
2009.05.03 14:32 B C:\CBL\Website\2009CB\teamwan.js --> ftp.tripod.com /2009CB teamwan.js
2009.05.03 14:32 B C:\CBL\Website\2009CB\totals.js --> ftp.tripod.com /2009CB totals.js
2009.05.03 14:32 B C:\CBL\Website\2009CB\traded.js --> ftp.tripod.com /2009CB traded.js
2009.07.09 17:36 B C:\CBL\Website\2009CB\ALleaders.js --> ftp.tripod.com /2009CB ALleaders.js
2009.07.09 17:36 B C:\CBL\Website\2009CB\ALtotals.js --> ftp.tripod.com /2009CB ALtotals.js
2009.07.09 17:36 B C:\CBL\Website\2009CB\bATN.js --> ftp.tripod.com /2009CB bATN.js
2009.07.09 17:36 B C:\CBL\Website\2009CB\bBAA.js --> ftp.tripod.com /2009CB bBAA.js
2009.07.09 17:36 B C:\CBL\Website\2009CB\bBOA.js --> ftp.tripod.com /2009CB bBOA.js
2009.07.09 17:36 B C:\CBL\Website\2009CB\bCHA.js --> ftp.tripod.com /2009CB bCHA.js
2009.07.09 17:36 B C:\CBL\Website\2009CB\bCHN.js --> ftp.tripod.com /2009CB bCHN.js
2009.07.09 17:36 B C:\CBL\Website\2009CB\bCIN.js --> ftp.tripod.com /2009CB bCIN.js
2009.07.09 17:36 B C:\CBL\Website\2009CB\bCLA.js --> ftp.tripod.com /2009CB bCLA.js
2009.07.09 17:36 B C:\CBL\Website\2009CB\bDEA.js --> ftp.tripod.com /2009CB bDEA.js
2009.07.09 17:36 B C:\CBL\Website\2009CB\bHON.js --> ftp.tripod.com /2009CB bHON.js
2009.07.09 17:36 B C:\CBL\Website\2009CB\bKCA.js --> ftp.tripod.com /2009CB bKCA.js
2009.07.09 17:36 B C:\CBL\Website\2009CB\bLAA.js --> ftp.tripod.com /2009CB bLAA.js
2009.07.09 17:36 B C:\CBL\Website\2009CB\bLAN.js --> ftp.tripod.com /2009CB bLAN.js
2009.07.09 17:36 B C:\CBL\Website\2009CB\bMNA.js --> ftp.tripod.com /2009CB bMNA.js
2009.07.09 17:36 B C:\CBL\Website\2009CB\bNYA.js --> ftp.tripod.com /2009CB bNYA.js
2009.07.09 17:36 B C:\CBL\Website\2009CB\bNYN.js --> ftp.tripod.com /2009CB bNYN.js
2009.07.09 17:36 B C:\CBL\Website\2009CB\bOAA.js --> ftp.tripod.com /2009CB bOAA.js
2009.07.09 17:36 B C:\CBL\Website\2009CB\bPHN.js --> ftp.tripod.com /2009CB bPHN.js
2009.07.09 17:37 B C:\CBL\Website\2009CB\bPIN.js --> ftp.tripod.com /2009CB bPIN.js
2009.07.09 17:37 B C:\CBL\Website\2009CB\bSDN.js --> ftp.tripod.com /2009CB bSDN.js
2009.07.09 17:37 B C:\CBL\Website\2009CB\bSEA.js --> ftp.tripod.com /2009CB bSEA.js
2009.07.09 17:37 B C:\CBL\Website\2009CB\bSFN.js --> ftp.tripod.com /2009CB bSFN.js
2009.07.09 17:37 B C:\CBL\Website\2009CB\bSLN.js --> ftp.tripod.com /2009CB bSLN.js
2009.07.09 17:37 B C:\CBL\Website\2009CB\bTOA.js --> ftp.tripod.com /2009CB bTOA.js
2009.07.09 17:37 B C:\CBL\Website\2009CB\bWAN.js --> ftp.tripod.com /2009CB bWAN.js
2009.07.09 17:37 B C:\CBL\Website\2009CB\leaders.js --> ftp.tripod.com /2009CB leaders.js
2009.07.09 17:37 B C:\CBL\Website\2009CB\leaguedata.js --> ftp.tripod.com /2009CB leaguedata.js
2009.07.09 17:37 B C:\CBL\Website\2009CB\NLleaders.js --> ftp.tripod.com /2009CB NLleaders.js
2009.07.09 17:37 B C:\CBL\Website\2009CB\NLtotals.js --> ftp.tripod.com /2009CB NLtotals.js
2009.07.09 17:37 B C:\CBL\Website\2009CB\pATN.js --> ftp.tripod.com /2009CB pATN.js
2009.07.09 17:37 B C:\CBL\Website\2009CB\pBAA.js --> ftp.tripod.com /2009CB pBAA.js
2009.07.09 17:37 B C:\CBL\Website\2009CB\pBOA.js --> ftp.tripod.com /2009CB pBOA.js
2009.07.09 17:37 B C:\CBL\Website\2009CB\pCHA.js --> ftp.tripod.com /2009CB pCHA.js
2009.07.09 17:37 B C:\CBL\Website\2009CB\pCHN.js --> ftp.tripod.com /2009CB pCHN.js
2009.07.09 17:37 B C:\CBL\Website\2009CB\pCIN.js --> ftp.tripod.com /2009CB pCIN.js
2009.07.09 17:37 B C:\CBL\Website\2009CB\pCLA.js --> ftp.tripod.com /2009CB pCLA.js
2009.07.09 17:37 B C:\CBL\Website\2009CB\pDEA.js --> ftp.tripod.com /2009CB pDEA.js
2009.07.09 17:37 B C:\CBL\Website\2009CB\pHON.js --> ftp.tripod.com /2009CB pHON.js
2009.07.09 17:37 B C:\CBL\Website\2009CB\pKCA.js --> ftp.tripod.com /2009CB pKCA.js
2009.07.09 17:37 B C:\CBL\Website\2009CB\pLAA.js --> ftp.tripod.com /2009CB pLAA.js
2009.07.09 17:37 B C:\CBL\Website\2009CB\pLAN.js --> ftp.tripod.com /2009CB pLAN.js
2009.07.09 17:37 B C:\CBL\Website\2009CB\pMNA.js --> ftp.tripod.com /2009CB pMNA.js
2009.07.09 17:37 B C:\CBL\Website\2009CB\pNYA.js --> ftp.tripod.com /2009CB pNYA.js
2009.07.09 17:37 B C:\CBL\Website\2009CB\pNYN.js --> ftp.tripod.com /2009CB pNYN.js
2009.07.09 17:37 B C:\CBL\Website\2009CB\pOAA.js --> ftp.tripod.com /2009CB pOAA.js
2009.07.09 17:37 B C:\CBL\Website\2009CB\pPHN.js --> ftp.tripod.com /2009CB pPHN.js
2009.07.09 17:37 B C:\CBL\Website\2009CB\pPIN.js --> ftp.tripod.com /2009CB pPIN.js
2009.07.09 17:37 B C:\CBL\Website\2009CB\pSDN.js --> ftp.tripod.com /2009CB pSDN.js
2009.07.09 17:37 B C:\CBL\Website\2009CB\pSEA.js --> ftp.tripod.com /2009CB pSEA.js
2009.07.09 17:37 B C:\CBL\Website\2009CB\pSFN.js --> ftp.tripod.com /2009CB pSFN.js
2009.07.09 17:37 B C:\CBL\Website\2009CB\pSLN.js --> ftp.tripod.com /2009CB pSLN.js
2009.07.09 17:37 B C:\CBL\Website\2009CB\pTOA.js --> ftp.tripod.com /2009CB pTOA.js
2009.07.09 17:37 B C:\CBL\Website\2009CB\pWAN.js --> ftp.tripod.com /2009CB pWAN.js
2009.07.09 17:37 B C:\CBL\Website\2009CB\teamatn.js --> ftp.tripod.com /2009CB teamatn.js
2009.07.09 17:37 B C:\CBL\Website\2009CB\teambaa.js --> ftp.tripod.com /2009CB teambaa.js
2009.07.09 17:37 B C:\CBL\Website\2009CB\teamboa.js --> ftp.tripod.com /2009CB teamboa.js
2009.07.09 17:37 B C:\CBL\Website\2009CB\teamcha.js --> ftp.tripod.com /2009CB teamcha.js
2009.07.09 17:37 B C:\CBL\Website\2009CB\teamchn.js --> ftp.tripod.com /2009CB teamchn.js
2009.07.09 17:37 B C:\CBL\Website\2009CB\teamcin.js --> ftp.tripod.com /2009CB teamcin.js
2009.07.09 17:37 B C:\CBL\Website\2009CB\teamcla.js --> ftp.tripod.com /2009CB teamcla.js
2009.07.09 17:37 B C:\CBL\Website\2009CB\teamdea.js --> ftp.tripod.com /2009CB teamdea.js
2009.07.09 17:37 B C:\CBL\Website\2009CB\teamhon.js --> ftp.tripod.com /2009CB teamhon.js
2009.07.09 17:37 B C:\CBL\Website\2009CB\teamkca.js --> ftp.tripod.com /2009CB teamkca.js
2009.07.09 17:37 B C:\CBL\Website\2009CB\teamlaa.js --> ftp.tripod.com /2009CB teamlaa.js
2009.07.09 17:37 B C:\CBL\Website\2009CB\teamlan.js --> ftp.tripod.com /2009CB teamlan.js
2009.07.09 17:37 B C:\CBL\Website\2009CB\teammna.js --> ftp.tripod.com /2009CB teammna.js
2009.07.09 17:37 B C:\CBL\Website\2009CB\teamnya.js --> ftp.tripod.com /2009CB teamnya.js
2009.07.09 17:37 B C:\CBL\Website\2009CB\teamnyn.js --> ftp.tripod.com /2009CB teamnyn.js
2009.07.09 17:37 B C:\CBL\Website\2009CB\teamoaa.js --> ftp.tripod.com /2009CB teamoaa.js
2009.07.09 17:37 B C:\CBL\Website\2009CB\teamphn.js --> ftp.tripod.com /2009CB teamphn.js
2009.07.09 17:37 B C:\CBL\Website\2009CB\teampin.js --> ftp.tripod.com /2009CB teampin.js
2009.07.09 17:37 B C:\CBL\Website\2009CB\teamsdn.js --> ftp.tripod.com /2009CB teamsdn.js
2009.07.09 17:37 B C:\CBL\Website\2009CB\teamsea.js --> ftp.tripod.com /2009CB teamsea.js
2009.07.09 17:37 B C:\CBL\Website\2009CB\teamsfn.js --> ftp.tripod.com /2009CB teamsfn.js
2009.07.09 17:37 B C:\CBL\Website\2009CB\teamsln.js --> ftp.tripod.com /2009CB teamsln.js
2009.07.09 17:37 B C:\CBL\Website\2009CB\teamtoa.js --> ftp.tripod.com /2009CB teamtoa.js
2009.07.09 17:37 B C:\CBL\Website\2009CB\teamwan.js --> ftp.tripod.com /2009CB teamwan.js
2009.07.09 17:37 B C:\CBL\Website\2009CB\totals.js --> ftp.tripod.com /2009CB totals.js
2009.07.09 17:37 B C:\CBL\Website\2009CB\traded.js --> ftp.tripod.com /2009CB traded.js
2009.10.26 22:37 B C:\CBL\Website\2009CB\ALleaders.js --> ftp.tripod.com / ALleaders.js
2009.10.26 22:37 B C:\CBL\Website\2009CB\ALleaders.js --> ftp.tripod.com /2009CB ALleaders.js
2009.10.26 22:37 B C:\CBL\Website\2009CB\ALtotals.js --> ftp.tripod.com /2009CB ALtotals.js
2009.10.26 22:38 B C:\CBL\Website\2009CB\bATN.js --> ftp.tripod.com /2009CB bATN.js
2009.10.26 22:38 B C:\CBL\Website\2009CB\bBAA.js --> ftp.tripod.com /2009CB bBAA.js
2009.10.26 22:38 B C:\CBL\Website\2009CB\bBOA.js --> ftp.tripod.com /2009CB bBOA.js
2009.10.26 22:38 B C:\CBL\Website\2009CB\bCHA.js --> ftp.tripod.com /2009CB bCHA.js
2009.10.26 22:38 B C:\CBL\Website\2009CB\bCHN.js --> ftp.tripod.com /2009CB bCHN.js
2009.10.26 22:38 B C:\CBL\Website\2009CB\bCIN.js --> ftp.tripod.com /2009CB bCIN.js
2009.10.26 22:38 B C:\CBL\Website\2009CB\bCLA.js --> ftp.tripod.com /2009CB bCLA.js
2009.10.26 22:38 B C:\CBL\Website\2009CB\bDEA.js --> ftp.tripod.com /2009CB bDEA.js
2009.10.26 22:38 B C:\CBL\Website\2009CB\bHON.js --> ftp.tripod.com /2009CB bHON.js
2009.10.26 22:38 B C:\CBL\Website\2009CB\bKCA.js --> ftp.tripod.com /2009CB bKCA.js
2009.10.26 22:38 B C:\CBL\Website\2009CB\bLAA.js --> ftp.tripod.com /2009CB bLAA.js
2009.10.26 22:38 B C:\CBL\Website\2009CB\bLAN.js --> ftp.tripod.com /2009CB bLAN.js
2009.10.26 22:38 B C:\CBL\Website\2009CB\bMNA.js --> ftp.tripod.com /2009CB bMNA.js
2009.10.26 22:38 B C:\CBL\Website\2009CB\bNYA.js --> ftp.tripod.com /2009CB bNYA.js
2009.10.26 22:38 B C:\CBL\Website\2009CB\bNYN.js --> ftp.tripod.com /2009CB bNYN.js
2009.10.26 22:38 B C:\CBL\Website\2009CB\bOAA.js --> ftp.tripod.com /2009CB bOAA.js
2009.10.26 22:38 B C:\CBL\Website\2009CB\bPHN.js --> ftp.tripod.com /2009CB bPHN.js
2009.10.26 22:38 B C:\CBL\Website\2009CB\bPIN.js --> ftp.tripod.com /2009CB bPIN.js
2009.10.26 22:38 B C:\CBL\Website\2009CB\bSDN.js --> ftp.tripod.com /2009CB bSDN.js
2009.10.26 22:38 B C:\CBL\Website\2009CB\bSEA.js --> ftp.tripod.com /2009CB bSEA.js
2009.10.26 22:38 B C:\CBL\Website\2009CB\bSFN.js --> ftp.tripod.com /2009CB bSFN.js
2009.10.26 22:38 B C:\CBL\Website\2009CB\bSLN.js --> ftp.tripod.com /2009CB bSLN.js
2009.10.26 22:38 B C:\CBL\Website\2009CB\bTOA.js --> ftp.tripod.com /2009CB bTOA.js
2009.10.26 22:38 B C:\CBL\Website\2009CB\bWAN.js --> ftp.tripod.com /2009CB bWAN.js
2009.10.26 22:38 B C:\CBL\Website\2009CB\leaders.js --> ftp.tripod.com /2009CB leaders.js
2009.10.26 22:38 B C:\CBL\Website\2009CB\leaguedata.js --> ftp.tripod.com /2009CB leaguedata.js
2009.10.26 22:38 B C:\CBL\Website\2009CB\NLleaders.js --> ftp.tripod.com /2009CB NLleaders.js
2009.10.26 22:38 B C:\CBL\Website\2009CB\NLtotals.js --> ftp.tripod.com /2009CB NLtotals.js
2009.10.26 22:38 B C:\CBL\Website\2009CB\pATN.js --> ftp.tripod.com /2009CB pATN.js
2009.10.26 22:38 B C:\CBL\Website\2009CB\pBAA.js --> ftp.tripod.com /2009CB pBAA.js
2009.10.26 22:38 B C:\CBL\Website\2009CB\pBOA.js --> ftp.tripod.com /2009CB pBOA.js
2009.10.26 22:38 B C:\CBL\Website\2009CB\pCHA.js --> ftp.tripod.com /2009CB pCHA.js
2009.10.26 22:38 B C:\CBL\Website\2009CB\pCHN.js --> ftp.tripod.com /2009CB pCHN.js
2009.10.26 22:38 B C:\CBL\Website\2009CB\pCIN.js --> ftp.tripod.com /2009CB pCIN.js
2009.10.26 22:38 B C:\CBL\Website\2009CB\pCLA.js --> ftp.tripod.com /2009CB pCLA.js
2009.10.26 22:38 B C:\CBL\Website\2009CB\pDEA.js --> ftp.tripod.com /2009CB pDEA.js
2009.10.26 22:38 B C:\CBL\Website\2009CB\pHON.js --> ftp.tripod.com /2009CB pHON.js
2009.10.26 22:38 B C:\CBL\Website\2009CB\pKCA.js --> ftp.tripod.com /2009CB pKCA.js
2009.10.26 22:38 B C:\CBL\Website\2009CB\pLAA.js --> ftp.tripod.com /2009CB pLAA.js
2009.10.26 22:38 B C:\CBL\Website\2009CB\pLAN.js --> ftp.tripod.com /2009CB pLAN.js
2009.10.26 22:38 B C:\CBL\Website\2009CB\pMNA.js --> ftp.tripod.com /2009CB pMNA.js
2009.10.26 22:38 B C:\CBL\Website\2009CB\pNYA.js --> ftp.tripod.com /2009CB pNYA.js
2009.10.26 22:38 B C:\CBL\Website\2009CB\pNYN.js --> ftp.tripod.com /2009CB pNYN.js
2009.10.26 22:38 B C:\CBL\Website\2009CB\pOAA.js --> ftp.tripod.com /2009CB pOAA.js
2009.10.26 22:38 B C:\CBL\Website\2009CB\pPHN.js --> ftp.tripod.com /2009CB pPHN.js
2009.10.26 22:38 B C:\CBL\Website\2009CB\pPIN.js --> ftp.tripod.com /2009CB pPIN.js
2009.10.26 22:38 B C:\CBL\Website\2009CB\pSDN.js --> ftp.tripod.com /2009CB pSDN.js
2009.10.26 22:38 B C:\CBL\Website\2009CB\pSEA.js --> ftp.tripod.com /2009CB pSEA.js
2009.10.26 22:38 B C:\CBL\Website\2009CB\pSFN.js --> ftp.tripod.com /2009CB pSFN.js
2009.10.26 22:38 B C:\CBL\Website\2009CB\pSLN.js --> ftp.tripod.com /2009CB pSLN.js
2009.10.26 22:38 B C:\CBL\Website\2009CB\pTOA.js --> ftp.tripod.com /2009CB pTOA.js
2009.10.26 22:38 B C:\CBL\Website\2009CB\pWAN.js --> ftp.tripod.com /2009CB pWAN.js
2009.10.26 22:38 B C:\CBL\Website\2009CB\teamatn.js --> ftp.tripod.com /2009CB teamatn.js
2009.10.26 22:38 B C:\CBL\Website\2009CB\teambaa.js --> ftp.tripod.com /2009CB teambaa.js
2009.10.26 22:38 B C:\CBL\Website\2009CB\teamboa.js --> ftp.tripod.com /2009CB teamboa.js
2009.10.26 22:38 B C:\CBL\Website\2009CB\teamcha.js --> ftp.tripod.com /2009CB teamcha.js
2009.10.26 22:38 B C:\CBL\Website\2009CB\teamchn.js --> ftp.tripod.com /2009CB teamchn.js
2009.10.26 22:38 B C:\CBL\Website\2009CB\teamcin.js --> ftp.tripod.com /2009CB teamcin.js
2009.10.26 22:38 B C:\CBL\Website\2009CB\teamcla.js --> ftp.tripod.com /2009CB teamcla.js
2009.10.26 22:38 B C:\CBL\Website\2009CB\teamdea.js --> ftp.tripod.com /2009CB teamdea.js
2009.10.26 22:38 B C:\CBL\Website\2009CB\teamhon.js --> ftp.tripod.com /2009CB teamhon.js
2009.10.26 22:38 B C:\CBL\Website\2009CB\teamkca.js --> ftp.tripod.com /2009CB teamkca.js
2009.10.26 22:38 B C:\CBL\Website\2009CB\teamlaa.js --> ftp.tripod.com /2009CB teamlaa.js
2009.10.26 22:38 B C:\CBL\Website\2009CB\teamlan.js --> ftp.tripod.com /2009CB teamlan.js
2009.10.26 22:38 B C:\CBL\Website\2009CB\teammna.js --> ftp.tripod.com /2009CB teammna.js
2009.10.26 22:38 B C:\CBL\Website\2009CB\teamnya.js --> ftp.tripod.com /2009CB teamnya.js
2009.10.26 22:38 B C:\CBL\Website\2009CB\teamnyn.js --> ftp.tripod.com /2009CB teamnyn.js
2009.10.26 22:38 B C:\CBL\Website\2009CB\teamoaa.js --> ftp.tripod.com /2009CB teamoaa.js
2009.10.26 22:38 B C:\CBL\Website\2009CB\teamphn.js --> ftp.tripod.com /2009CB teamphn.js
2009.10.26 22:38 B C:\CBL\Website\2009CB\teampin.js --> ftp.tripod.com /2009CB teampin.js
2009.10.26 22:38 B C:\CBL\Website\2009CB\teamsdn.js --> ftp.tripod.com /2009CB teamsdn.js
2009.10.26 22:38 B C:\CBL\Website\2009CB\teamsea.js --> ftp.tripod.com /2009CB teamsea.js
2009.10.26 22:38 B C:\CBL\Website\2009CB\teamsfn.js --> ftp.tripod.com /2009CB teamsfn.js
2009.10.26 22:38 B C:\CBL\Website\2009CB\teamsln.js --> ftp.tripod.com /2009CB teamsln.js
2009.10.26 22:38 B C:\CBL\Website\2009CB\teamtoa.js --> ftp.tripod.com /2009CB teamtoa.js
2009.10.26 22:38 B C:\CBL\Website\2009CB\teamwan.js --> ftp.tripod.com /2009CB teamwan.js
2009.10.26 22:38 B C:\CBL\Website\2009CB\totals.js --> ftp.tripod.com /2009CB totals.js
2009.10.26 22:38 B C:\CBL\Website\2009CB\traded.js --> ftp.tripod.com /2009CB traded.js
2009.10.26 22:40 B C:\CBL\Website\2009CB\ALleaders.js --> ftp.tripod.com /2009CB ALleaders.js
2009.10.26 22:40 B C:\CBL\Website\2009CB\ALtotals.js --> ftp.tripod.com /2009CB ALtotals.js
2009.10.26 22:40 B C:\CBL\Website\2009CB\back.jpg --> ftp.tripod.com /2009CB back.jpg
2009.10.26 22:40 B C:\CBL\Website\2009CB\bANA.js --> ftp.tripod.com /2009CB bANA.js
2009.10.26 22:40 B C:\CBL\Website\2009CB\bATN.js --> ftp.tripod.com /2009CB bATN.js
2009.10.26 22:40 B C:\CBL\Website\2009CB\batter.gif --> ftp.tripod.com /2009CB batter.gif
2009.10.26 22:40 B C:\CBL\Website\2009CB\bBAA.js --> ftp.tripod.com /2009CB bBAA.js
2009.10.26 22:40 B C:\CBL\Website\2009CB\bBOA.js --> ftp.tripod.com /2009CB bBOA.js
2009.10.26 22:40 B C:\CBL\Website\2009CB\bCHA.js --> ftp.tripod.com /2009CB bCHA.js
2009.10.26 22:40 B C:\CBL\Website\2009CB\bCHN.js --> ftp.tripod.com /2009CB bCHN.js
2009.10.26 22:40 B C:\CBL\Website\2009CB\bCIN.js --> ftp.tripod.com /2009CB bCIN.js
2009.10.26 22:40 B C:\CBL\Website\2009CB\bCLA.js --> ftp.tripod.com /2009CB bCLA.js
2009.10.26 22:40 B C:\CBL\Website\2009CB\bDEA.js --> ftp.tripod.com /2009CB bDEA.js
2009.10.26 22:40 B C:\CBL\Website\2009CB\bHON.js --> ftp.tripod.com /2009CB bHON.js
2009.10.26 22:40 B C:\CBL\Website\2009CB\bKCA.js --> ftp.tripod.com /2009CB bKCA.js
2009.10.26 22:40 B C:\CBL\Website\2009CB\bLAA.js --> ftp.tripod.com /2009CB bLAA.js
2009.10.26 22:40 B C:\CBL\Website\2009CB\bLAN.js --> ftp.tripod.com /2009CB bLAN.js
2009.10.26 22:40 B C:\CBL\Website\2009CB\bMNA.js --> ftp.tripod.com /2009CB bMNA.js
2009.10.26 22:40 B C:\CBL\Website\2009CB\bNYA.js --> ftp.tripod.com /2009CB bNYA.js
2009.10.26 22:40 B C:\CBL\Website\2009CB\bNYN.js --> ftp.tripod.com /2009CB bNYN.js
2009.10.26 22:40 B C:\CBL\Website\2009CB\bOAA.js --> ftp.tripod.com /2009CB bOAA.js
2009.10.26 22:40 B C:\CBL\Website\2009CB\bPHN.js --> ftp.tripod.com /2009CB bPHN.js
2009.10.26 22:40 B C:\CBL\Website\2009CB\bPIN.js --> ftp.tripod.com /2009CB bPIN.js
2009.10.26 22:40 B C:\CBL\Website\2009CB\bplayer.html --> ftp.tripod.com /2009CB bplayer.html
2009.10.26 22:40 B C:\CBL\Website\2009CB\bSDN.js --> ftp.tripod.com /2009CB bSDN.js
2009.10.26 22:40 B C:\CBL\Website\2009CB\bSEA.js --> ftp.tripod.com /2009CB bSEA.js
2009.10.26 22:40 B C:\CBL\Website\2009CB\bSFN.js --> ftp.tripod.com /2009CB bSFN.js
2009.10.26 22:40 B C:\CBL\Website\2009CB\bSLN.js --> ftp.tripod.com /2009CB bSLN.js
2009.10.26 22:40 B C:\CBL\Website\2009CB\bTOA.js --> ftp.tripod.com /2009CB bTOA.js
2009.10.26 22:40 B C:\CBL\Website\2009CB\bWAN.js --> ftp.tripod.com /2009CB bWAN.js
2009.10.26 22:40 B C:\CBL\Website\2009CB\custom.js --> ftp.tripod.com /2009CB custom.js
2009.10.26 22:40 B C:\CBL\Website\2009CB\diamond.gif --> ftp.tripod.com /2009CB diamond.gif
2009.10.26 22:40 B C:\CBL\Website\2009CB\dyndata.js --> ftp.tripod.com /2009CB dyndata.js
2009.10.26 22:40 B C:\CBL\Website\2009CB\grand1.html --> ftp.tripod.com /2009CB grand1.html
2009.10.26 22:40 B C:\CBL\Website\2009CB\grand2.html --> ftp.tripod.com /2009CB grand2.html
2009.10.26 22:40 B C:\CBL\Website\2009CB\green.gif --> ftp.tripod.com /2009CB green.gif
2009.10.26 22:40 B C:\CBL\Website\2009CB\index.html --> ftp.tripod.com /2009CB index.html
2009.10.26 22:40 B C:\CBL\Website\2009CB\leaders.html --> ftp.tripod.com /2009CB leaders.html
2009.10.26 22:40 B C:\CBL\Website\2009CB\leaders.js --> ftp.tripod.com /2009CB leaders.js
2009.10.26 22:40 B C:\CBL\Website\2009CB\leaguedata.js --> ftp.tripod.com /2009CB leaguedata.js
2009.10.26 22:40 B C:\CBL\Website\2009CB\my_logo.gif --> ftp.tripod.com /2009CB my_logo.gif
2009.10.26 22:40 B C:\CBL\Website\2009CB\NLleaders.js --> ftp.tripod.com /2009CB NLleaders.js
2009.10.26 22:40 B C:\CBL\Website\2009CB\NLtotals.js --> ftp.tripod.com /2009CB NLtotals.js
2009.10.26 22:40 B C:\CBL\Website\2009CB\pANA.js --> ftp.tripod.com /2009CB pANA.js
2009.10.26 22:40 B C:\CBL\Website\2009CB\pATN.js --> ftp.tripod.com /2009CB pATN.js
2009.10.26 22:40 B C:\CBL\Website\2009CB\pBAA.js --> ftp.tripod.com /2009CB pBAA.js
2009.10.26 22:40 B C:\CBL\Website\2009CB\pBOA.js --> ftp.tripod.com /2009CB pBOA.js
2009.10.26 22:40 B C:\CBL\Website\2009CB\pCHA.js --> ftp.tripod.com /2009CB pCHA.js
2009.10.26 22:40 B C:\CBL\Website\2009CB\pCHN.js --> ftp.tripod.com /2009CB pCHN.js
2009.10.26 22:40 B C:\CBL\Website\2009CB\pCIN.js --> ftp.tripod.com /2009CB pCIN.js
2009.10.26 22:40 B C:\CBL\Website\2009CB\pCLA.js --> ftp.tripod.com /2009CB pCLA.js
2009.10.26 22:40 B C:\CBL\Website\2009CB\pDEA.js --> ftp.tripod.com /2009CB pDEA.js
2009.10.26 22:40 B C:\CBL\Website\2009CB\pHON.js --> ftp.tripod.com /2009CB pHON.js
2009.10.26 22:40 B C:\CBL\Website\2009CB\pitcher.gif --> ftp.tripod.com /2009CB pitcher.gif
2009.10.26 22:40 B C:\CBL\Website\2009CB\pixel.gif --> ftp.tripod.com /2009CB pixel.gif
2009.10.26 22:40 B C:\CBL\Website\2009CB\pKCA.js --> ftp.tripod.com /2009CB pKCA.js
2009.10.26 22:40 B C:\CBL\Website\2009CB\pLAA.js --> ftp.tripod.com /2009CB pLAA.js
2009.10.26 22:40 B C:\CBL\Website\2009CB\pLAN.js --> ftp.tripod.com /2009CB pLAN.js
2009.10.26 22:40 B C:\CBL\Website\2009CB\players.js --> ftp.tripod.com /2009CB players.js
2009.10.26 22:41 B C:\CBL\Website\2009CB\pMNA.js --> ftp.tripod.com /2009CB pMNA.js
2009.10.26 22:41 B C:\CBL\Website\2009CB\pNYA.js --> ftp.tripod.com /2009CB pNYA.js
2009.10.26 22:41 B C:\CBL\Website\2009CB\pNYN.js --> ftp.tripod.com /2009CB pNYN.js
2009.10.26 22:41 B C:\CBL\Website\2009CB\pOAA.js --> ftp.tripod.com /2009CB pOAA.js
2009.10.26 22:41 B C:\CBL\Website\2009CB\pPHN.js --> ftp.tripod.com /2009CB pPHN.js
2009.10.26 22:41 B C:\CBL\Website\2009CB\pPIN.js --> ftp.tripod.com /2009CB pPIN.js
2009.10.26 22:41 B C:\CBL\Website\2009CB\pplayer.html --> ftp.tripod.com /2009CB pplayer.html
2009.10.26 22:41 B C:\CBL\Website\2009CB\pSDN.js --> ftp.tripod.com /2009CB pSDN.js
2009.10.26 22:41 B C:\CBL\Website\2009CB\pSEA.js --> ftp.tripod.com /2009CB pSEA.js
2009.10.26 22:41 B C:\CBL\Website\2009CB\pSFN.js --> ftp.tripod.com /2009CB pSFN.js
2009.10.26 22:41 B C:\CBL\Website\2009CB\pSLN.js --> ftp.tripod.com /2009CB pSLN.js
2009.10.26 22:41 B C:\CBL\Website\2009CB\pTOA.js --> ftp.tripod.com /2009CB pTOA.js
2009.10.26 22:41 B C:\CBL\Website\2009CB\pWAN.js --> ftp.tripod.com /2009CB pWAN.js
2009.10.26 22:41 B C:\CBL\Website\2009CB\stats.css --> ftp.tripod.com /2009CB stats.css
2009.10.26 22:41 B C:\CBL\Website\2009CB\stats.js --> ftp.tripod.com /2009CB stats.js
2009.10.26 22:41 B C:\CBL\Website\2009CB\stratomatic.jpg --> ftp.tripod.com /2009CB stratomatic.jpg
2009.10.26 22:41 B C:\CBL\Website\2009CB\team.html --> ftp.tripod.com /2009CB team.html
2009.10.26 22:41 B C:\CBL\Website\2009CB\teamana.js --> ftp.tripod.com /2009CB teamana.js
2009.10.26 22:41 B C:\CBL\Website\2009CB\teamatn.js --> ftp.tripod.com /2009CB teamatn.js
2009.10.26 22:41 B C:\CBL\Website\2009CB\teambaa.js --> ftp.tripod.com /2009CB teambaa.js
2009.10.26 22:41 B C:\CBL\Website\2009CB\teamboa.js --> ftp.tripod.com /2009CB teamboa.js
2009.10.26 22:41 B C:\CBL\Website\2009CB\teamcha.js --> ftp.tripod.com /2009CB teamcha.js
2009.10.26 22:41 B C:\CBL\Website\2009CB\teamchn.js --> ftp.tripod.com /2009CB teamchn.js
2009.10.26 22:41 B C:\CBL\Website\2009CB\teamcin.js --> ftp.tripod.com /2009CB teamcin.js
2009.10.26 22:41 B C:\CBL\Website\2009CB\teamcla.js --> ftp.tripod.com /2009CB teamcla.js
2009.10.26 22:41 B C:\CBL\Website\2009CB\teamdea.js --> ftp.tripod.com /2009CB teamdea.js
2009.10.26 22:41 B C:\CBL\Website\2009CB\teamhon.js --> ftp.tripod.com /2009CB teamhon.js
2009.10.26 22:41 B C:\CBL\Website\2009CB\teamkca.js --> ftp.tripod.com /2009CB teamkca.js
2009.10.26 22:41 B C:\CBL\Website\2009CB\teamlaa.js --> ftp.tripod.com /2009CB teamlaa.js
2009.10.26 22:41 B C:\CBL\Website\2009CB\teamlan.js --> ftp.tripod.com /2009CB teamlan.js
2009.10.26 22:41 B C:\CBL\Website\2009CB\teammna.js --> ftp.tripod.com /2009CB teammna.js
2009.10.26 22:41 B C:\CBL\Website\2009CB\teamnya.js --> ftp.tripod.com /2009CB teamnya.js
2009.10.26 22:41 B C:\CBL\Website\2009CB\teamnyn.js --> ftp.tripod.com /2009CB teamnyn.js
2009.10.26 22:41 B C:\CBL\Website\2009CB\teamoaa.js --> ftp.tripod.com /2009CB teamoaa.js
2009.10.26 22:41 B C:\CBL\Website\2009CB\teamphn.js --> ftp.tripod.com /2009CB teamphn.js
2009.10.26 22:41 B C:\CBL\Website\2009CB\teampin.js --> ftp.tripod.com /2009CB teampin.js
2009.10.26 22:41 B C:\CBL\Website\2009CB\teams.js --> ftp.tripod.com /2009CB teams.js
2009.10.26 22:41 B C:\CBL\Website\2009CB\teamsdn.js --> ftp.tripod.com /2009CB teamsdn.js
2009.10.26 22:41 B C:\CBL\Website\2009CB\teamsea.js --> ftp.tripod.com /2009CB teamsea.js
2009.10.26 22:41 B C:\CBL\Website\2009CB\teamsfn.js --> ftp.tripod.com /2009CB teamsfn.js
2009.10.26 22:41 B C:\CBL\Website\2009CB\teamsln.js --> ftp.tripod.com /2009CB teamsln.js
2009.10.26 22:41 B C:\CBL\Website\2009CB\teamtoa.js --> ftp.tripod.com /2009CB teamtoa.js
2009.10.26 22:41 B C:\CBL\Website\2009CB\teamwan.js --> ftp.tripod.com /2009CB teamwan.js
2009.10.26 22:41 B C:\CBL\Website\2009CB\totals.js --> ftp.tripod.com /2009CB totals.js
2009.10.26 22:41 B C:\CBL\Website\2009CB\traded.js --> ftp.tripod.com /2009CB traded.js
2009.10.26 22:42 B C:\CBL\Website\2009CB\ALleaders.js --> ftp.tripod.com /2009CB ALleaders.js
2009.10.26 22:42 B C:\CBL\Website\2009CB\ALtotals.js --> ftp.tripod.com /2009CB ALtotals.js
2009.10.26 22:42 B C:\CBL\Website\2009CB\back.jpg --> ftp.tripod.com /2009CB back.jpg
2009.10.26 22:43 B C:\CBL\Website\2009CB\bANA.js --> ftp.tripod.com /2009CB bANA.js
2009.10.26 22:43 B C:\CBL\Website\2009CB\bATN.js --> ftp.tripod.com /2009CB bATN.js
2009.10.26 22:43 B C:\CBL\Website\2009CB\batter.gif --> ftp.tripod.com /2009CB batter.gif
2009.10.26 22:43 B C:\CBL\Website\2009CB\bBAA.js --> ftp.tripod.com /2009CB bBAA.js
2009.10.26 22:43 B C:\CBL\Website\2009CB\bBOA.js --> ftp.tripod.com /2009CB bBOA.js
2009.10.26 22:43 B C:\CBL\Website\2009CB\bCHA.js --> ftp.tripod.com /2009CB bCHA.js
2009.10.26 22:43 B C:\CBL\Website\2009CB\bCHN.js --> ftp.tripod.com /2009CB bCHN.js
2009.10.26 22:43 B C:\CBL\Website\2009CB\bCIN.js --> ftp.tripod.com /2009CB bCIN.js
2009.10.26 22:43 B C:\CBL\Website\2009CB\bCLA.js --> ftp.tripod.com /2009CB bCLA.js
2009.10.26 22:43 B C:\CBL\Website\2009CB\bDEA.js --> ftp.tripod.com /2009CB bDEA.js
2009.10.26 22:43 B C:\CBL\Website\2009CB\bHON.js --> ftp.tripod.com /2009CB bHON.js
2009.10.26 22:43 B C:\CBL\Website\2009CB\bKCA.js --> ftp.tripod.com /2009CB bKCA.js
2009.10.26 22:43 B C:\CBL\Website\2009CB\bLAA.js --> ftp.tripod.com /2009CB bLAA.js
2009.10.26 22:43 B C:\CBL\Website\2009CB\bLAN.js --> ftp.tripod.com /2009CB bLAN.js
2009.10.26 22:43 B C:\CBL\Website\2009CB\bMNA.js --> ftp.tripod.com /2009CB bMNA.js
2009.10.26 22:43 B C:\CBL\Website\2009CB\bNYA.js --> ftp.tripod.com /2009CB bNYA.js
2009.10.26 22:43 B C:\CBL\Website\2009CB\bNYN.js --> ftp.tripod.com /2009CB bNYN.js
2009.10.26 22:43 B C:\CBL\Website\2009CB\bOAA.js --> ftp.tripod.com /2009CB bOAA.js
2009.10.26 22:43 B C:\CBL\Website\2009CB\bPHN.js --> ftp.tripod.com /2009CB bPHN.js
2009.10.26 22:43 B C:\CBL\Website\2009CB\bPIN.js --> ftp.tripod.com /2009CB bPIN.js
2009.10.26 22:43 B C:\CBL\Website\2009CB\bplayer.html --> ftp.tripod.com /2009CB bplayer.html
2009.10.26 22:43 B C:\CBL\Website\2009CB\bSDN.js --> ftp.tripod.com /2009CB bSDN.js
2009.10.26 22:43 B C:\CBL\Website\2009CB\bSEA.js --> ftp.tripod.com /2009CB bSEA.js
2009.10.26 22:43 B C:\CBL\Website\2009CB\bSFN.js --> ftp.tripod.com /2009CB bSFN.js
2009.10.26 22:43 B C:\CBL\Website\2009CB\bSLN.js --> ftp.tripod.com /2009CB bSLN.js
2009.10.26 22:43 B C:\CBL\Website\2009CB\bTOA.js --> ftp.tripod.com /2009CB bTOA.js
2009.10.26 22:43 B C:\CBL\Website\2009CB\bWAN.js --> ftp.tripod.com /2009CB bWAN.js
2009.10.26 22:43 B C:\CBL\Website\2009CB\custom.js --> ftp.tripod.com /2009CB custom.js
2009.10.26 22:43 B C:\CBL\Website\2009CB\diamond.gif --> ftp.tripod.com /2009CB diamond.gif
2009.10.26 22:43 B C:\CBL\Website\2009CB\dyndata.js --> ftp.tripod.com /2009CB dyndata.js
2009.10.26 22:43 B C:\CBL\Website\2009CB\grand1.html --> ftp.tripod.com /2009CB grand1.html
2009.10.26 22:43 B C:\CBL\Website\2009CB\grand2.html --> ftp.tripod.com /2009CB grand2.html
2009.10.26 22:43 B C:\CBL\Website\2009CB\green.gif --> ftp.tripod.com /2009CB green.gif
2009.10.26 22:43 B C:\CBL\Website\2009CB\index.html --> ftp.tripod.com /2009CB index.html
2009.10.26 22:43 B C:\CBL\Website\2009CB\leaders.html --> ftp.tripod.com /2009CB leaders.html
2009.10.26 22:43 B C:\CBL\Website\2009CB\leaders.js --> ftp.tripod.com /2009CB leaders.js
2009.10.26 22:43 B C:\CBL\Website\2009CB\leaguedata.js --> ftp.tripod.com /2009CB leaguedata.js
2009.10.26 22:43 B C:\CBL\Website\2009CB\my_logo.gif --> ftp.tripod.com /2009CB my_logo.gif
2009.10.26 22:43 B C:\CBL\Website\2009CB\NLleaders.js --> ftp.tripod.com /2009CB NLleaders.js
2009.10.26 22:43 B C:\CBL\Website\2009CB\NLtotals.js --> ftp.tripod.com /2009CB NLtotals.js
2009.10.26 22:43 B C:\CBL\Website\2009CB\pANA.js --> ftp.tripod.com /2009CB pANA.js
2009.10.26 22:43 B C:\CBL\Website\2009CB\pATN.js --> ftp.tripod.com /2009CB pATN.js
2009.10.26 22:43 B C:\CBL\Website\2009CB\pBAA.js --> ftp.tripod.com /2009CB pBAA.js
2009.10.26 22:43 B C:\CBL\Website\2009CB\pBOA.js --> ftp.tripod.com /2009CB pBOA.js
2009.10.26 22:43 B C:\CBL\Website\2009CB\pCHA.js --> ftp.tripod.com /2009CB pCHA.js
2009.10.26 22:43 B C:\CBL\Website\2009CB\pCHN.js --> ftp.tripod.com /2009CB pCHN.js
2009.10.26 22:43 B C:\CBL\Website\2009CB\pCIN.js --> ftp.tripod.com /2009CB pCIN.js
2009.10.26 22:43 B C:\CBL\Website\2009CB\pCLA.js --> ftp.tripod.com /2009CB pCLA.js
2009.10.26 22:43 B C:\CBL\Website\2009CB\pDEA.js --> ftp.tripod.com /2009CB pDEA.js
2009.10.26 22:43 B C:\CBL\Website\2009CB\pHON.js --> ftp.tripod.com /2009CB pHON.js
2009.10.26 22:43 B C:\CBL\Website\2009CB\pitcher.gif --> ftp.tripod.com /2009CB pitcher.gif
2009.10.26 22:43 B C:\CBL\Website\2009CB\pixel.gif --> ftp.tripod.com /2009CB pixel.gif
2009.10.26 22:43 B C:\CBL\Website\2009CB\pKCA.js --> ftp.tripod.com /2009CB pKCA.js
2009.10.26 22:43 B C:\CBL\Website\2009CB\pLAA.js --> ftp.tripod.com /2009CB pLAA.js
2009.10.26 22:43 B C:\CBL\Website\2009CB\pLAN.js --> ftp.tripod.com /2009CB pLAN.js
2009.10.26 22:43 B C:\CBL\Website\2009CB\players.js --> ftp.tripod.com /2009CB players.js
2009.10.26 22:43 B C:\CBL\Website\2009CB\pMNA.js --> ftp.tripod.com /2009CB pMNA.js
2009.10.26 22:43 B C:\CBL\Website\2009CB\pNYA.js --> ftp.tripod.com /2009CB pNYA.js
2009.10.26 22:43 B C:\CBL\Website\2009CB\pNYN.js --> ftp.tripod.com /2009CB pNYN.js
2009.10.26 22:43 B C:\CBL\Website\2009CB\pOAA.js --> ftp.tripod.com /2009CB pOAA.js
2009.10.26 22:43 B C:\CBL\Website\2009CB\pPHN.js --> ftp.tripod.com /2009CB pPHN.js
2009.10.26 22:43 B C:\CBL\Website\2009CB\pPIN.js --> ftp.tripod.com /2009CB pPIN.js
2009.10.26 22:43 B C:\CBL\Website\2009CB\pplayer.html --> ftp.tripod.com /2009CB pplayer.html
2009.10.26 22:43 B C:\CBL\Website\2009CB\pSDN.js --> ftp.tripod.com /2009CB pSDN.js
2009.10.26 22:43 B C:\CBL\Website\2009CB\pSEA.js --> ftp.tripod.com /2009CB pSEA.js
2009.10.26 22:43 B C:\CBL\Website\2009CB\pSFN.js --> ftp.tripod.com /2009CB pSFN.js
2009.10.26 22:43 B C:\CBL\Website\2009CB\pSLN.js --> ftp.tripod.com /2009CB pSLN.js
2009.10.26 22:43 B C:\CBL\Website\2009CB\pTOA.js --> ftp.tripod.com /2009CB pTOA.js
2009.10.26 22:43 B C:\CBL\Website\2009CB\pWAN.js --> ftp.tripod.com /2009CB pWAN.js
2009.10.26 22:43 B C:\CBL\Website\2009CB\stats.css --> ftp.tripod.com /2009CB stats.css
2009.10.26 22:43 B C:\CBL\Website\2009CB\stats.js --> ftp.tripod.com /2009CB stats.js
2009.10.26 22:43 B C:\CBL\Website\2009CB\stratomatic.jpg --> ftp.tripod.com /2009CB stratomatic.jpg
2009.10.26 22:43 B C:\CBL\Website\2009CB\team.html --> ftp.tripod.com /2009CB team.html
2009.10.26 22:43 B C:\CBL\Website\2009CB\teamana.js --> ftp.tripod.com /2009CB teamana.js
2009.10.26 22:43 B C:\CBL\Website\2009CB\teamatn.js --> ftp.tripod.com /2009CB teamatn.js
2009.10.26 22:43 B C:\CBL\Website\2009CB\teambaa.js --> ftp.tripod.com /2009CB teambaa.js
2009.10.26 22:43 B C:\CBL\Website\2009CB\teamboa.js --> ftp.tripod.com /2009CB teamboa.js
2009.10.26 22:43 B C:\CBL\Website\2009CB\teamcha.js --> ftp.tripod.com /2009CB teamcha.js
2009.10.26 22:43 B C:\CBL\Website\2009CB\teamchn.js --> ftp.tripod.com /2009CB teamchn.js
2009.10.26 22:43 B C:\CBL\Website\2009CB\teamcin.js --> ftp.tripod.com /2009CB teamcin.js
2009.10.26 22:43 B C:\CBL\Website\2009CB\teamcla.js --> ftp.tripod.com /2009CB teamcla.js
2009.10.26 22:43 B C:\CBL\Website\2009CB\teamdea.js --> ftp.tripod.com /2009CB teamdea.js
2009.10.26 22:43 B C:\CBL\Website\2009CB\teamhon.js --> ftp.tripod.com /2009CB teamhon.js
2009.10.26 22:43 B C:\CBL\Website\2009CB\teamkca.js --> ftp.tripod.com /2009CB teamkca.js
2009.10.26 22:43 B C:\CBL\Website\2009CB\teamlaa.js --> ftp.tripod.com /2009CB teamlaa.js
2009.10.26 22:43 B C:\CBL\Website\2009CB\teamlan.js --> ftp.tripod.com /2009CB teamlan.js
2009.10.26 22:43 B C:\CBL\Website\2009CB\teammna.js --> ftp.tripod.com /2009CB teammna.js
2009.10.26 22:43 B C:\CBL\Website\2009CB\teamnya.js --> ftp.tripod.com /2009CB teamnya.js
2009.10.26 22:43 B C:\CBL\Website\2009CB\teamnyn.js --> ftp.tripod.com /2009CB teamnyn.js
2009.10.26 22:43 B C:\CBL\Website\2009CB\teamoaa.js --> ftp.tripod.com /2009CB teamoaa.js
2009.10.26 22:43 B C:\CBL\Website\2009CB\teamphn.js --> ftp.tripod.com /2009CB teamphn.js
2009.10.26 22:43 B C:\CBL\Website\2009CB\teampin.js --> ftp.tripod.com /2009CB teampin.js
2009.10.26 22:44 B C:\CBL\Website\2009CB\teams.js --> ftp.tripod.com /2009CB teams.js
2009.10.26 22:44 B C:\CBL\Website\2009CB\teamsdn.js --> ftp.tripod.com /2009CB teamsdn.js
2009.10.26 22:44 B C:\CBL\Website\2009CB\teamsea.js --> ftp.tripod.com /2009CB teamsea.js
2009.10.26 22:44 B C:\CBL\Website\2009CB\teamsfn.js --> ftp.tripod.com /2009CB teamsfn.js
2009.10.26 22:44 B C:\CBL\Website\2009CB\teamsln.js --> ftp.tripod.com /2009CB teamsln.js
2009.10.26 22:44 B C:\CBL\Website\2009CB\teamtoa.js --> ftp.tripod.com /2009CB teamtoa.js
2009.10.26 22:44 B C:\CBL\Website\2009CB\teamwan.js --> ftp.tripod.com /2009CB teamwan.js
2009.10.26 22:44 B C:\CBL\Website\2009CB\totals.js --> ftp.tripod.com /2009CB totals.js
2009.10.26 22:44 B C:\CBL\Website\2009CB\traded.js --> ftp.tripod.com /2009CB traded.js
2010.04.30 14:43 B C:\CBL\Website\2010CB\ALleaders.js --> ftp.tripod.com /2010CB ALleaders.js
2010.04.30 14:43 B C:\CBL\Website\2010CB\ALtotals.js --> ftp.tripod.com /2010CB ALtotals.js
2010.04.30 14:43 B C:\CBL\Website\2010CB\back.jpg --> ftp.tripod.com /2010CB back.jpg
2010.04.30 14:43 B C:\CBL\Website\2010CB\bANA.js --> ftp.tripod.com /2010CB bANA.js
2010.04.30 14:43 B C:\CBL\Website\2010CB\bATN.js --> ftp.tripod.com /2010CB bATN.js
2010.04.30 14:43 B C:\CBL\Website\2010CB\batter.gif --> ftp.tripod.com /2010CB batter.gif
2010.04.30 14:43 B C:\CBL\Website\2010CB\bBAA.js --> ftp.tripod.com /2010CB bBAA.js
2010.04.30 14:43 B C:\CBL\Website\2010CB\bBOA.js --> ftp.tripod.com /2010CB bBOA.js
2010.04.30 14:43 B C:\CBL\Website\2010CB\bCHA.js --> ftp.tripod.com /2010CB bCHA.js
2010.04.30 14:43 B C:\CBL\Website\2010CB\bCHN.js --> ftp.tripod.com /2010CB bCHN.js
2010.04.30 14:43 B C:\CBL\Website\2010CB\bCIN.js --> ftp.tripod.com /2010CB bCIN.js
2010.04.30 14:43 B C:\CBL\Website\2010CB\bCLA.js --> ftp.tripod.com /2010CB bCLA.js
2010.04.30 14:43 B C:\CBL\Website\2010CB\bDEA.js --> ftp.tripod.com /2010CB bDEA.js
2010.04.30 14:43 B C:\CBL\Website\2010CB\bHON.js --> ftp.tripod.com /2010CB bHON.js
2010.04.30 14:43 B C:\CBL\Website\2010CB\bKCA.js --> ftp.tripod.com /2010CB bKCA.js
2010.04.30 14:43 B C:\CBL\Website\2010CB\bLAA.js --> ftp.tripod.com /2010CB bLAA.js
2010.04.30 14:43 B C:\CBL\Website\2010CB\bLAN.js --> ftp.tripod.com /2010CB bLAN.js
2010.04.30 14:43 B C:\CBL\Website\2010CB\bMNA.js --> ftp.tripod.com /2010CB bMNA.js
2010.04.30 14:43 B C:\CBL\Website\2010CB\bNYA.js --> ftp.tripod.com /2010CB bNYA.js
2010.04.30 14:43 B C:\CBL\Website\2010CB\bNYN.js --> ftp.tripod.com /2010CB bNYN.js
2010.04.30 14:43 B C:\CBL\Website\2010CB\bOAA.js --> ftp.tripod.com /2010CB bOAA.js
2010.04.30 14:43 B C:\CBL\Website\2010CB\bPHN.js --> ftp.tripod.com /2010CB bPHN.js
2010.04.30 14:43 B C:\CBL\Website\2010CB\bPIN.js --> ftp.tripod.com /2010CB bPIN.js
2010.04.30 14:43 B C:\CBL\Website\2010CB\bplayer.html --> ftp.tripod.com /2010CB bplayer.html
2010.04.30 14:43 B C:\CBL\Website\2010CB\bSDN.js --> ftp.tripod.com /2010CB bSDN.js
2010.04.30 14:43 B C:\CBL\Website\2010CB\bSEA.js --> ftp.tripod.com /2010CB bSEA.js
2010.04.30 14:43 B C:\CBL\Website\2010CB\bSFN.js --> ftp.tripod.com /2010CB bSFN.js
2010.04.30 14:43 B C:\CBL\Website\2010CB\bSLN.js --> ftp.tripod.com /2010CB bSLN.js
2010.04.30 14:43 B C:\CBL\Website\2010CB\bTOA.js --> ftp.tripod.com /2010CB bTOA.js
2010.04.30 14:43 B C:\CBL\Website\2010CB\bWAN.js --> ftp.tripod.com /2010CB bWAN.js
2010.04.30 14:43 B C:\CBL\Website\2010CB\custom.js --> ftp.tripod.com /2010CB custom.js
2010.04.30 14:43 B C:\CBL\Website\2010CB\diamond.gif --> ftp.tripod.com /2010CB diamond.gif
2010.04.30 14:43 B C:\CBL\Website\2010CB\dyndata.js --> ftp.tripod.com /2010CB dyndata.js
2010.04.30 14:43 B C:\CBL\Website\2010CB\grand1.html --> ftp.tripod.com /2010CB grand1.html
2010.04.30 14:43 B C:\CBL\Website\2010CB\grand2.html --> ftp.tripod.com /2010CB grand2.html
2010.04.30 14:43 B C:\CBL\Website\2010CB\green.gif --> ftp.tripod.com /2010CB green.gif
2010.04.30 14:43 B C:\CBL\Website\2010CB\index.html --> ftp.tripod.com /2010CB index.html
2010.04.30 14:43 B C:\CBL\Website\2010CB\leaders.html --> ftp.tripod.com /2010CB leaders.html
2010.04.30 14:43 B C:\CBL\Website\2010CB\leaders.js --> ftp.tripod.com /2010CB leaders.js
2010.04.30 14:43 B C:\CBL\Website\2010CB\leaguedata.js --> ftp.tripod.com /2010CB leaguedata.js
2010.04.30 14:43 B C:\CBL\Website\2010CB\my_logo.gif --> ftp.tripod.com /2010CB my_logo.gif
2010.04.30 14:43 B C:\CBL\Website\2010CB\NLleaders.js --> ftp.tripod.com /2010CB NLleaders.js
2010.04.30 14:43 B C:\CBL\Website\2010CB\NLtotals.js --> ftp.tripod.com /2010CB NLtotals.js
2010.04.30 14:43 B C:\CBL\Website\2010CB\pANA.js --> ftp.tripod.com /2010CB pANA.js
2010.04.30 14:43 B C:\CBL\Website\2010CB\pATN.js --> ftp.tripod.com /2010CB pATN.js
2010.04.30 14:43 B C:\CBL\Website\2010CB\pBAA.js --> ftp.tripod.com /2010CB pBAA.js
2010.04.30 14:43 B C:\CBL\Website\2010CB\pBOA.js --> ftp.tripod.com /2010CB pBOA.js
2010.04.30 14:43 B C:\CBL\Website\2010CB\pCHA.js --> ftp.tripod.com /2010CB pCHA.js
2010.04.30 14:43 B C:\CBL\Website\2010CB\pCHN.js --> ftp.tripod.com /2010CB pCHN.js
2010.04.30 14:43 B C:\CBL\Website\2010CB\pCIN.js --> ftp.tripod.com /2010CB pCIN.js
2010.04.30 14:43 B C:\CBL\Website\2010CB\pCLA.js --> ftp.tripod.com /2010CB pCLA.js
2010.04.30 14:43 B C:\CBL\Website\2010CB\pDEA.js --> ftp.tripod.com /2010CB pDEA.js
2010.04.30 14:43 B C:\CBL\Website\2010CB\pHON.js --> ftp.tripod.com /2010CB pHON.js
2010.04.30 14:43 B C:\CBL\Website\2010CB\pitcher.gif --> ftp.tripod.com /2010CB pitcher.gif
2010.04.30 14:43 B C:\CBL\Website\2010CB\pixel.gif --> ftp.tripod.com /2010CB pixel.gif
2010.04.30 14:43 B C:\CBL\Website\2010CB\pKCA.js --> ftp.tripod.com /2010CB pKCA.js
2010.04.30 14:43 B C:\CBL\Website\2010CB\pLAA.js --> ftp.tripod.com /2010CB pLAA.js
2010.04.30 14:43 B C:\CBL\Website\2010CB\pLAN.js --> ftp.tripod.com /2010CB pLAN.js
2010.04.30 14:43 B C:\CBL\Website\2010CB\players.js --> ftp.tripod.com /2010CB players.js
2010.04.30 14:43 B C:\CBL\Website\2010CB\pMNA.js --> ftp.tripod.com /2010CB pMNA.js
2010.04.30 14:43 B C:\CBL\Website\2010CB\pNYA.js --> ftp.tripod.com /2010CB pNYA.js
2010.04.30 14:44 B C:\CBL\Website\2010CB\pNYN.js --> ftp.tripod.com /2010CB pNYN.js
2010.04.30 14:44 B C:\CBL\Website\2010CB\pOAA.js --> ftp.tripod.com /2010CB pOAA.js
2010.04.30 14:44 B C:\CBL\Website\2010CB\pPHN.js --> ftp.tripod.com /2010CB pPHN.js
2010.04.30 14:44 B C:\CBL\Website\2010CB\pPIN.js --> ftp.tripod.com /2010CB pPIN.js
2010.04.30 14:44 B C:\CBL\Website\2010CB\pplayer.html --> ftp.tripod.com /2010CB pplayer.html
2010.04.30 14:44 B C:\CBL\Website\2010CB\pSDN.js --> ftp.tripod.com /2010CB pSDN.js
2010.04.30 14:44 B C:\CBL\Website\2010CB\pSEA.js --> ftp.tripod.com /2010CB pSEA.js
2010.04.30 14:44 B C:\CBL\Website\2010CB\pSFN.js --> ftp.tripod.com /2010CB pSFN.js
2010.04.30 14:44 B C:\CBL\Website\2010CB\pSLN.js --> ftp.tripod.com /2010CB pSLN.js
2010.04.30 14:44 B C:\CBL\Website\2010CB\pTOA.js --> ftp.tripod.com /2010CB pTOA.js
2010.04.30 14:44 B C:\CBL\Website\2010CB\pWAN.js --> ftp.tripod.com /2010CB pWAN.js
2010.04.30 14:44 B C:\CBL\Website\2010CB\stats.css --> ftp.tripod.com /2010CB stats.css
2010.04.30 14:44 B C:\CBL\Website\2010CB\stats.js --> ftp.tripod.com /2010CB stats.js
2010.04.30 14:44 B C:\CBL\Website\2010CB\stratomatic.jpg --> ftp.tripod.com /2010CB stratomatic.jpg
2010.04.30 14:44 B C:\CBL\Website\2010CB\team.html --> ftp.tripod.com /2010CB team.html
2010.04.30 14:44 B C:\CBL\Website\2010CB\teamana.js --> ftp.tripod.com /2010CB teamana.js
2010.04.30 14:44 B C:\CBL\Website\2010CB\teamatn.js --> ftp.tripod.com /2010CB teamatn.js
2010.04.30 14:44 B C:\CBL\Website\2010CB\teambaa.js --> ftp.tripod.com /2010CB teambaa.js
2010.04.30 14:44 B C:\CBL\Website\2010CB\teamboa.js --> ftp.tripod.com /2010CB teamboa.js
2010.04.30 14:44 B C:\CBL\Website\2010CB\teamcha.js --> ftp.tripod.com /2010CB teamcha.js
2010.04.30 14:44 B C:\CBL\Website\2010CB\teamchn.js --> ftp.tripod.com /2010CB teamchn.js
2010.04.30 14:44 B C:\CBL\Website\2010CB\teamcin.js --> ftp.tripod.com /2010CB teamcin.js
2010.04.30 14:44 B C:\CBL\Website\2010CB\teamcla.js --> ftp.tripod.com /2010CB teamcla.js
2010.04.30 14:44 B C:\CBL\Website\2010CB\teamdea.js --> ftp.tripod.com /2010CB teamdea.js
2010.04.30 14:44 B C:\CBL\Website\2010CB\teamhon.js --> ftp.tripod.com /2010CB teamhon.js
2010.04.30 14:44 B C:\CBL\Website\2010CB\teamkca.js --> ftp.tripod.com /2010CB teamkca.js
2010.04.30 14:44 B C:\CBL\Website\2010CB\teamlaa.js --> ftp.tripod.com /2010CB teamlaa.js
2010.04.30 14:44 B C:\CBL\Website\2010CB\teamlan.js --> ftp.tripod.com /2010CB teamlan.js
2010.04.30 14:44 B C:\CBL\Website\2010CB\teammna.js --> ftp.tripod.com /2010CB teammna.js
2010.04.30 14:44 B C:\CBL\Website\2010CB\teamnya.js --> ftp.tripod.com /2010CB teamnya.js
2010.04.30 14:44 B C:\CBL\Website\2010CB\teamnyn.js --> ftp.tripod.com /2010CB teamnyn.js
2010.04.30 14:44 B C:\CBL\Website\2010CB\teamoaa.js --> ftp.tripod.com /2010CB teamoaa.js
2010.04.30 14:44 B C:\CBL\Website\2010CB\teamphn.js --> ftp.tripod.com /2010CB teamphn.js
2010.04.30 14:44 B C:\CBL\Website\2010CB\teampin.js --> ftp.tripod.com /2010CB teampin.js
2010.04.30 14:44 B C:\CBL\Website\2010CB\teams.js --> ftp.tripod.com /2010CB teams.js
2010.04.30 14:44 B C:\CBL\Website\2010CB\teamsdn.js --> ftp.tripod.com /2010CB teamsdn.js
2010.04.30 14:44 B C:\CBL\Website\2010CB\teamsea.js --> ftp.tripod.com /2010CB teamsea.js
2010.04.30 14:44 B C:\CBL\Website\2010CB\teamsfn.js --> ftp.tripod.com /2010CB teamsfn.js
2010.04.30 14:44 B C:\CBL\Website\2010CB\teamsln.js --> ftp.tripod.com /2010CB teamsln.js
2010.04.30 14:44 B C:\CBL\Website\2010CB\teamtoa.js --> ftp.tripod.com /2010CB teamtoa.js
2010.04.30 14:44 B C:\CBL\Website\2010CB\teamwan.js --> ftp.tripod.com /2010CB teamwan.js
2010.04.30 14:44 B C:\CBL\Website\2010CB\totals.js --> ftp.tripod.com /2010CB totals.js
2010.04.30 14:44 B C:\CBL\Website\2010CB\traded.js --> ftp.tripod.com /2010CB traded.js
2010.04.30 14:44 B C:\CBL\Website\2010CB\WS_FTP.LOG --> ftp.tripod.com /2010CB WS_FTP.LOG
2010.05.25 07:44 B C:\CBL\Website\2010CB\ALleaders.js --> ftp.tripod.com /2010CB ALleaders.js
2010.05.25 07:44 B C:\CBL\Website\2010CB\ALtotals.js --> ftp.tripod.com /2010CB ALtotals.js
2010.05.25 07:44 B C:\CBL\Website\2010CB\bATN.js --> ftp.tripod.com /2010CB bATN.js
2010.05.25 07:44 B C:\CBL\Website\2010CB\bBAA.js --> ftp.tripod.com /2010CB bBAA.js
2010.05.25 07:44 B C:\CBL\Website\2010CB\bBOA.js --> ftp.tripod.com /2010CB bBOA.js
2010.05.25 07:44 B C:\CBL\Website\2010CB\bCHA.js --> ftp.tripod.com /2010CB bCHA.js
2010.05.25 07:44 B C:\CBL\Website\2010CB\bCHN.js --> ftp.tripod.com /2010CB bCHN.js
2010.05.25 07:44 B C:\CBL\Website\2010CB\bCIN.js --> ftp.tripod.com /2010CB bCIN.js
2010.05.25 07:44 B C:\CBL\Website\2010CB\bCLA.js --> ftp.tripod.com /2010CB bCLA.js
2010.05.25 07:44 B C:\CBL\Website\2010CB\bDEA.js --> ftp.tripod.com /2010CB bDEA.js
2010.05.25 07:44 B C:\CBL\Website\2010CB\bHON.js --> ftp.tripod.com /2010CB bHON.js
2010.05.25 07:44 B C:\CBL\Website\2010CB\bKCA.js --> ftp.tripod.com /2010CB bKCA.js
2010.05.25 07:44 B C:\CBL\Website\2010CB\bLAA.js --> ftp.tripod.com /2010CB bLAA.js
2010.05.25 07:44 B C:\CBL\Website\2010CB\bLAN.js --> ftp.tripod.com /2010CB bLAN.js
2010.05.25 07:44 B C:\CBL\Website\2010CB\bMNA.js --> ftp.tripod.com /2010CB bMNA.js
2010.05.25 07:44 B C:\CBL\Website\2010CB\bNYA.js --> ftp.tripod.com /2010CB bNYA.js
2010.05.25 07:44 B C:\CBL\Website\2010CB\bNYN.js --> ftp.tripod.com /2010CB bNYN.js
2010.05.25 07:44 B C:\CBL\Website\2010CB\bOAA.js --> ftp.tripod.com /2010CB bOAA.js
2010.05.25 07:44 B C:\CBL\Website\2010CB\bPHN.js --> ftp.tripod.com /2010CB bPHN.js
2010.05.25 07:44 B C:\CBL\Website\2010CB\bPIN.js --> ftp.tripod.com /2010CB bPIN.js
2010.05.25 07:44 B C:\CBL\Website\2010CB\bSDN.js --> ftp.tripod.com /2010CB bSDN.js
2010.05.25 07:44 B C:\CBL\Website\2010CB\bSEA.js --> ftp.tripod.com /2010CB bSEA.js
2010.05.25 07:44 B C:\CBL\Website\2010CB\bSFN.js --> ftp.tripod.com /2010CB bSFN.js
2010.05.25 07:44 B C:\CBL\Website\2010CB\bSLN.js --> ftp.tripod.com /2010CB bSLN.js
2010.05.25 07:44 B C:\CBL\Website\2010CB\bTOA.js --> ftp.tripod.com /2010CB bTOA.js
2010.05.25 07:44 B C:\CBL\Website\2010CB\bWAN.js --> ftp.tripod.com /2010CB bWAN.js
2010.05.25 07:44 B C:\CBL\Website\2010CB\leaders.js --> ftp.tripod.com /2010CB leaders.js
2010.05.25 07:44 B C:\CBL\Website\2010CB\leaguedata.js --> ftp.tripod.com /2010CB leaguedata.js
2010.05.25 07:44 B C:\CBL\Website\2010CB\NLleaders.js --> ftp.tripod.com /2010CB NLleaders.js
2010.05.25 07:44 B C:\CBL\Website\2010CB\NLtotals.js --> ftp.tripod.com /2010CB NLtotals.js
2010.05.25 07:44 B C:\CBL\Website\2010CB\pATN.js --> ftp.tripod.com /2010CB pATN.js
2010.05.25 07:44 B C:\CBL\Website\2010CB\pBAA.js --> ftp.tripod.com /2010CB pBAA.js
2010.05.25 07:44 B C:\CBL\Website\2010CB\pBOA.js --> ftp.tripod.com /2010CB pBOA.js
2010.05.25 07:44 B C:\CBL\Website\2010CB\pCHA.js --> ftp.tripod.com /2010CB pCHA.js
2010.05.25 07:44 B C:\CBL\Website\2010CB\pCHN.js --> ftp.tripod.com /2010CB pCHN.js
2010.05.25 07:44 B C:\CBL\Website\2010CB\pCIN.js --> ftp.tripod.com /2010CB pCIN.js
2010.05.25 07:44 B C:\CBL\Website\2010CB\pCLA.js --> ftp.tripod.com /2010CB pCLA.js
2010.05.25 07:44 B C:\CBL\Website\2010CB\pDEA.js --> ftp.tripod.com /2010CB pDEA.js
2010.05.25 07:44 B C:\CBL\Website\2010CB\pHON.js --> ftp.tripod.com /2010CB pHON.js
2010.05.25 07:44 B C:\CBL\Website\2010CB\pKCA.js --> ftp.tripod.com /2010CB pKCA.js
2010.05.25 07:44 B C:\CBL\Website\2010CB\pLAA.js --> ftp.tripod.com /2010CB pLAA.js
2010.05.25 07:44 B C:\CBL\Website\2010CB\pLAN.js --> ftp.tripod.com /2010CB pLAN.js
2010.05.25 07:44 B C:\CBL\Website\2010CB\pMNA.js --> ftp.tripod.com /2010CB pMNA.js
2010.05.25 07:44 B C:\CBL\Website\2010CB\pNYA.js --> ftp.tripod.com /2010CB pNYA.js
2010.05.25 07:44 B C:\CBL\Website\2010CB\pNYN.js --> ftp.tripod.com /2010CB pNYN.js
2010.05.25 07:44 B C:\CBL\Website\2010CB\pOAA.js --> ftp.tripod.com /2010CB pOAA.js
2010.05.25 07:44 B C:\CBL\Website\2010CB\pPHN.js --> ftp.tripod.com /2010CB pPHN.js
2010.05.25 07:44 B C:\CBL\Website\2010CB\pPIN.js --> ftp.tripod.com /2010CB pPIN.js
2010.05.25 07:44 B C:\CBL\Website\2010CB\pSDN.js --> ftp.tripod.com /2010CB pSDN.js
2010.05.25 07:44 B C:\CBL\Website\2010CB\pSEA.js --> ftp.tripod.com /2010CB pSEA.js
2010.05.25 07:44 B C:\CBL\Website\2010CB\pSFN.js --> ftp.tripod.com /2010CB pSFN.js
2010.05.25 07:44 B C:\CBL\Website\2010CB\pSLN.js --> ftp.tripod.com /2010CB pSLN.js
2010.05.25 07:44 B C:\CBL\Website\2010CB\pTOA.js --> ftp.tripod.com /2010CB pTOA.js
2010.05.25 07:44 B C:\CBL\Website\2010CB\pWAN.js --> ftp.tripod.com /2010CB pWAN.js
2010.05.25 07:44 B C:\CBL\Website\2010CB\teamatn.js --> ftp.tripod.com /2010CB teamatn.js
2010.05.25 07:44 B C:\CBL\Website\2010CB\teambaa.js --> ftp.tripod.com /2010CB teambaa.js
2010.05.25 07:44 B C:\CBL\Website\2010CB\teamboa.js --> ftp.tripod.com /2010CB teamboa.js
2010.05.25 07:44 B C:\CBL\Website\2010CB\teamcha.js --> ftp.tripod.com /2010CB teamcha.js
2010.05.25 07:44 B C:\CBL\Website\2010CB\teamchn.js --> ftp.tripod.com /2010CB teamchn.js
2010.05.25 07:44 B C:\CBL\Website\2010CB\teamcin.js --> ftp.tripod.com /2010CB teamcin.js
2010.05.25 07:44 B C:\CBL\Website\2010CB\teamcla.js --> ftp.tripod.com /2010CB teamcla.js
2010.05.25 07:44 B C:\CBL\Website\2010CB\teamdea.js --> ftp.tripod.com /2010CB teamdea.js
2010.05.25 07:44 B C:\CBL\Website\2010CB\teamhon.js --> ftp.tripod.com /2010CB teamhon.js
2010.05.25 07:44 B C:\CBL\Website\2010CB\teamkca.js --> ftp.tripod.com /2010CB teamkca.js
2010.05.25 07:44 B C:\CBL\Website\2010CB\teamlaa.js --> ftp.tripod.com /2010CB teamlaa.js
2010.05.25 07:44 B C:\CBL\Website\2010CB\teamlan.js --> ftp.tripod.com /2010CB teamlan.js
2010.05.25 07:44 B C:\CBL\Website\2010CB\teammna.js --> ftp.tripod.com /2010CB teammna.js
2010.05.25 07:44 B C:\CBL\Website\2010CB\teamnya.js --> ftp.tripod.com /2010CB teamnya.js
2010.05.25 07:44 B C:\CBL\Website\2010CB\teamnyn.js --> ftp.tripod.com /2010CB teamnyn.js
2010.05.25 07:44 B C:\CBL\Website\2010CB\teamoaa.js --> ftp.tripod.com /2010CB teamoaa.js
2010.05.25 07:44 B C:\CBL\Website\2010CB\teamphn.js --> ftp.tripod.com /2010CB teamphn.js
2010.05.25 07:44 B C:\CBL\Website\2010CB\teampin.js --> ftp.tripod.com /2010CB teampin.js
2010.05.25 07:44 B C:\CBL\Website\2010CB\teamsdn.js --> ftp.tripod.com /2010CB teamsdn.js
2010.05.25 07:44 B C:\CBL\Website\2010CB\teamsea.js --> ftp.tripod.com /2010CB teamsea.js
2010.05.25 07:44 B C:\CBL\Website\2010CB\teamsfn.js --> ftp.tripod.com /2010CB teamsfn.js
2010.05.25 07:44 B C:\CBL\Website\2010CB\teamsln.js --> ftp.tripod.com /2010CB teamsln.js
2010.05.25 07:44 B C:\CBL\Website\2010CB\teamtoa.js --> ftp.tripod.com /2010CB teamtoa.js
2010.05.25 07:44 B C:\CBL\Website\2010CB\teamwan.js --> ftp.tripod.com /2010CB teamwan.js
2010.05.25 07:44 B C:\CBL\Website\2010CB\totals.js --> ftp.tripod.com /2010CB totals.js
2010.05.25 07:44 B C:\CBL\Website\2010CB\traded.js --> ftp.tripod.com /2010CB traded.js
2010.06.28 18:38 B C:\CBL\Website\2010CB\ALleaders.js --> ftp.tripod.com /2010CB ALleaders.js
2010.06.28 18:38 B C:\CBL\Website\2010CB\ALtotals.js --> ftp.tripod.com /2010CB ALtotals.js
2010.06.28 18:38 B C:\CBL\Website\2010CB\bATN.js --> ftp.tripod.com /2010CB bATN.js
2010.06.28 18:38 B C:\CBL\Website\2010CB\bBAA.js --> ftp.tripod.com /2010CB bBAA.js
2010.06.28 18:38 B C:\CBL\Website\2010CB\bBOA.js --> ftp.tripod.com /2010CB bBOA.js
2010.06.28 18:38 B C:\CBL\Website\2010CB\bCHA.js --> ftp.tripod.com /2010CB bCHA.js
2010.06.28 18:38 B C:\CBL\Website\2010CB\bCHN.js --> ftp.tripod.com /2010CB bCHN.js
2010.06.28 18:38 B C:\CBL\Website\2010CB\bCIN.js --> ftp.tripod.com /2010CB bCIN.js
2010.06.28 18:38 B C:\CBL\Website\2010CB\bCLA.js --> ftp.tripod.com /2010CB bCLA.js
2010.06.28 18:38 B C:\CBL\Website\2010CB\bDEA.js --> ftp.tripod.com /2010CB bDEA.js
2010.06.28 18:38 B C:\CBL\Website\2010CB\bHON.js --> ftp.tripod.com /2010CB bHON.js
2010.06.28 18:38 B C:\CBL\Website\2010CB\bKCA.js --> ftp.tripod.com /2010CB bKCA.js
2010.06.28 18:38 B C:\CBL\Website\2010CB\bLAA.js --> ftp.tripod.com /2010CB bLAA.js
2010.06.28 18:38 B C:\CBL\Website\2010CB\bLAN.js --> ftp.tripod.com /2010CB bLAN.js
2010.06.28 18:38 B C:\CBL\Website\2010CB\bMNA.js --> ftp.tripod.com /2010CB bMNA.js
2010.06.28 18:38 B C:\CBL\Website\2010CB\bNYA.js --> ftp.tripod.com /2010CB bNYA.js
2010.06.28 18:38 B C:\CBL\Website\2010CB\bNYN.js --> ftp.tripod.com /2010CB bNYN.js
2010.06.28 18:38 B C:\CBL\Website\2010CB\bOAA.js --> ftp.tripod.com /2010CB bOAA.js
2010.06.28 18:38 B C:\CBL\Website\2010CB\bPHN.js --> ftp.tripod.com /2010CB bPHN.js
2010.06.28 18:38 B C:\CBL\Website\2010CB\bPIN.js --> ftp.tripod.com /2010CB bPIN.js
2010.06.28 18:38 B C:\CBL\Website\2010CB\bSDN.js --> ftp.tripod.com /2010CB bSDN.js
2010.06.28 18:38 B C:\CBL\Website\2010CB\bSEA.js --> ftp.tripod.com /2010CB bSEA.js
2010.06.28 18:38 B C:\CBL\Website\2010CB\bSFN.js --> ftp.tripod.com /2010CB bSFN.js
2010.06.28 18:38 B C:\CBL\Website\2010CB\bSLN.js --> ftp.tripod.com /2010CB bSLN.js
2010.06.28 18:38 B C:\CBL\Website\2010CB\bTOA.js --> ftp.tripod.com /2010CB bTOA.js
2010.06.28 18:38 B C:\CBL\Website\2010CB\bWAN.js --> ftp.tripod.com /2010CB bWAN.js
2010.06.28 18:38 B C:\CBL\Website\2010CB\leaders.js --> ftp.tripod.com /2010CB leaders.js
2010.06.28 18:38 B C:\CBL\Website\2010CB\leaguedata.js --> ftp.tripod.com /2010CB leaguedata.js
2010.06.28 18:38 B C:\CBL\Website\2010CB\NLleaders.js --> ftp.tripod.com /2010CB NLleaders.js
2010.06.28 18:38 B C:\CBL\Website\2010CB\NLtotals.js --> ftp.tripod.com /2010CB NLtotals.js
2010.06.28 18:38 B C:\CBL\Website\2010CB\pATN.js --> ftp.tripod.com /2010CB pATN.js
2010.06.28 18:38 B C:\CBL\Website\2010CB\pBAA.js --> ftp.tripod.com /2010CB pBAA.js
2010.06.28 18:38 B C:\CBL\Website\2010CB\pBOA.js --> ftp.tripod.com /2010CB pBOA.js
2010.06.28 18:39 B C:\CBL\Website\2010CB\pCHA.js --> ftp.tripod.com /2010CB pCHA.js
2010.06.28 18:39 B C:\CBL\Website\2010CB\pCHN.js --> ftp.tripod.com /2010CB pCHN.js
2010.06.28 18:39 B C:\CBL\Website\2010CB\pCIN.js --> ftp.tripod.com /2010CB pCIN.js
2010.06.28 18:39 B C:\CBL\Website\2010CB\pCLA.js --> ftp.tripod.com /2010CB pCLA.js
2010.06.28 18:39 B C:\CBL\Website\2010CB\pDEA.js --> ftp.tripod.com /2010CB pDEA.js
2010.06.28 18:39 B C:\CBL\Website\2010CB\pHON.js --> ftp.tripod.com /2010CB pHON.js
2010.06.28 18:39 B C:\CBL\Website\2010CB\pKCA.js --> ftp.tripod.com /2010CB pKCA.js
2010.06.28 18:39 B C:\CBL\Website\2010CB\pLAA.js --> ftp.tripod.com /2010CB pLAA.js
2010.06.28 18:39 B C:\CBL\Website\2010CB\pLAN.js --> ftp.tripod.com /2010CB pLAN.js
2010.06.28 18:39 B C:\CBL\Website\2010CB\pMNA.js --> ftp.tripod.com /2010CB pMNA.js
2010.06.28 18:39 B C:\CBL\Website\2010CB\pNYA.js --> ftp.tripod.com /2010CB pNYA.js
2010.06.28 18:39 B C:\CBL\Website\2010CB\pNYN.js --> ftp.tripod.com /2010CB pNYN.js
2010.06.28 18:39 B C:\CBL\Website\2010CB\pOAA.js --> ftp.tripod.com /2010CB pOAA.js
2010.06.28 18:39 B C:\CBL\Website\2010CB\pPHN.js --> ftp.tripod.com /2010CB pPHN.js
2010.06.28 18:39 B C:\CBL\Website\2010CB\pPIN.js --> ftp.tripod.com /2010CB pPIN.js
2010.06.28 18:39 B C:\CBL\Website\2010CB\pSDN.js --> ftp.tripod.com /2010CB pSDN.js
2010.06.28 18:39 B C:\CBL\Website\2010CB\pSEA.js --> ftp.tripod.com /2010CB pSEA.js
2010.06.28 18:39 B C:\CBL\Website\2010CB\pSFN.js --> ftp.tripod.com /2010CB pSFN.js
2010.06.28 18:39 B C:\CBL\Website\2010CB\pSLN.js --> ftp.tripod.com /2010CB pSLN.js
2010.06.28 18:39 B C:\CBL\Website\2010CB\pTOA.js --> ftp.tripod.com /2010CB pTOA.js
2010.06.28 18:39 B C:\CBL\Website\2010CB\pWAN.js --> ftp.tripod.com /2010CB pWAN.js
2010.06.28 18:39 B C:\CBL\Website\2010CB\teamatn.js --> ftp.tripod.com /2010CB teamatn.js
2010.06.28 18:39 B C:\CBL\Website\2010CB\teambaa.js --> ftp.tripod.com /2010CB teambaa.js
2010.06.28 18:39 B C:\CBL\Website\2010CB\teamboa.js --> ftp.tripod.com /2010CB teamboa.js
2010.06.28 18:39 B C:\CBL\Website\2010CB\teamcha.js --> ftp.tripod.com /2010CB teamcha.js
2010.06.28 18:39 B C:\CBL\Website\2010CB\teamchn.js --> ftp.tripod.com /2010CB teamchn.js
2010.06.28 18:39 B C:\CBL\Website\2010CB\teamcin.js --> ftp.tripod.com /2010CB teamcin.js
2010.06.28 18:39 B C:\CBL\Website\2010CB\teamcla.js --> ftp.tripod.com /2010CB teamcla.js
2010.06.28 18:39 B C:\CBL\Website\2010CB\teamdea.js --> ftp.tripod.com /2010CB teamdea.js
2010.06.28 18:39 B C:\CBL\Website\2010CB\teamhon.js --> ftp.tripod.com /2010CB teamhon.js
2010.06.28 18:39 B C:\CBL\Website\2010CB\teamkca.js --> ftp.tripod.com /2010CB teamkca.js
2010.06.28 18:39 B C:\CBL\Website\2010CB\teamlaa.js --> ftp.tripod.com /2010CB teamlaa.js
2010.06.28 18:39 B C:\CBL\Website\2010CB\teamlan.js --> ftp.tripod.com /2010CB teamlan.js
2010.06.28 18:39 B C:\CBL\Website\2010CB\teammna.js --> ftp.tripod.com /2010CB teammna.js
2010.06.28 18:39 B C:\CBL\Website\2010CB\teamnya.js --> ftp.tripod.com /2010CB teamnya.js
2010.06.28 18:39 B C:\CBL\Website\2010CB\teamnyn.js --> ftp.tripod.com /2010CB teamnyn.js
2010.06.28 18:39 B C:\CBL\Website\2010CB\teamoaa.js --> ftp.tripod.com /2010CB teamoaa.js
2010.06.28 18:39 B C:\CBL\Website\2010CB\teamphn.js --> ftp.tripod.com /2010CB teamphn.js
2010.06.28 18:39 B C:\CBL\Website\2010CB\teampin.js --> ftp.tripod.com /2010CB teampin.js
2010.06.28 18:39 B C:\CBL\Website\2010CB\teamsdn.js --> ftp.tripod.com /2010CB teamsdn.js
2010.06.28 18:39 B C:\CBL\Website\2010CB\teamsea.js --> ftp.tripod.com /2010CB teamsea.js
2010.06.28 18:39 B C:\CBL\Website\2010CB\teamsfn.js --> ftp.tripod.com /2010CB teamsfn.js
2010.06.28 18:39 B C:\CBL\Website\2010CB\teamsln.js --> ftp.tripod.com /2010CB teamsln.js
2010.06.28 18:39 B C:\CBL\Website\2010CB\teamtoa.js --> ftp.tripod.com /2010CB teamtoa.js
2010.06.28 18:39 B C:\CBL\Website\2010CB\teamwan.js --> ftp.tripod.com /2010CB teamwan.js
2010.06.28 18:39 B C:\CBL\Website\2010CB\totals.js --> ftp.tripod.com /2010CB totals.js
2010.06.28 18:39 B C:\CBL\Website\2010CB\traded.js --> ftp.tripod.com /2010CB traded.js
2010.07.27 10:45 B C:\CBL\Website\2010CB\ALleaders.js --> ftp.tripod.com /2010CB ALleaders.js
2010.07.27 10:45 B C:\CBL\Website\2010CB\ALtotals.js --> ftp.tripod.com /2010CB ALtotals.js
2010.07.27 10:45 B C:\CBL\Website\2010CB\back.jpg --> ftp.tripod.com /2010CB back.jpg
2010.07.27 10:45 B C:\CBL\Website\2010CB\bANA.js --> ftp.tripod.com /2010CB bANA.js
2010.07.27 10:45 B C:\CBL\Website\2010CB\bATN.js --> ftp.tripod.com /2010CB bATN.js
2010.07.27 10:45 B C:\CBL\Website\2010CB\batter.gif --> ftp.tripod.com /2010CB batter.gif
2010.07.27 10:45 B C:\CBL\Website\2010CB\bBAA.js --> ftp.tripod.com /2010CB bBAA.js
2010.07.27 10:45 B C:\CBL\Website\2010CB\bBOA.js --> ftp.tripod.com /2010CB bBOA.js
2010.07.27 10:45 B C:\CBL\Website\2010CB\bCHA.js --> ftp.tripod.com /2010CB bCHA.js
2010.07.27 10:45 B C:\CBL\Website\2010CB\bCHN.js --> ftp.tripod.com /2010CB bCHN.js
2010.07.27 10:45 B C:\CBL\Website\2010CB\bCIN.js --> ftp.tripod.com /2010CB bCIN.js
2010.07.27 10:45 B C:\CBL\Website\2010CB\bCLA.js --> ftp.tripod.com /2010CB bCLA.js
2010.07.27 10:46 B C:\CBL\Website\2010CB\bDEA.js --> ftp.tripod.com /2010CB bDEA.js
2010.07.27 10:46 B C:\CBL\Website\2010CB\bHON.js --> ftp.tripod.com /2010CB bHON.js
2010.07.27 10:46 B C:\CBL\Website\2010CB\bKCA.js --> ftp.tripod.com /2010CB bKCA.js
2010.07.27 10:46 B C:\CBL\Website\2010CB\bLAA.js --> ftp.tripod.com /2010CB bLAA.js
2010.07.27 10:46 B C:\CBL\Website\2010CB\bLAN.js --> ftp.tripod.com /2010CB bLAN.js
2010.07.27 10:46 B C:\CBL\Website\2010CB\bMNA.js --> ftp.tripod.com /2010CB bMNA.js
2010.07.27 10:46 B C:\CBL\Website\2010CB\bNYA.js --> ftp.tripod.com /2010CB bNYA.js
2010.07.27 10:46 B C:\CBL\Website\2010CB\bNYN.js --> ftp.tripod.com /2010CB bNYN.js
2010.07.27 10:46 B C:\CBL\Website\2010CB\bOAA.js --> ftp.tripod.com /2010CB bOAA.js
2010.07.27 10:46 B C:\CBL\Website\2010CB\bPHN.js --> ftp.tripod.com /2010CB bPHN.js
2010.07.27 10:46 B C:\CBL\Website\2010CB\bPIN.js --> ftp.tripod.com /2010CB bPIN.js
2010.07.27 10:46 B C:\CBL\Website\2010CB\bplayer.html --> ftp.tripod.com /2010CB bplayer.html
2010.07.27 10:46 B C:\CBL\Website\2010CB\bSDN.js --> ftp.tripod.com /2010CB bSDN.js
2010.07.27 10:46 B C:\CBL\Website\2010CB\bSEA.js --> ftp.tripod.com /2010CB bSEA.js
2010.07.27 10:46 B C:\CBL\Website\2010CB\bSFN.js --> ftp.tripod.com /2010CB bSFN.js
2010.07.27 10:46 B C:\CBL\Website\2010CB\bSLN.js --> ftp.tripod.com /2010CB bSLN.js
2010.07.27 10:46 B C:\CBL\Website\2010CB\bTOA.js --> ftp.tripod.com /2010CB bTOA.js
2010.07.27 10:46 B C:\CBL\Website\2010CB\bWAN.js --> ftp.tripod.com /2010CB bWAN.js
2010.07.27 10:46 B C:\CBL\Website\2010CB\custom.js --> ftp.tripod.com /2010CB custom.js
2010.07.27 10:46 B C:\CBL\Website\2010CB\diamond.gif --> ftp.tripod.com /2010CB diamond.gif
2010.07.27 10:46 B C:\CBL\Website\2010CB\dyndata.js --> ftp.tripod.com /2010CB dyndata.js
2010.07.27 10:46 B C:\CBL\Website\2010CB\grand1.html --> ftp.tripod.com /2010CB grand1.html
2010.07.27 10:46 B C:\CBL\Website\2010CB\grand2.html --> ftp.tripod.com /2010CB grand2.html
2010.07.27 10:46 B C:\CBL\Website\2010CB\green.gif --> ftp.tripod.com /2010CB green.gif
2010.07.27 10:46 B C:\CBL\Website\2010CB\index.html --> ftp.tripod.com /2010CB index.html
2010.07.27 10:46 B C:\CBL\Website\2010CB\leaders.html --> ftp.tripod.com /2010CB leaders.html
2010.07.27 10:46 B C:\CBL\Website\2010CB\leaders.js --> ftp.tripod.com /2010CB leaders.js
2010.07.27 10:46 B C:\CBL\Website\2010CB\leaguedata.js --> ftp.tripod.com /2010CB leaguedata.js
2010.07.27 10:46 B C:\CBL\Website\2010CB\my_logo.gif --> ftp.tripod.com /2010CB my_logo.gif
2010.07.27 10:46 B C:\CBL\Website\2010CB\NLleaders.js --> ftp.tripod.com /2010CB NLleaders.js
2010.07.27 10:46 B C:\CBL\Website\2010CB\NLtotals.js --> ftp.tripod.com /2010CB NLtotals.js
2010.07.27 10:46 B C:\CBL\Website\2010CB\pANA.js --> ftp.tripod.com /2010CB pANA.js
2010.07.27 10:46 B C:\CBL\Website\2010CB\pATN.js --> ftp.tripod.com /2010CB pATN.js
2010.07.27 10:46 B C:\CBL\Website\2010CB\pBAA.js --> ftp.tripod.com /2010CB pBAA.js
2010.07.27 10:46 B C:\CBL\Website\2010CB\pBOA.js --> ftp.tripod.com /2010CB pBOA.js
2010.07.27 10:46 B C:\CBL\Website\2010CB\pCHA.js --> ftp.tripod.com /2010CB pCHA.js
2010.07.27 10:46 B C:\CBL\Website\2010CB\pCHN.js --> ftp.tripod.com /2010CB pCHN.js
2010.07.27 10:46 B C:\CBL\Website\2010CB\pCIN.js --> ftp.tripod.com /2010CB pCIN.js
2010.07.27 10:46 B C:\CBL\Website\2010CB\pCLA.js --> ftp.tripod.com /2010CB pCLA.js
2010.07.27 10:46 B C:\CBL\Website\2010CB\pDEA.js --> ftp.tripod.com /2010CB pDEA.js
2010.07.27 10:46 B C:\CBL\Website\2010CB\pHON.js --> ftp.tripod.com /2010CB pHON.js
2010.07.27 10:46 B C:\CBL\Website\2010CB\pitcher.gif --> ftp.tripod.com /2010CB pitcher.gif
2010.07.27 10:46 B C:\CBL\Website\2010CB\pixel.gif --> ftp.tripod.com /2010CB pixel.gif
2010.07.27 10:46 B C:\CBL\Website\2010CB\pKCA.js --> ftp.tripod.com /2010CB pKCA.js
2010.07.27 10:46 B C:\CBL\Website\2010CB\pLAA.js --> ftp.tripod.com /2010CB pLAA.js
2010.07.27 10:46 B C:\CBL\Website\2010CB\pLAN.js --> ftp.tripod.com /2010CB pLAN.js
2010.07.27 10:46 B C:\CBL\Website\2010CB\players.js --> ftp.tripod.com /2010CB players.js
2010.07.27 10:46 B C:\CBL\Website\2010CB\pMNA.js --> ftp.tripod.com /2010CB pMNA.js
2010.07.27 10:46 B C:\CBL\Website\2010CB\pNYA.js --> ftp.tripod.com /2010CB pNYA.js
2010.07.27 10:46 B C:\CBL\Website\2010CB\pNYN.js --> ftp.tripod.com /2010CB pNYN.js
2010.07.27 10:46 B C:\CBL\Website\2010CB\pOAA.js --> ftp.tripod.com /2010CB pOAA.js
2010.07.27 10:46 B C:\CBL\Website\2010CB\pPHN.js --> ftp.tripod.com /2010CB pPHN.js
2010.07.27 10:46 B C:\CBL\Website\2010CB\pPIN.js --> ftp.tripod.com /2010CB pPIN.js
2010.07.27 10:46 B C:\CBL\Website\2010CB\pplayer.html --> ftp.tripod.com /2010CB pplayer.html
2010.07.27 10:46 B C:\CBL\Website\2010CB\pSDN.js --> ftp.tripod.com /2010CB pSDN.js
2010.07.27 10:46 B C:\CBL\Website\2010CB\pSEA.js --> ftp.tripod.com /2010CB pSEA.js
2010.07.27 10:46 B C:\CBL\Website\2010CB\pSFN.js --> ftp.tripod.com /2010CB pSFN.js
2010.07.27 10:46 B C:\CBL\Website\2010CB\pSLN.js --> ftp.tripod.com /2010CB pSLN.js
2010.07.27 10:46 B C:\CBL\Website\2010CB\pTOA.js --> ftp.tripod.com /2010CB pTOA.js
2010.07.27 10:46 B C:\CBL\Website\2010CB\pWAN.js --> ftp.tripod.com /2010CB pWAN.js
2010.07.27 10:46 B C:\CBL\Website\2010CB\stats.css --> ftp.tripod.com /2010CB stats.css
2010.07.27 10:46 B C:\CBL\Website\2010CB\stats.js --> ftp.tripod.com /2010CB stats.js
2010.07.27 10:46 B C:\CBL\Website\2010CB\stratomatic.jpg --> ftp.tripod.com /2010CB stratomatic.jpg
2010.07.27 10:46 B C:\CBL\Website\2010CB\team.html --> ftp.tripod.com /2010CB team.html
2010.07.27 10:46 B C:\CBL\Website\2010CB\teamana.js --> ftp.tripod.com /2010CB teamana.js
2010.07.27 10:46 B C:\CBL\Website\2010CB\teamatn.js --> ftp.tripod.com /2010CB teamatn.js
2010.07.27 10:46 B C:\CBL\Website\2010CB\teambaa.js --> ftp.tripod.com /2010CB teambaa.js
2010.07.27 10:46 B C:\CBL\Website\2010CB\teamboa.js --> ftp.tripod.com /2010CB teamboa.js
2010.07.27 10:46 B C:\CBL\Website\2010CB\teamcha.js --> ftp.tripod.com /2010CB teamcha.js
2010.07.27 10:46 B C:\CBL\Website\2010CB\teamchn.js --> ftp.tripod.com /2010CB teamchn.js
2010.07.27 10:46 B C:\CBL\Website\2010CB\teamcin.js --> ftp.tripod.com /2010CB teamcin.js
2010.07.27 10:46 B C:\CBL\Website\2010CB\teamcla.js --> ftp.tripod.com /2010CB teamcla.js
2010.07.27 10:46 B C:\CBL\Website\2010CB\teamdea.js --> ftp.tripod.com /2010CB teamdea.js
2010.07.27 10:46 B C:\CBL\Website\2010CB\teamhon.js --> ftp.tripod.com /2010CB teamhon.js
2010.07.27 10:46 B C:\CBL\Website\2010CB\teamkca.js --> ftp.tripod.com /2010CB teamkca.js
2010.07.27 10:46 B C:\CBL\Website\2010CB\teamlaa.js --> ftp.tripod.com /2010CB teamlaa.js
2010.07.27 10:46 B C:\CBL\Website\2010CB\teamlan.js --> ftp.tripod.com /2010CB teamlan.js
2010.07.27 10:46 B C:\CBL\Website\2010CB\teammna.js --> ftp.tripod.com /2010CB teammna.js
2010.07.27 10:46 B C:\CBL\Website\2010CB\teamnya.js --> ftp.tripod.com /2010CB teamnya.js
2010.07.27 10:46 B C:\CBL\Website\2010CB\teamnyn.js --> ftp.tripod.com /2010CB teamnyn.js
2010.07.27 10:46 B C:\CBL\Website\2010CB\teamoaa.js --> ftp.tripod.com /2010CB teamoaa.js
2010.07.27 10:46 B C:\CBL\Website\2010CB\teamphn.js --> ftp.tripod.com /2010CB teamphn.js
2010.07.27 10:46 B C:\CBL\Website\2010CB\teampin.js --> ftp.tripod.com /2010CB teampin.js
2010.07.27 10:46 B C:\CBL\Website\2010CB\teams.js --> ftp.tripod.com /2010CB teams.js
2010.07.27 10:46 B C:\CBL\Website\2010CB\teamsdn.js --> ftp.tripod.com /2010CB teamsdn.js
2010.07.27 10:46 B C:\CBL\Website\2010CB\teamsea.js --> ftp.tripod.com /2010CB teamsea.js
2010.07.27 10:46 B C:\CBL\Website\2010CB\teamsfn.js --> ftp.tripod.com /2010CB teamsfn.js
2010.07.27 10:46 B C:\CBL\Website\2010CB\teamsln.js --> ftp.tripod.com /2010CB teamsln.js
2010.07.27 10:46 B C:\CBL\Website\2010CB\teamtoa.js --> ftp.tripod.com /2010CB teamtoa.js
2010.07.27 10:46 B C:\CBL\Website\2010CB\teamwan.js --> ftp.tripod.com /2010CB teamwan.js
2010.07.27 10:46 B C:\CBL\Website\2010CB\totals.js --> ftp.tripod.com /2010CB totals.js
2010.07.27 10:46 B C:\CBL\Website\2010CB\traded.js --> ftp.tripod.com /2010CB traded.js
2011.03.12 13:20 B C:\CBL\Website\2010CB\ALleaders.js --> ftp.tripod.com /2010CB ALleaders.js
2011.03.12 13:20 B C:\CBL\Website\2010CB\ALtotals.js --> ftp.tripod.com /2010CB ALtotals.js
2011.03.12 13:20 B C:\CBL\Website\2010CB\back.jpg --> ftp.tripod.com /2010CB back.jpg
2011.03.12 13:20 B C:\CBL\Website\2010CB\bANA.js --> ftp.tripod.com /2010CB bANA.js
2011.03.12 13:20 B C:\CBL\Website\2010CB\bATN.js --> ftp.tripod.com /2010CB bATN.js
2011.03.12 13:20 B C:\CBL\Website\2010CB\batter.gif --> ftp.tripod.com /2010CB batter.gif
2011.03.12 13:20 B C:\CBL\Website\2010CB\bBAA.js --> ftp.tripod.com /2010CB bBAA.js
2011.03.12 13:20 B C:\CBL\Website\2010CB\bBOA.js --> ftp.tripod.com /2010CB bBOA.js
2011.03.12 13:20 B C:\CBL\Website\2010CB\bCHA.js --> ftp.tripod.com /2010CB bCHA.js
2011.03.12 13:20 B C:\CBL\Website\2010CB\bCHN.js --> ftp.tripod.com /2010CB bCHN.js
2011.03.12 13:20 B C:\CBL\Website\2010CB\bCIN.js --> ftp.tripod.com /2010CB bCIN.js
2011.03.12 13:20 B C:\CBL\Website\2010CB\bCLA.js --> ftp.tripod.com /2010CB bCLA.js
2011.03.12 13:20 B C:\CBL\Website\2010CB\bDEA.js --> ftp.tripod.com /2010CB bDEA.js
2011.03.12 13:20 B C:\CBL\Website\2010CB\bHON.js --> ftp.tripod.com /2010CB bHON.js
2011.03.12 13:20 B C:\CBL\Website\2010CB\bKCA.js --> ftp.tripod.com /2010CB bKCA.js
2011.03.12 13:20 B C:\CBL\Website\2010CB\bLAA.js --> ftp.tripod.com /2010CB bLAA.js
2011.03.12 13:20 B C:\CBL\Website\2010CB\bLAN.js --> ftp.tripod.com /2010CB bLAN.js
2011.03.12 13:20 B C:\CBL\Website\2010CB\bMNA.js --> ftp.tripod.com /2010CB bMNA.js
2011.03.12 13:20 B C:\CBL\Website\2010CB\bNYA.js --> ftp.tripod.com /2010CB bNYA.js
2011.03.12 13:20 B C:\CBL\Website\2010CB\bNYN.js --> ftp.tripod.com /2010CB bNYN.js
2011.03.12 13:20 B C:\CBL\Website\2010CB\bOAA.js --> ftp.tripod.com /2010CB bOAA.js
2011.03.12 13:20 B C:\CBL\Website\2010CB\bPHN.js --> ftp.tripod.com /2010CB bPHN.js
2011.03.12 13:20 B C:\CBL\Website\2010CB\bPIN.js --> ftp.tripod.com /2010CB bPIN.js
2011.03.12 13:20 B C:\CBL\Website\2010CB\bplayer.html --> ftp.tripod.com /2010CB bplayer.html
2011.03.12 13:20 B C:\CBL\Website\2010CB\bSDN.js --> ftp.tripod.com /2010CB bSDN.js
2011.03.12 13:20 B C:\CBL\Website\2010CB\bSEA.js --> ftp.tripod.com /2010CB bSEA.js
2011.03.12 13:20 B C:\CBL\Website\2010CB\bSFN.js --> ftp.tripod.com /2010CB bSFN.js
2011.03.12 13:20 B C:\CBL\Website\2010CB\bSLN.js --> ftp.tripod.com /2010CB bSLN.js
2011.03.12 13:20 B C:\CBL\Website\2010CB\bTOA.js --> ftp.tripod.com /2010CB bTOA.js
2011.03.12 13:20 B C:\CBL\Website\2010CB\bWAN.js --> ftp.tripod.com /2010CB bWAN.js
2011.03.12 13:20 B C:\CBL\Website\2010CB\custom.js --> ftp.tripod.com /2010CB custom.js
2011.03.12 13:20 B C:\CBL\Website\2010CB\diamond.gif --> ftp.tripod.com /2010CB diamond.gif
2011.03.12 13:20 B C:\CBL\Website\2010CB\dyndata.js --> ftp.tripod.com /2010CB dyndata.js
2011.03.12 13:20 B C:\CBL\Website\2010CB\grand1.html --> ftp.tripod.com /2010CB grand1.html
2011.03.12 13:20 B C:\CBL\Website\2010CB\grand2.html --> ftp.tripod.com /2010CB grand2.html
2011.03.12 13:20 B C:\CBL\Website\2010CB\green.gif --> ftp.tripod.com /2010CB green.gif
2011.03.12 13:20 B C:\CBL\Website\2010CB\index.html --> ftp.tripod.com /2010CB index.html
2011.03.12 13:20 B C:\CBL\Website\2010CB\leaders.html --> ftp.tripod.com /2010CB leaders.html
2011.03.12 13:20 B C:\CBL\Website\2010CB\leaders.js --> ftp.tripod.com /2010CB leaders.js
2011.03.12 13:20 B C:\CBL\Website\2010CB\leaguedata.js --> ftp.tripod.com /2010CB leaguedata.js
2011.03.12 13:20 B C:\CBL\Website\2010CB\my_logo.gif --> ftp.tripod.com /2010CB my_logo.gif
2011.03.12 13:20 B C:\CBL\Website\2010CB\NLleaders.js --> ftp.tripod.com /2010CB NLleaders.js
2011.03.12 13:20 B C:\CBL\Website\2010CB\NLtotals.js --> ftp.tripod.com /2010CB NLtotals.js
2011.03.12 13:20 B C:\CBL\Website\2010CB\pANA.js --> ftp.tripod.com /2010CB pANA.js
2011.03.12 13:20 B C:\CBL\Website\2010CB\pATN.js --> ftp.tripod.com /2010CB pATN.js
2011.03.12 13:20 B C:\CBL\Website\2010CB\pBAA.js --> ftp.tripod.com /2010CB pBAA.js
2011.03.12 13:20 B C:\CBL\Website\2010CB\pBOA.js --> ftp.tripod.com /2010CB pBOA.js
2011.03.12 13:21 B C:\CBL\Website\2010CB\pCHA.js --> ftp.tripod.com /2010CB pCHA.js
2011.03.12 13:21 B C:\CBL\Website\2010CB\pCHN.js --> ftp.tripod.com /2010CB pCHN.js
2011.03.12 13:21 B C:\CBL\Website\2010CB\pCIN.js --> ftp.tripod.com /2010CB pCIN.js
2011.03.12 13:21 B C:\CBL\Website\2010CB\pCLA.js --> ftp.tripod.com /2010CB pCLA.js
2011.03.12 13:21 B C:\CBL\Website\2010CB\pDEA.js --> ftp.tripod.com /2010CB pDEA.js
2011.03.12 13:21 B C:\CBL\Website\2010CB\pHON.js --> ftp.tripod.com /2010CB pHON.js
2011.03.12 13:21 B C:\CBL\Website\2010CB\pitcher.gif --> ftp.tripod.com /2010CB pitcher.gif
2011.03.12 13:21 B C:\CBL\Website\2010CB\pixel.gif --> ftp.tripod.com /2010CB pixel.gif
2011.03.12 13:21 B C:\CBL\Website\2010CB\pKCA.js --> ftp.tripod.com /2010CB pKCA.js
2011.03.12 13:21 B C:\CBL\Website\2010CB\pLAA.js --> ftp.tripod.com /2010CB pLAA.js
2011.03.12 13:21 B C:\CBL\Website\2010CB\pLAN.js --> ftp.tripod.com /2010CB pLAN.js
2011.03.12 13:21 B C:\CBL\Website\2010CB\players.js --> ftp.tripod.com /2010CB players.js
2011.03.12 13:21 B C:\CBL\Website\2010CB\pMNA.js --> ftp.tripod.com /2010CB pMNA.js
2011.03.12 13:21 B C:\CBL\Website\2010CB\pNYA.js --> ftp.tripod.com /2010CB pNYA.js
2011.03.12 13:21 B C:\CBL\Website\2010CB\pNYN.js --> ftp.tripod.com /2010CB pNYN.js
2011.03.12 13:21 B C:\CBL\Website\2010CB\pOAA.js --> ftp.tripod.com /2010CB pOAA.js
2011.03.12 13:21 B C:\CBL\Website\2010CB\pPHN.js --> ftp.tripod.com /2010CB pPHN.js
2011.03.12 13:21 B C:\CBL\Website\2010CB\pPIN.js --> ftp.tripod.com /2010CB pPIN.js
2011.03.12 13:21 B C:\CBL\Website\2010CB\pplayer.html --> ftp.tripod.com /2010CB pplayer.html
2011.03.12 13:21 B C:\CBL\Website\2010CB\pSDN.js --> ftp.tripod.com /2010CB pSDN.js
2011.03.12 13:21 B C:\CBL\Website\2010CB\pSEA.js --> ftp.tripod.com /2010CB pSEA.js
2011.03.12 13:21 B C:\CBL\Website\2010CB\pSFN.js --> ftp.tripod.com /2010CB pSFN.js
2011.03.12 13:21 B C:\CBL\Website\2010CB\pSLN.js --> ftp.tripod.com /2010CB pSLN.js
2011.03.12 13:21 B C:\CBL\Website\2010CB\pTOA.js --> ftp.tripod.com /2010CB pTOA.js
2011.03.12 13:21 B C:\CBL\Website\2010CB\pWAN.js --> ftp.tripod.com /2010CB pWAN.js
2011.03.12 13:21 B C:\CBL\Website\2010CB\stats.css --> ftp.tripod.com /2010CB stats.css
2011.03.12 13:21 B C:\CBL\Website\2010CB\stats.js --> ftp.tripod.com /2010CB stats.js
2011.03.12 13:21 B C:\CBL\Website\2010CB\stratomatic.jpg --> ftp.tripod.com /2010CB stratomatic.jpg
2011.03.12 13:21 B C:\CBL\Website\2010CB\team.html --> ftp.tripod.com /2010CB team.html
2011.03.12 13:21 B C:\CBL\Website\2010CB\teamana.js --> ftp.tripod.com /2010CB teamana.js
2011.03.12 13:21 B C:\CBL\Website\2010CB\teamatn.js --> ftp.tripod.com /2010CB teamatn.js
2011.03.12 13:21 B C:\CBL\Website\2010CB\teambaa.js --> ftp.tripod.com /2010CB teambaa.js
2011.03.12 13:21 B C:\CBL\Website\2010CB\teamboa.js --> ftp.tripod.com /2010CB teamboa.js
2011.03.12 13:21 B C:\CBL\Website\2010CB\teamcha.js --> ftp.tripod.com /2010CB teamcha.js
2011.03.12 13:21 B C:\CBL\Website\2010CB\teamchn.js --> ftp.tripod.com /2010CB teamchn.js
2011.03.12 13:21 B C:\CBL\Website\2010CB\teamcin.js --> ftp.tripod.com /2010CB teamcin.js
2011.03.12 13:21 B C:\CBL\Website\2010CB\teamcla.js --> ftp.tripod.com /2010CB teamcla.js
2011.03.12 13:21 B C:\CBL\Website\2010CB\teamdea.js --> ftp.tripod.com /2010CB teamdea.js
2011.03.12 13:21 B C:\CBL\Website\2010CB\teamhon.js --> ftp.tripod.com /2010CB teamhon.js
2011.03.12 13:21 B C:\CBL\Website\2010CB\teamkca.js --> ftp.tripod.com /2010CB teamkca.js
2011.03.12 13:21 B C:\CBL\Website\2010CB\teamlaa.js --> ftp.tripod.com /2010CB teamlaa.js
2011.03.12 13:21 B C:\CBL\Website\2010CB\teamlan.js --> ftp.tripod.com /2010CB teamlan.js
2011.03.12 13:21 B C:\CBL\Website\2010CB\teammna.js --> ftp.tripod.com /2010CB teammna.js
2011.03.12 13:21 B C:\CBL\Website\2010CB\teamnya.js --> ftp.tripod.com /2010CB teamnya.js
2011.03.12 13:21 B C:\CBL\Website\2010CB\teamnyn.js --> ftp.tripod.com /2010CB teamnyn.js
2011.03.12 13:21 B C:\CBL\Website\2010CB\teamoaa.js --> ftp.tripod.com /2010CB teamoaa.js
2011.03.12 13:21 B C:\CBL\Website\2010CB\teamphn.js --> ftp.tripod.com /2010CB teamphn.js
2011.03.12 13:21 B C:\CBL\Website\2010CB\teampin.js --> ftp.tripod.com /2010CB teampin.js
2011.03.12 13:21 B C:\CBL\Website\2010CB\teams.js --> ftp.tripod.com /2010CB teams.js
2011.03.12 13:21 B C:\CBL\Website\2010CB\teamsdn.js --> ftp.tripod.com /2010CB teamsdn.js
2011.03.12 13:21 B C:\CBL\Website\2010CB\teamsea.js --> ftp.tripod.com /2010CB teamsea.js
2011.03.12 13:21 B C:\CBL\Website\2010CB\teamsfn.js --> ftp.tripod.com /2010CB teamsfn.js
2011.03.12 13:21 B C:\CBL\Website\2010CB\teamsln.js --> ftp.tripod.com /2010CB teamsln.js
2011.03.12 13:21 B C:\CBL\Website\2010CB\teamtoa.js --> ftp.tripod.com /2010CB teamtoa.js
2011.03.12 13:21 B C:\CBL\Website\2010CB\teamwan.js --> ftp.tripod.com /2010CB teamwan.js
2011.03.12 13:21 B C:\CBL\Website\2010CB\totals.js --> ftp.tripod.com /2010CB totals.js
2011.03.12 13:21 B C:\CBL\Website\2010CB\traded.js --> ftp.tripod.com /2010CB traded.js
2011.03.12 16:27 B C:\CBL\Website\2010CB\ALleaders.js --> ftp.tripod.com /2010CB ALleaders.js
2011.03.12 16:27 B C:\CBL\Website\2010CB\ALtotals.js --> ftp.tripod.com /2010CB ALtotals.js
2011.03.12 16:27 B C:\CBL\Website\2010CB\back.jpg --> ftp.tripod.com /2010CB back.jpg
2011.03.12 16:27 B C:\CBL\Website\2010CB\bANA.js --> ftp.tripod.com /2010CB bANA.js
2011.03.12 16:27 B C:\CBL\Website\2010CB\bATN.js --> ftp.tripod.com /2010CB bATN.js
2011.03.12 16:27 B C:\CBL\Website\2010CB\batter.gif --> ftp.tripod.com /2010CB batter.gif
2011.03.12 16:27 B C:\CBL\Website\2010CB\bBAA.js --> ftp.tripod.com /2010CB bBAA.js
2011.03.12 16:27 B C:\CBL\Website\2010CB\bBOA.js --> ftp.tripod.com /2010CB bBOA.js
2011.03.12 16:27 B C:\CBL\Website\2010CB\bCHA.js --> ftp.tripod.com /2010CB bCHA.js
2011.03.12 16:27 B C:\CBL\Website\2010CB\bCHN.js --> ftp.tripod.com /2010CB bCHN.js
2011.03.12 16:27 B C:\CBL\Website\2010CB\bCIN.js --> ftp.tripod.com /2010CB bCIN.js
2011.03.12 16:27 B C:\CBL\Website\2010CB\bCLA.js --> ftp.tripod.com /2010CB bCLA.js
2011.03.12 16:28 B C:\CBL\Website\2010CB\bDEA.js --> ftp.tripod.com /2010CB bDEA.js
2011.03.12 16:28 B C:\CBL\Website\2010CB\bHON.js --> ftp.tripod.com /2010CB bHON.js
2011.03.12 16:28 B C:\CBL\Website\2010CB\bKCA.js --> ftp.tripod.com /2010CB bKCA.js
2011.03.12 16:28 B C:\CBL\Website\2010CB\bLAA.js --> ftp.tripod.com /2010CB bLAA.js
2011.03.12 16:28 B C:\CBL\Website\2010CB\bLAN.js --> ftp.tripod.com /2010CB bLAN.js
2011.03.12 16:28 B C:\CBL\Website\2010CB\bMNA.js --> ftp.tripod.com /2010CB bMNA.js
2011.03.12 16:28 B C:\CBL\Website\2010CB\bNYA.js --> ftp.tripod.com /2010CB bNYA.js
2011.03.12 16:28 B C:\CBL\Website\2010CB\bNYN.js --> ftp.tripod.com /2010CB bNYN.js
2011.03.12 16:28 B C:\CBL\Website\2010CB\bOAA.js --> ftp.tripod.com /2010CB bOAA.js
2011.03.12 16:28 B C:\CBL\Website\2010CB\bPHN.js --> ftp.tripod.com /2010CB bPHN.js
2011.03.12 16:28 B C:\CBL\Website\2010CB\bPIN.js --> ftp.tripod.com /2010CB bPIN.js
2011.03.12 16:28 B C:\CBL\Website\2010CB\bplayer.html --> ftp.tripod.com /2010CB bplayer.html
2011.03.12 16:28 B C:\CBL\Website\2010CB\bSDN.js --> ftp.tripod.com /2010CB bSDN.js
2011.03.12 16:28 B C:\CBL\Website\2010CB\bSEA.js --> ftp.tripod.com /2010CB bSEA.js
2011.03.12 16:28 B C:\CBL\Website\2010CB\bSFN.js --> ftp.tripod.com /2010CB bSFN.js
2011.03.12 16:28 B C:\CBL\Website\2010CB\bSLN.js --> ftp.tripod.com /2010CB bSLN.js
2011.03.12 16:28 B C:\CBL\Website\2010CB\bTOA.js --> ftp.tripod.com /2010CB bTOA.js
2011.03.12 16:28 B C:\CBL\Website\2010CB\bWAN.js --> ftp.tripod.com /2010CB bWAN.js
2011.03.12 16:28 B C:\CBL\Website\2010CB\custom.js --> ftp.tripod.com /2010CB custom.js
2011.03.12 16:28 B C:\CBL\Website\2010CB\diamond.gif --> ftp.tripod.com /2010CB diamond.gif
2011.03.12 16:28 B C:\CBL\Website\2010CB\dyndata.js --> ftp.tripod.com /2010CB dyndata.js
2011.03.12 16:28 B C:\CBL\Website\2010CB\grand1.html --> ftp.tripod.com /2010CB grand1.html
2011.03.12 16:28 B C:\CBL\Website\2010CB\grand2.html --> ftp.tripod.com /2010CB grand2.html
2011.03.12 16:28 B C:\CBL\Website\2010CB\green.gif --> ftp.tripod.com /2010CB green.gif
2011.03.12 16:28 B C:\CBL\Website\2010CB\index.html --> ftp.tripod.com /2010CB index.html
2011.03.12 16:28 B C:\CBL\Website\2010CB\leaders.html --> ftp.tripod.com /2010CB leaders.html
2011.03.12 16:28 B C:\CBL\Website\2010CB\leaders.js --> ftp.tripod.com /2010CB leaders.js
2011.03.12 16:28 B C:\CBL\Website\2010CB\leaguedata.js --> ftp.tripod.com /2010CB leaguedata.js
2011.03.12 16:28 B C:\CBL\Website\2010CB\my_logo.gif --> ftp.tripod.com /2010CB my_logo.gif
2011.03.12 16:28 B C:\CBL\Website\2010CB\NLleaders.js --> ftp.tripod.com /2010CB NLleaders.js
2011.03.12 16:28 B C:\CBL\Website\2010CB\NLtotals.js --> ftp.tripod.com /2010CB NLtotals.js
2011.03.12 16:28 B C:\CBL\Website\2010CB\pANA.js --> ftp.tripod.com /2010CB pANA.js
2011.03.12 16:28 B C:\CBL\Website\2010CB\pATN.js --> ftp.tripod.com /2010CB pATN.js
2011.03.12 16:28 B C:\CBL\Website\2010CB\pBAA.js --> ftp.tripod.com /2010CB pBAA.js
2011.03.12 16:28 B C:\CBL\Website\2010CB\pBOA.js --> ftp.tripod.com /2010CB pBOA.js
2011.03.12 16:28 B C:\CBL\Website\2010CB\pCHA.js --> ftp.tripod.com /2010CB pCHA.js
2011.03.12 16:28 B C:\CBL\Website\2010CB\pCHN.js --> ftp.tripod.com /2010CB pCHN.js
2011.03.12 16:28 B C:\CBL\Website\2010CB\pCIN.js --> ftp.tripod.com /2010CB pCIN.js
2011.03.12 16:28 B C:\CBL\Website\2010CB\pCLA.js --> ftp.tripod.com /2010CB pCLA.js
2011.03.12 16:28 B C:\CBL\Website\2010CB\pDEA.js --> ftp.tripod.com /2010CB pDEA.js
2011.03.12 16:28 B C:\CBL\Website\2010CB\pHON.js --> ftp.tripod.com /2010CB pHON.js
2011.03.12 16:28 B C:\CBL\Website\2010CB\pitcher.gif --> ftp.tripod.com /2010CB pitcher.gif
2011.03.12 16:28 B C:\CBL\Website\2010CB\pixel.gif --> ftp.tripod.com /2010CB pixel.gif
2011.03.12 16:28 B C:\CBL\Website\2010CB\pKCA.js --> ftp.tripod.com /2010CB pKCA.js
2011.03.12 16:28 B C:\CBL\Website\2010CB\pLAA.js --> ftp.tripod.com /2010CB pLAA.js
2011.03.12 16:28 B C:\CBL\Website\2010CB\pLAN.js --> ftp.tripod.com /2010CB pLAN.js
2011.03.12 16:28 B C:\CBL\Website\2010CB\players.js --> ftp.tripod.com /2010CB players.js
2011.03.12 16:28 B C:\CBL\Website\2010CB\pMNA.js --> ftp.tripod.com /2010CB pMNA.js
2011.03.12 16:28 B C:\CBL\Website\2010CB\pNYA.js --> ftp.tripod.com /2010CB pNYA.js
2011.03.12 16:28 B C:\CBL\Website\2010CB\pNYN.js --> ftp.tripod.com /2010CB pNYN.js
2011.03.12 16:28 B C:\CBL\Website\2010CB\pOAA.js --> ftp.tripod.com /2010CB pOAA.js
2011.03.12 16:28 B C:\CBL\Website\2010CB\pPHN.js --> ftp.tripod.com /2010CB pPHN.js
2011.03.12 16:28 B C:\CBL\Website\2010CB\pPIN.js --> ftp.tripod.com /2010CB pPIN.js
2011.03.12 16:28 B C:\CBL\Website\2010CB\pplayer.html --> ftp.tripod.com /2010CB pplayer.html
2011.03.12 16:28 B C:\CBL\Website\2010CB\pSDN.js --> ftp.tripod.com /2010CB pSDN.js
2011.03.12 16:28 B C:\CBL\Website\2010CB\pSEA.js --> ftp.tripod.com /2010CB pSEA.js
2011.03.12 16:28 B C:\CBL\Website\2010CB\pSFN.js --> ftp.tripod.com /2010CB pSFN.js
2011.03.12 16:28 B C:\CBL\Website\2010CB\pSLN.js --> ftp.tripod.com /2010CB pSLN.js
2011.03.12 16:28 B C:\CBL\Website\2010CB\pTOA.js --> ftp.tripod.com /2010CB pTOA.js
2011.03.12 16:28 B C:\CBL\Website\2010CB\pWAN.js --> ftp.tripod.com /2010CB pWAN.js
2011.03.12 16:28 B C:\CBL\Website\2010CB\stats.css --> ftp.tripod.com /2010CB stats.css
2011.03.12 16:28 B C:\CBL\Website\2010CB\stats.js --> ftp.tripod.com /2010CB stats.js
2011.03.12 16:28 B C:\CBL\Website\2010CB\stratomatic.jpg --> ftp.tripod.com /2010CB stratomatic.jpg
2011.03.12 16:28 B C:\CBL\Website\2010CB\team.html --> ftp.tripod.com /2010CB team.html
2011.03.12 16:28 B C:\CBL\Website\2010CB\teamana.js --> ftp.tripod.com /2010CB teamana.js
2011.03.12 16:28 B C:\CBL\Website\2010CB\teamatn.js --> ftp.tripod.com /2010CB teamatn.js
2011.03.12 16:28 B C:\CBL\Website\2010CB\teambaa.js --> ftp.tripod.com /2010CB teambaa.js
2011.03.12 16:28 B C:\CBL\Website\2010CB\teamboa.js --> ftp.tripod.com /2010CB teamboa.js
2011.03.12 16:28 B C:\CBL\Website\2010CB\teamcha.js --> ftp.tripod.com /2010CB teamcha.js
2011.03.12 16:28 B C:\CBL\Website\2010CB\teamchn.js --> ftp.tripod.com /2010CB teamchn.js
2011.03.12 16:28 B C:\CBL\Website\2010CB\teamcin.js --> ftp.tripod.com /2010CB teamcin.js
2011.03.12 16:28 B C:\CBL\Website\2010CB\teamcla.js --> ftp.tripod.com /2010CB teamcla.js
2011.03.12 16:28 B C:\CBL\Website\2010CB\teamdea.js --> ftp.tripod.com /2010CB teamdea.js
2011.03.12 16:28 B C:\CBL\Website\2010CB\teamhon.js --> ftp.tripod.com /2010CB teamhon.js
2011.03.12 16:28 B C:\CBL\Website\2010CB\teamkca.js --> ftp.tripod.com /2010CB teamkca.js
2011.03.12 16:28 B C:\CBL\Website\2010CB\teamlaa.js --> ftp.tripod.com /2010CB teamlaa.js
2011.03.12 16:28 B C:\CBL\Website\2010CB\teamlan.js --> ftp.tripod.com /2010CB teamlan.js
2011.03.12 16:28 B C:\CBL\Website\2010CB\teammna.js --> ftp.tripod.com /2010CB teammna.js
2011.03.12 16:28 B C:\CBL\Website\2010CB\teamnya.js --> ftp.tripod.com /2010CB teamnya.js
2011.03.12 16:28 B C:\CBL\Website\2010CB\teamnyn.js --> ftp.tripod.com /2010CB teamnyn.js
2011.03.12 16:28 B C:\CBL\Website\2010CB\teamoaa.js --> ftp.tripod.com /2010CB teamoaa.js
2011.03.12 16:28 B C:\CBL\Website\2010CB\teamphn.js --> ftp.tripod.com /2010CB teamphn.js
2011.03.12 16:28 B C:\CBL\Website\2010CB\teampin.js --> ftp.tripod.com /2010CB teampin.js
2011.03.12 16:28 B C:\CBL\Website\2010CB\teams.js --> ftp.tripod.com /2010CB teams.js
2011.03.12 16:28 B C:\CBL\Website\2010CB\teamsdn.js --> ftp.tripod.com /2010CB teamsdn.js
2011.03.12 16:28 B C:\CBL\Website\2010CB\teamsea.js --> ftp.tripod.com /2010CB teamsea.js
2011.03.12 16:28 B C:\CBL\Website\2010CB\teamsfn.js --> ftp.tripod.com /2010CB teamsfn.js
2011.03.12 16:28 B C:\CBL\Website\2010CB\teamsln.js --> ftp.tripod.com /2010CB teamsln.js
2011.03.12 16:28 B C:\CBL\Website\2010CB\teamtoa.js --> ftp.tripod.com /2010CB teamtoa.js
2011.03.12 16:28 B C:\CBL\Website\2010CB\teamwan.js --> ftp.tripod.com /2010CB teamwan.js
2011.03.12 16:28 B C:\CBL\Website\2010CB\totals.js --> ftp.tripod.com /2010CB totals.js
2011.03.12 16:28 B C:\CBL\Website\2010CB\traded.js --> ftp.tripod.com /2010CB traded.js
