[1]BOXSCORE: 2005 Philadelphia Phillies At 2005 San Diego Padres      10/20/2005

[1]  Phillies           AB  R  H RBI AVG     Padres             AB  R  H RBI AVG
  B.Abreu RF          5  0  0  0 .071     A.Sanchez RF        5  0  1  1 .143  
  J.Rollins SS        4  2  3  2 .600     R.Klesko LF         4  2  1  0 .091  
  S.Rolen 3B          2  1  1  0 .250     P.Nevin DH          4  3  3  2 .471  
  B.Jacobsen DH       3  0  1  1 .333     M.Teixeira 1B       3  2  1  3 .200  
A-E.Durazo PH         1  0  1  1 .500     J.Lopez C           5  2  2  0 .360  
  M.Lieberthal C      4  0  0  0 .167     H.Blalock 3B        4  1  1  1 .217  
  B.Boone 2B          3  0  0  0 .000     K.Greene SS         4  0  1  1 .211  
B-L.Gonzalez PH,2B    1  0  0  0 .333     R.Winn CF           3  1  2  2 .333  
  J.Edmonds CF        4  0  0  0 .000     D.Jimenez 2B        2  0  0  1 .353  
  J.Hammonds LF       3  1  0  0 .000                                          
  B.Broussard 1B      4  0  0  0 .000                                          
                     -- -- -- ---                            -- -- -- ---      
[1]         Totals      34  4  6  4                 Totals      34 11 12 11

A-Pinch Hit For Jacobsen In 7th Inning
B-Pinch Hit For Boone In 8th Inning

Phillies........ 2 0 0  0 1 0  1 0 0  -  4  6  1
Padres.......... 4 2 0  1 0 1  2 1    - 11 12  2

[1]Phillies (1-2)           IP       H   R  ER  BB  SO  HR    ERA  SCORESHEET
A.Pettitte LOSS(0-2)      1 1/3   5   6   6   4   1   1  40.50  A1 B4
R.Wolf                    4 2/3   3   3   3   0   2   1   5.79  B5 D4
S.Williamson              1       2   1   1   0   0   0   9.00  D5 D9
R.Madson                  1       2   1   1   0   0   0   4.50  E1
[1]Totals                    8      12  11  11   4   3   2

[1]Padres (3-3)             IP       H   R  ER  BB  SO  HR    ERA  SCORESHEET
O.Perez WIN(2-0)          6 2/3   5   4   4   3   8   1   5.40  A1 D2
T.Hoffman                 0 2/3   1   0   0   0   1   0   1.50  D3 D6
S.Linebrink               1 2/3   0   0   0   0   2   0   0.00  D7
[1]Totals                    9       6   4   4   3  11   1

ATTENDANCE- 49,458 DATE-  TIME- Day 
T- 3:18
LEFT ON BASE- Phillies: 7  Padres: 6
DOUBLE PLAYS- Phillies: 1  Padres: 0
ERRORS- R.Wolf, H.Blalock, K.Greene
DOUBLES- J.Rollins(2nd), S.Rolen(2nd), B.Jacobsen(2nd), R.Klesko(2nd),
         P.Nevin(2nd), J.Lopez(2nd)
HOME RUNS- J.Rollins(2nd), P.Nevin(2nd), M.Teixeira(2nd)
STOLEN BASES- R.Winn(2nd)
SACRIFICE HITS- D.Jimenez
SACRIFICE FLIES- M.Teixeira
WALKS- J.Rollins, S.Rolen, J.Hammonds, R.Klesko, P.Nevin, R.Winn, D.Jimenez
HIT BY PITCH- S.Rolen, M.Teixeira
STRIKE OUTS- B.Abreu-2, B.Jacobsen, M.Lieberthal, L.Gonzalez, J.Edmonds,
             J.Hammonds-2, B.Broussard-3, R.Klesko-2, M.Teixeira
GIDP- H.Blalock

The San Diego Padres tallied 4 runs in the 1st inning and cruised to a 11 to 4
victory over the Philadelphia Phillies at Petco Park.

Philadelphia fell behind quickly as the San Diego offense came through in the
first inning scoring 4 runners on 4 hits.  San Diego kept the pressure on
throughout the contest as they scored in 6 different innings.  

Oliver Perez(2-0) was the winner allowing 4 runs in 6 and 2/3 innings. Andy
Pettitte(0-2) was the loser.  He allowed 6 runs and 5 hits in 1 and 1/3
innings.
[2]
[1]SCORESHEET: 2005 Philadelphia Phillies at 2005 San Diego Padres
B.Abreu-A1   A1:G/43    *3*:K      C1:G/43>1  D1:L/4     E1:K
                                   2                     
                                                         
J.Rollin-A1  A2:HR>b#   B2:Si+E/6  C2:Do>2#   D2:W>b1    E2:L/4
                                                         
                                                         
S.Rolen-A1   A3:Do      B3:F/8     C3:W>b1    D3:HBP>12
                                              
                                              
B.Jacobs-A1  A4:Do>2#   B4:G/53    C4:K       D4:Si>2#
E.Durazo-D4                                   13
                                              
M.Lieber-A1  A5:G/13    *4*:L/6    *6*:K      D5:G/13
                                              
                                              
B.Boone-A1   A6:G/63    B6:G/63    C6:L/6     *8*:K
L.Gonzal-D6                                   
                                              
J.Edmond-A1  *2*:P/2    B7:K       C7:E/5     D7:F/9
                                              
                                              
J.Hammon-A1  A8:F/7     *5*:W>b1   C8:K       D8:K
                                              
                                              
B.Brouss-A1  A9:K       B9:K       *7*:K      *9*:L/4
                                              
                                              

A.Sanche-A1  A1:F/8     B1:F/7     *4*:G/43   D1:Si>2#   *8*:G/13
                                                         
                                                         
R.Klesko-A1  A2:W>b1    *2*:K      C2:K       D2:L/4     E2:Do
                                                         
                                                         
P.Nevin-A1   A3:Si>13   B3:W>b1    C3:HR>b#   D3:G/53    E3:Do>2#
                                                         
                                                         
M.Teixei-A1  A4:SF/7>3  B4:HR>1#   C4:K       *7*:HBP    E4:G/43>2
             #          b#                               3
                                                         
J.Lopez-A1   A5:Do>13   B5:P/4     *5*:E/1    D5:Si>13   E5:G/53
                                                         
                                                         
H.Blaloc-A1  A6:Si>3#   B6:F/7     C6:G-DP/5  D6:G/63>1
             23                    43>1o      2
                                              
K.Greene-A1  A7:Si>3#   *3*:L/6    C7:L/5     D7:F/9
             13                               
                                              
R.Winn-A1    A8:W>12 b  B8:F/8     *6*:Si     D8:Si>3#
             1                                2#
                                              
D.Jimene-A1  A9:W>3# 2  B9:G/31    C9:Sac/34  D9:SB>12
             3 12 b1               >12        G/63
                                              


