[1]*** TOP OF INNING 1 ***
0     B.Abreu              0 Ground Out                     b-0 
1     J.Rollins            0 Home Run                       b-H 
1     S.Rolen              0 Double                         b-2 
1  2  B.Jacobsen           0 Double                         2-H b-2 
1  2  M.Lieberthal         0 Ground Out                     b-0 
2  2  B.Boone              0 Ground Out                     b-0 
[1]*** BOTTOM OF INNING 1 ***
0     A.Sanchez            0 Fly Out                        b-0 
1     R.Klesko             0 Walk                           b-1 
1 1   P.Nevin              0 Single                         1-3 b-1 
1 1 3 M.Teixeira           0 Sac Fly                        3-H b-0 
2 1   J.Lopez              0 Double                         1-3 b-2 
2  23 H.Blalock            0 Single                         3-H 2-3 b-1 
2 1 3 K.Greene             0 Single                         3-H 1-3 b-1 
2 1 3 R.Winn               0 Walk                           1-2 b-1 
2 123 D.Jimenez            0 Walk                           3-H 2-3 1-2 b-1 
2 123 A.Sanchez            0 Fly Out                        b-0 
[1]*** TOP OF INNING 2 ***
0     J.Edmonds            0 Pop Out                        b-0 
1     J.Hammonds           0 Fly Out                        b-0 
2     B.Broussard          0 Strike Out                     b-0 
[1]*** BOTTOM OF INNING 2 ***
0     R.Klesko             0 Strike Out                     b-0 
1     P.Nevin              0 Walk                           b-1 
1 1   M.Teixeira           0 Home Run                       1-H b-H 
                             SUBSTITUTE P - Randy Wolf
1     J.Lopez              0 Pop Out                        b-0 
2     H.Blalock            0 Fly Out                        b-0 
[1]*** TOP OF INNING 3 ***
0     B.Abreu              0 Strike Out                     b-0 
1     J.Rollins            0 Single & Error - SS            b-2 
1  2  S.Rolen              0 Fly Out                        b-0 
2  2  B.Jacobsen           0 Ground Out                     b-0 
[1]*** BOTTOM OF INNING 3 ***
0     K.Greene             0 Line Out                       b-0 
1     R.Winn               0 Fly Out                        b-0 
2     D.Jimenez            0 Ground Out                     b-0 
[1]*** TOP OF INNING 4 ***
0     M.Lieberthal         0 Line Out                       b-0 
1     B.Boone              0 Ground Out                     b-0 
2     J.Edmonds            0 Strike Out                     b-0 
[1]*** BOTTOM OF INNING 4 ***
0     A.Sanchez            0 Ground Out                     b-0 
1     R.Klesko             0 Strike Out                     b-0 
2     P.Nevin              0 Home Run                       b-H 
2     M.Teixeira           0 Strike Out                     b-0 
[1]*** TOP OF INNING 5 ***
0     J.Hammonds           0 Walk                           b-1 
0 1   B.Broussard          0 Strike Out                     b-0 
1 1   B.Abreu              0 Ground Out                     1-2 b-0 
2  2  J.Rollins            0 Double                         2-H b-2 
2  2  S.Rolen              0 Walk                           b-1 
2 12  B.Jacobsen           0 Strike Out                     b-0 
[1]*** BOTTOM OF INNING 5 ***
0     J.Lopez              0 1 Base Error - P               b-1 
0 1   H.Blalock            0 Ground Out Double Play         1-o b-0 
2     K.Greene             0 Line Out                       b-0 
[1]*** TOP OF INNING 6 ***
0     M.Lieberthal         0 Strike Out                     b-0 
1     B.Boone              0 Line Out                       b-0 
2     J.Edmonds            0 1 Base Error - 3B              b-1 
2 1   J.Hammonds           0 Strike Out                     b-0 
[1]*** BOTTOM OF INNING 6 ***
0     R.Winn               0 Single                         b-1 
0 1   D.Jimenez            0 Sac Bunt                       1-2 b-0 
1  2  A.Sanchez            0 Single                         2-H b-1 
1 1   R.Klesko             0 Line Out                       b-0 
2 1   P.Nevin              0 Ground Out                     b-0 
[1]*** TOP OF INNING 7 ***
0     B.Broussard          0 Strike Out                     b-0 
1     B.Abreu              0 Line Out                       b-0 
2     J.Rollins            0 Walk                           b-1 
                             SUBSTITUTE P - Trevor Hoffman
2 1   S.Rolen              0 HBP                            1-2 b-1 
                             SUBSTITUTE PH- Erubiel Durazo
2 12  E.Durazo             0 Single                         2-H 1-3 b-1 
2 1 3 M.Lieberthal         0 Ground Out                     b-0 
[1]*** BOTTOM OF INNING 7 ***
0     M.Teixeira           0 HBP                            b-1 
                             SUBSTITUTE P - Scott Williamson
0 1   J.Lopez              0 Single                         1-3 b-1 
0 1 3 H.Blalock            0 Ground Out                     1-2 b-0 
1  23 K.Greene             0 Fly Out                        b-0 
2  23 R.Winn               0 Single                         3-H 2-H b-1 
2 1                        0 Stolen Base                    1-2 
2  2  D.Jimenez            0 Ground Out                     b-0 
[1]*** TOP OF INNING 8 ***
                             SUBSTITUTE PH- Luis Gonzalez
0     L.Gonzalez           0 Strike Out                     b-0 
                             SUBSTITUTE P - Scott Linebrink
1     J.Edmonds            0 Fly Out                        b-0 
2     J.Hammonds           0 Strike Out                     b-0 
[1]*** BOTTOM OF INNING 8 ***
                             SUBSTITUTE 2B- Luis Gonzalez
                             SUBSTITUTE P - Ryan Madson
0     A.Sanchez            0 Ground Out                     b-0 
1     R.Klesko             0 Double                         b-2 
1  2  P.Nevin              0 Double                         2-H b-2 
1  2  M.Teixeira           0 Ground Out                     2-3 b-0 
2   3 J.Lopez              0 Ground Out                     b-0 
[1]*** TOP OF INNING 9 ***
0     B.Broussard          0 Line Out                       b-0 
1     B.Abreu              0 Strike Out                     b-0 
2     J.Rollins            0 Line Out                       b-0 
