[1]*** TOP OF INNING 1 ***
0     D.Bautista           0 Single                         b-1 
0 1   R.Clayton            0 Ground Out                     1-2 b-0 
1  2  J.Estrada            0 Fly Out                        b-0 
2  2  V.Castilla           0 Strike Out                     b-0 
[1]*** BOTTOM OF INNING 1 ***
0     R.Winn               0 Single                         b-1 
0 1   R.Klesko             0 Ground Out Double Play         1-o b-0 
2     P.Nevin              0 Strike Out                     b-0 
[1]*** TOP OF INNING 2 ***
0     D.Lee                0 Fly Out                        b-0 
1     S.Sosa               0 Walk                           b-1 
1 1   L.Ford               0 1 Base Error - C               1-2 b-1 
1 12  C.Patterson          0 Force Play                     2-3 1-o b-1 
2 1 3 T.Graffanino         0 Strike Out                     b-0 
[1]*** BOTTOM OF INNING 2 ***
0     M.Teixeira           0 Pop Out                        b-0 
1     J.Lopez              0 Strike Out                     b-0 
2     H.Blalock            0 Walk                           b-1 
2 1   D.Jimenez            0 Walk                           1-2 b-1 
2 12  K.Greene             0 Fly Out                        b-0 
[1]*** TOP OF INNING 3 ***
0     D.Bautista           0 Line Out                       b-0 
1     R.Clayton            0 Strike Out                     b-0 
2     J.Estrada            0 Walk                           b-1 
2 1   V.Castilla           0 Strike Out                     b-0 
[1]*** BOTTOM OF INNING 3 ***
0     E.Valent             0 Walk                           b-1 
0 1   R.Winn               0 Ground Out                     1-2 b-0 
1  2  R.Klesko             0 Walk                           b-1 
1 12  P.Nevin              0 Strike Out                     b-0 
2 12  M.Teixeira           0 Strike Out                     b-0 
[1]*** TOP OF INNING 4 ***
0     D.Lee                0 Double                         b-2 
0  2  S.Sosa               0 Fly Out                        2-3 b-0 
1   3 L.Ford               0 Fielders Choice                3-o b-1 
2 1   C.Patterson          0 Ground Out                     b-0 
[1]*** BOTTOM OF INNING 4 ***
0     J.Lopez              0 Ground Out                     b-0 
1     H.Blalock            0 Fly Out                        b-0 
2     D.Jimenez            0 Fly Out                        b-0 
[1]*** TOP OF INNING 5 ***
0     T.Graffanino         0 Strike Out                     b-0 
1     D.Bautista           0 Ground Out                     b-0 
2     R.Clayton            0 Strike Out                     b-0 
[1]*** BOTTOM OF INNING 5 ***
0     K.Greene             0 Ground Out                     b-0 
1     E.Valent             0 Ground Out                     b-0 
2     R.Winn               0 Strike Out                     b-0 
[1]*** TOP OF INNING 6 ***
0     J.Estrada            0 Double                         b-2 
0  2  V.Castilla           0 Strike Out                     b-0 
1  2  D.Lee                0 Fly Out                        b-0 
2  2  S.Sosa               0 Walk                           b-1 
2 12  L.Ford               0 Line Out                       b-0 
[1]*** BOTTOM OF INNING 6 ***
0     R.Klesko             0 Fly Out                        b-0 
1     P.Nevin              0 Ground Out                     b-0 
2     M.Teixeira           0 Strike Out                     b-0 
[1]*** TOP OF INNING 7 ***
0     C.Patterson          0 Fly Out                        b-0 
1     T.Graffanino         0 Home Run                       b-H 
1     D.Bautista           0 Fly Out                        b-0 
2     R.Clayton            0 Ground Out                     b-0 
[1]*** BOTTOM OF INNING 7 ***
0     J.Lopez              0 Single                         b-1 
0 1   H.Blalock            0 Single                         1-3 b-1 
0 1 3 D.Jimenez            0 Single                         3-H 1-2 b-1 
                             SUBSTITUTE P - Joe Nathan
0 12  K.Greene             0 Ground Out                     2-3 1-2 b-0 
                             SUBSTITUTE PH- Alex Sanchez
1  23 A.Sanchez            0 Fielders Choice                3-o 2-3 b-1 
2 1 3 R.Winn               0 Fly Out                        b-0 
[1]*** TOP OF INNING 8 ***
                             SUBSTITUTE RF- Terrence Long
0     J.Estrada            0 Single                         b-1 
0 1   V.Castilla           0 Single                         1-2 b-1 
0 12  D.Lee                0 Ground Out Double Play         2-3 1-o b-0 
2   3 S.Sosa               0 Strike Out                     b-0 
[1]*** BOTTOM OF INNING 8 ***
0     R.Klesko             0 Fly Out                        b-0 
                             SUBSTITUTE PH- Sean Burroughs
1     S.Burroughs          0 Single                         b-1 
1 1   M.Teixeira           0 Pop Out                        b-0 
2 1   J.Lopez              0 Single                         1-3 b-2 
2  23 H.Blalock            0 Strike Out                     b-0 
[1]*** TOP OF INNING 9 ***
0     L.Ford               0 Walk                           b-1 
0 1   C.Patterson          0 Fly Out                        b-0 
1 1   T.Graffanino         0 Foul Out                       b-0 
2 1   D.Bautista           0 Line Out                       b-0 
[1]*** BOTTOM OF INNING 9 ***
0     D.Jimenez            0 Fly Out                        b-0 
1     K.Greene             0 Strike Out                     b-0 
2     T.Long               0 Ground Out                     b-0 
[1]*** TOP OF INNING 10 ***
0     R.Clayton            0 Walk                           b-1 
0 1   J.Estrada            0 Walk                           1-2 b-1 
                             SUBSTITUTE P - Trevor Hoffman
0 12  V.Castilla           0 Ground Out Double Play         2-3 1-o b-0 
2   3 D.Lee                0 Line Out                       b-0 
[1]*** BOTTOM OF INNING 10 ***
                             SUBSTITUTE P - Chris Young
0     R.Winn               0 Ground Out                     b-0 
1     R.Klesko             0 Strike Out                     b-0 
                             SUBSTITUTE PH- Todd Linden
2     T.Linden             0 Pop Out                        b-0 
[1]*** TOP OF INNING 11 ***
0     S.Sosa               0 Ground Out                     b-0 
1     L.Ford               0 Single                         b-1 
1 1   C.Patterson          0 Ground Out Double Play         1-o b-0 
[1]*** BOTTOM OF INNING 11 ***
0     M.Teixeira           0 Ground Out                     b-0 
                             SUBSTITUTE P - Kent Mercker
1     J.Lopez              0 Pop Out                        b-0 
2     H.Blalock            0 Strike Out                     b-0 
[1]*** TOP OF INNING 12 ***
0     T.Graffanino         0 Line Out                       b-0 
1     D.Bautista           0 Strike Out                     b-0 
2     R.Clayton            0 Strike Out                     b-0 
[1]*** BOTTOM OF INNING 12 ***
0     D.Jimenez            0 Walk                           b-1 
0 1   K.Greene             0 Ground Out                     1-2 b-0 
1  2  T.Long               0 Fly Out                        b-0 
2  2  R.Winn               0 Fly Out                        b-0 
[1]*** TOP OF INNING 13 ***
                             SUBSTITUTE P - Akinori Otsuka
0     J.Estrada            0 Single                         b-1 
0 1   V.Castilla           0 Ground Out                     1-2 b-0 
1  2  D.Lee                0 Line Out                       b-0 
2  2  S.Sosa               0 Pop Out                        b-0 
[1]*** BOTTOM OF INNING 13 ***
0     R.Klesko             0 Single                         b-1 
0 1   T.Linden             0 Pop Out                        b-0 
1 1   M.Teixeira           0 Strike Out                     b-0 
2 1   J.Lopez              0 Single                         1-3 b-1 
2 1 3 H.Blalock            0 Walk                           1-2 b-1 
                             SUBSTITUTE P - Justin Speier
2 123 D.Jimenez            0 Strike Out                     b-0 
[1]*** TOP OF INNING 14 ***
0     L.Ford               0 Walk                           b-1 
                             SUBSTITUTE P - Scott Linebrink
0 1   C.Patterson          0 Ground Out Double Play         1-o b-0 
2     T.Graffanino         0 Walk                           b-1 
2 1   D.Bautista           0 Double                         1-H b-2 
2  2  R.Clayton            0 Ground Out                     b-0 
[1]*** BOTTOM OF INNING 14 ***
                             SUBSTITUTE RF- Doug Glanville
0     K.Greene             0 Strike Out                     b-0 
1     T.Long               0 Strike Out                     b-0 
2     R.Winn               0 Single                         b-1 
2 1   R.Klesko             0 Single                         1-3 b-1 
                             SUBSTITUTE PH- Xavier Nady
2 1 3 X.Nady               0 Single                         3-H 1-2 b-1 
                             SUBSTITUTE P - Billy Koch
2 12  M.Teixeira           0 Strike Out                     b-0 
[1]*** TOP OF INNING 15 ***
0     J.Estrada            0 Ground Out                     b-0 
1     V.Castilla           0 Single & Error - RF            b-3 
1   3 D.Lee                0 HBP                            b-1 
1 1 3 S.Sosa               0 Fly Out Double Play            3-o 1-2 b-0 
[1]*** BOTTOM OF INNING 15 ***
0     J.Lopez              0 Walk                           b-1 
0 1   H.Blalock            0 Strike Out                     b-0 
1 1   D.Jimenez            0 Fly Out                        b-0 
2 1   K.Greene             0 Ground Out                     b-0 
[1]*** TOP OF INNING 16 ***
0     L.Ford               0 Strike Out                     b-0 
1     C.Patterson          0 Fly Out                        b-0 
2     T.Graffanino         0 Ground Out                     b-0 
[1]*** BOTTOM OF INNING 16 ***
0     T.Long               0 Ground Out                     b-0 
1     R.Winn               0 Triple                         b-3 
1   3 R.Klesko             0 Int Walk                       b-1 
1 1 3 X.Nady               0 Walk                           1-2 b-1 
1 123 M.Teixeira           0 Single                         3-H 2-3 1-2 b-1 
