[1]BOXSCORE: 2003 Houston Astros At 2003 New York (NL) Mets            10/4/2003

[1]  Astros             AB  R  H RBI AVG     Mets               AB  R  H RBI AVG
  R.Winn CF           4  2  3  1 .667     R.Alomar 2B         4  1  1  0 .500  
  P.Polanco 3B        5  1  2  0 .333     L.Walker RF         3  1  1  1 .429  
  C.Jones LF          3  2  2  1 .333     J.Olerud 1B         3  0  0  0 .000  
  J.Bagwell 1B        4  1  2  2 .250     E.Alfonzo 3B        3  0  1  0 .286  
  L.Berkman RF        3  1  1  2 .286     M.Vaughn DH         4  0  0  0 .000  
  J.Vizcaino SS       4  0  0  1 .000     M.Mora CF           4  0  0  0 .000  
  R.Klesko DH         4  0  0  0 .250     J.Burnitz LF        3  0  1  0 .333  
  R.Sanchez 2B        5  0  2  0 .400     T.Lampkin C         3  0  2  0 .667  
  B.Ausmus C          4  1  0  0 .143   A-M.Stairs PH         1  0  0  0 .000  
                                          R.Clayton SS        1  0  0  0 .000  
                                        B-T.Wigginton PH      1  0  0  0 .000  
                     -- -- -- ---                            -- -- -- ---      
[1]         Totals      36  8 12  7                 Totals      30  2  6  1

A-Pinch Hit For Lampkin In 9th Inning
B-Pinch Hit For Clayton In 9th Inning

Astros.......... 1 0 3  2 0 2  0 0 0  -  8 12  0
Mets............ 1 0 0  0 0 0  0 1 0  -  2  6  2

[1]Astros                   IP       H   R  ER  BB  SO  HR    ERA  SCORESHEET
P.Martinez WIN(1-0)       9       6   2   2   3  10   1   2.00  A1
[1]Totals                    9       6   2   2   3  10   1

[1]Mets                     IP       H   R  ER  BB  SO  HR    ERA  SCORESHEET
A.Leiter LOSS(0-1)        3       8   6   3   2   1   0   9.00  A1 C2
M.Bacsik                  2       2   1   1   2   1   0   4.50  C3 D3
J.Jimenez                 2 1/3   2   1   1   2   0   0   3.37  D4 E5
M.Guthrie                 1 2/3   0   0   0   0   0   0   0.00  E6
[1]Totals                    9      12   8   5   6   2   0

ATTENDANCE- 53,874 DATE-  TIME- Night 
UMPIRES- Ian Lamplugh, Marvin Hudson, Gary Cederstrom, Dale Scott
T- 3:06
LEFT ON BASE- Astros:10  Mets: 7
DOUBLE PLAYS- Astros: 1  Mets: 2
ERRORS- J.Burnitz-2
DOUBLES- R.Winn-2(3rd), J.Burnitz(1st)
TRIPLES- J.Bagwell(1st)
HOME RUNS- L.Walker(1st)
STOLEN BASES- L.Berkman(1st)
SACRIFICE HITS- R.Clayton-2
SACRIFICE FLIES- L.Berkman-2, J.Vizcaino
WALKS- R.Winn, C.Jones-2, J.Bagwell, R.Klesko, B.Ausmus, L.Walker, J.Olerud,
       E.Alfonzo
HIT BY PITCH- J.Burnitz
STRIKE OUTS- J.Bagwell, R.Klesko, R.Alomar, L.Walker, J.Olerud, M.Vaughn-3,
             J.Burnitz, T.Lampkin, M.Stairs, R.Clayton
GIDP- R.Winn, J.Vizcaino, E.Alfonzo

Pedro Martinez dominated striking out 10 New York (NL) batters as the Houston
Astros defeated the New York (NL) Mets by a score of 8 to 2 at Shea
Stadium.

Martinez(1-0) put on a good performance.  He gave up just 6 hits and 3 walks
in 9 innings.  Houston finished with 12 hits in the victory.  

Al Leiter(0-1) took the loss.  He was unable to control the Houston offense
and allowed 8 hits and 2 walks in 3 innings.  

Martinez didn't realize how many strikeouts he was racking up.  When told he
had 10 he was obviously surprised, 'No kidding? Man, I knew that I had decent
total, but I didn't think I had K'd that many.  Say, that's pretty good,
isn't it?'
[2]
[1]SCORESHEET: 2003 Houston Astros at 2003 New York (NL) Mets
R.Winn-A1    A1:Do      B1:G-DP/4  C1:Si>3#   D1:Do>13   E1:W>b1
                        63>1o                            
                                                         
P.Polanc-A1  A2:G/63>2  *3*:Si     C2:Si>12   D2:L/5     E2:F/9
             3                                           
                                                         
C.Jones-A1   A3:Si>3#   B3:Si>13   C3:L/6     *6*:W>b1   *8*:W>b1
                                                         
                                                         
J.Bagwel-A1  A4:K       B4:Si>3#   C4:W>23 1  D4:Tr>1#   E4:F/7
                        12         2 b1                  
                                                         
L.Berkma-A1  A5:F/7     B5:Force/  C5:SF/9>3  D5:SF/9>3  E5:Si>13
                        54>23 1o   #          #          
                        b1                               
J.Vizcai-A1  *2*:G/63   B6:SB>12   C6:F/9     D6:G/63    E6:G-DP/6
                        SF+E/7>3#                        43>1o
                        2# b2                            
R.Klesko-A1  A7:W>b1    B7:P/2     *5*:K      D7:F/8     *9*:G/13
                                                         
                                                         
R.Sanche-A1  A8:Si>12   B8:G/13    C8:Si      *7*:G/63   E8:G/3
                                                         
                                                         
B.Ausmus-A1  A9:W>23 1  *4*:E/7>b  C9:P/2     D9:G/53    E9:G/63
             2 b1       3                                
                                                         

R.Alomar-A1  A1:Si      B1:P/4     C1:L/4     D1:K
                                              
                                              
L.Walker-A1  A2:W>12 b  *3*:K      C2:G/13    *8*:HR>b#
             1                                
                                              
J.Olerud-A1  A3:W>23 1  B3:F/9     *6*:G/63   D3:K
             2 b1                             
                                              
E.Alfonz-A1  A4:G-DP/4  B4:FO/5    C4:W>b1    D4:Si
             63>3# 23                         
             1o                               
M.Vaughn-A1  A5:G/63    *4*:K      C5:K       D5:K
                                              
                                              
M.Mora-A1    *2*:F/7    B6:G/13    C6:F/8     D6:G/63
                                              
                                              
J.Burnit-A1  A7:HBP     B7:K       *7*:Do     *9*:F/8
                                              
                                              
T.Lampki-A1  A8:Si>12   *5*:Si     C8:K       D8:K
M.Stairs-D8                                   
                                              
R.Clayto-A1  A9:Sac/14  B9:Sac/14  C9:K       D9:L/6
T.Wiggin-D9  >23 12     >12                   
                                              


