[1]BOXSCORE: 2003 Houston Astros At 2003 New York (NL) Mets            10/4/2003

[1]  Astros             AB  R  H RBI AVG     Mets               AB  R  H RBI AVG
  R.Winn CF           5  0  3  0 .600     J.Franco DH         4  0  1  0 .250  
  P.Polanco SS        4  0  1  0 .250     L.Walker RF         4  1  2  0 .500  
  C.Jones LF          3  1  0  0 .000     E.Alfonzo 3B        4  0  1  0 .250  
  L.Berkman RF        4  0  1  0 .250     R.Sanders LF        4  0  1  1 .250  
  R.Klesko DH         4  0  2  1 .500     M.Mora CF           4  0  0  0 .000  
  J.Bagwell 1B        4  0  0  0 .000     J.Olerud 1B         3  0  0  0 .000  
  C.Biggio 2B         2  0  0  0 .000     D.Mirabelli C       4  1  1  1 .250  
A-R.Lankford PH       1  0  0  0 .000     M.Bordick SS        2  0  0  0 .000  
  A.Beltre 3B         3  0  0  0 .000     R.Alomar 2B         2  0  2  01.000  
  B.Ausmus C          3  0  1  0 .333                                          
B-J.Larue PH          1  0  0  0 .000                                          
                     -- -- -- ---                            -- -- -- ---      
[1]         Totals      34  1  8  1                 Totals      31  2  8  2

A-Pinch Hit For Biggio In 9th Inning
B-Pinch Hit For Ausmus In 9th Inning

Astros.......... 0 0 0  0 0 1  0 0 0  -  1  8  0
Mets............ 0 0 0  1 1 0  0 0    -  2  8  0

[1]Astros                   IP       H   R  ER  BB  SO  HR    ERA  SCORESHEET
J.Washburn LOSS(0-1)      8       8   2   2   2   8   1   2.25  A1
[1]Totals                    8       8   2   2   2   8   1

[1]Mets                     IP       H   R  ER  BB  SO  HR    ERA  SCORESHEET
T.Wakefield WIN(1-0)      6 2/3   7   1   1   2   6   0   1.35  A1 D2
M.Guthrie HOLD(1st)       1       0   0   0   0   1   0   0.00  D3 D5
J.Jimenez HOLD(1st)       0 1/3   0   0   0   0   1   0   0.00  D6 D6
B.Donnelly SAVE(1st)      1       1   0   0   0   0   0   0.00  D7
[1]Totals                    9       8   1   1   2   8   0

ATTENDANCE- 51,756 DATE-  TIME- Day 
UMPIRES- Jerry Crawford, Mike Everett, Brian Gorman, Mike Dimuro
T- 2:29
LEFT ON BASE- Astros: 9  Mets: 8
DOUBLE PLAYS- Astros: 0  Mets: 0
DOUBLES- R.Winn(1st), L.Berkman(1st), L.Walker(1st)
HOME RUNS- D.Mirabelli(1st)
STOLEN BASES- R.Winn(1st), P.Polanco(1st)
SACRIFICE HITS- R.Alomar
WALKS- C.Jones, C.Biggio, J.Olerud, M.Bordick
HIT BY PITCH- A.Beltre
STRIKE OUTS- R.Winn, P.Polanco, C.Jones, R.Klesko-2, J.Bagwell-2, B.Ausmus,
             L.Walker, R.Sanders-2, M.Mora-2, D.Mirabelli-2, M.Bordick

At Shea Stadium, the New York (NL) fans witnessed a great pitcher's duel.  Tim
Wakefield(1-0) finally bested his Houston opposite, Jarrod Washburn(0-1), by
the score of 2 to 1.

New York (NL) went ahead for good in the bottom of the 4th inning scoring one
runner.  Houston had a chance in the 9th but they came up short.  

Brendan Donnelly recorded the save, his 1st.  The losing pitcher was Washburn.
Larry Spencer was subdued when questioned after the game, 'Sure, this kind
of loss takes a while to get over, but heck, we're all professionals.  We've
been through this many times - it's the nature of the game.  We'll be fine -
as for me - I'll be ready to go again tomorrow!'
[2]
[1]SCORESHEET: 2003 Houston Astros at 2003 New York (NL) Mets
R.Winn-A1    A1:K       *3*:G/63   C1:Si>13   D1:Si      E1:Do>1o
                                                         
                                                         
P.Polanc-A1  A2:K       B2:F/7     C2:SB>12   D2:Si>13
                                   G/13       
                                              
C.Jones-A1   A3:G/63    B3:K       *6*:W>b1   D3:SB>12
                                              F/8
                                              
L.Berkma-A1  *2*:Do     *4*:F/7    C4:G/43>1  *8*:F/9
                                   2          
                                              
R.Klesko-A1  A5:Si>23   B5:K       C5:Si>2#   D5:K
                                              
                                              
J.Bagwel-A1  A6:G/13>1  B6:K       C6:F/9     D6:K
             2                                
                                              
C.Biggio-A1  A7:W>b1    *5*:L/6    C7:G/63    *9*:L/4
R.Lankfo-D7                                   
                                              
A.Beltre-A1  A8:F/9     B8:G/63    *7*:G/53   D8:HBP
                                              
                                              
B.Ausmus-A1  A9:K       B9:Si      C9:G/63    D9:FO/2
J.Larue-D9                                    
                                              

J.Franco-A1  A1:Si      B1:P/6     C1:L/6     D1:G/63
                                              
                                              
L.Walker-A1  A2:K       *3*:Si     *5*:Do     *7*:G/53
                                              
                                              
E.Alfonz-A1  A3:Si>13   B3:G/3>12  C3:G/63>2  D3:F/8
                                   3          
                                              
R.Sander-A1  A4:L/6     B4:K       C4:Si>3#   D4:K
                                              
                                              
M.Mora-A1    A5:F/8     B5:G/13    C5:K       *8*:K
                                              
                                              
J.Olerud-A1  *2*:W>b1   *4*:F/9    C6:L/4     D6:FO/2
                                              
                                              
D.Mirabe-A1  A7:K       B7:HR>b#   *6*:K      D7:F/9
                                              
                                              
M.Bordic-A1  A8:K       B8:W>b1    C8:F/8
                                   
                                   
R.Alomar-A1  A9:Si>13   B9:Sac/54  C9:Si
                        >12        
                                   


