2011.04.26 08:36 B C:\CBL\Website\2011cb\WebBuilder\ALleaders.js --> ftp.tripod.com /2011cb/WebBuilder ALleaders.js
2011.04.26 08:36 B C:\CBL\Website\2011cb\WebBuilder\ALtotals.js --> ftp.tripod.com /2011cb/WebBuilder ALtotals.js
2011.04.26 08:36 B C:\CBL\Website\2011cb\WebBuilder\back.jpg --> ftp.tripod.com /2011cb/WebBuilder back.jpg
2011.04.26 08:36 B C:\CBL\Website\2011cb\WebBuilder\bATN.js --> ftp.tripod.com /2011cb/WebBuilder bATN.js
2011.04.26 08:36 B C:\CBL\Website\2011cb\WebBuilder\batter.gif --> ftp.tripod.com /2011cb/WebBuilder batter.gif
2011.04.26 08:36 B C:\CBL\Website\2011cb\WebBuilder\bBAA.js --> ftp.tripod.com /2011cb/WebBuilder bBAA.js
2011.04.26 08:36 B C:\CBL\Website\2011cb\WebBuilder\bBOA.js --> ftp.tripod.com /2011cb/WebBuilder bBOA.js
2011.04.26 08:36 B C:\CBL\Website\2011cb\WebBuilder\bCHA.js --> ftp.tripod.com /2011cb/WebBuilder bCHA.js
2011.04.26 08:36 B C:\CBL\Website\2011cb\WebBuilder\bCHN.js --> ftp.tripod.com /2011cb/WebBuilder bCHN.js
2011.04.26 08:36 B C:\CBL\Website\2011cb\WebBuilder\bCIN.js --> ftp.tripod.com /2011cb/WebBuilder bCIN.js
2011.04.26 08:36 B C:\CBL\Website\2011cb\WebBuilder\bCLA.js --> ftp.tripod.com /2011cb/WebBuilder bCLA.js
2011.04.26 08:36 B C:\CBL\Website\2011cb\WebBuilder\bDEA.js --> ftp.tripod.com /2011cb/WebBuilder bDEA.js
2011.04.26 08:36 B C:\CBL\Website\2011cb\WebBuilder\bHON.js --> ftp.tripod.com /2011cb/WebBuilder bHON.js
2011.04.26 08:36 B C:\CBL\Website\2011cb\WebBuilder\bKCA.js --> ftp.tripod.com /2011cb/WebBuilder bKCA.js
2011.04.26 08:36 B C:\CBL\Website\2011cb\WebBuilder\bLAA.js --> ftp.tripod.com /2011cb/WebBuilder bLAA.js
2011.04.26 08:37 B C:\CBL\Website\2011cb\WebBuilder\bLAN.js --> ftp.tripod.com /2011cb/WebBuilder bLAN.js
2011.04.26 08:37 B C:\CBL\Website\2011cb\WebBuilder\bMNA.js --> ftp.tripod.com /2011cb/WebBuilder bMNA.js
2011.04.26 08:37 B C:\CBL\Website\2011cb\WebBuilder\bNYA.js --> ftp.tripod.com /2011cb/WebBuilder bNYA.js
2011.04.26 08:37 B C:\CBL\Website\2011cb\WebBuilder\bNYN.js --> ftp.tripod.com /2011cb/WebBuilder bNYN.js
2011.04.26 08:37 B C:\CBL\Website\2011cb\WebBuilder\bOAA.js --> ftp.tripod.com /2011cb/WebBuilder bOAA.js
2011.04.26 08:37 B C:\CBL\Website\2011cb\WebBuilder\bPHN.js --> ftp.tripod.com /2011cb/WebBuilder bPHN.js
2011.04.26 08:37 B C:\CBL\Website\2011cb\WebBuilder\bPIN.js --> ftp.tripod.com /2011cb/WebBuilder bPIN.js
2011.04.26 08:37 B C:\CBL\Website\2011cb\WebBuilder\bplayer.html --> ftp.tripod.com /2011cb/WebBuilder bplayer.html
2011.04.26 08:37 B C:\CBL\Website\2011cb\WebBuilder\bSDN.js --> ftp.tripod.com /2011cb/WebBuilder bSDN.js
2011.04.26 08:37 B C:\CBL\Website\2011cb\WebBuilder\bSEA.js --> ftp.tripod.com /2011cb/WebBuilder bSEA.js
2011.04.26 08:37 B C:\CBL\Website\2011cb\WebBuilder\bSFN.js --> ftp.tripod.com /2011cb/WebBuilder bSFN.js
2011.04.26 08:37 B C:\CBL\Website\2011cb\WebBuilder\bSLN.js --> ftp.tripod.com /2011cb/WebBuilder bSLN.js
2011.04.26 08:37 B C:\CBL\Website\2011cb\WebBuilder\bTOA.js --> ftp.tripod.com /2011cb/WebBuilder bTOA.js
2011.04.26 08:37 B C:\CBL\Website\2011cb\WebBuilder\bWAN.js --> ftp.tripod.com /2011cb/WebBuilder bWAN.js
2011.04.26 08:37 B C:\CBL\Website\2011cb\WebBuilder\custom.js --> ftp.tripod.com /2011cb/WebBuilder custom.js
2011.04.26 08:37 B C:\CBL\Website\2011cb\WebBuilder\diamond.gif --> ftp.tripod.com /2011cb/WebBuilder diamond.gif
2011.04.26 08:37 B C:\CBL\Website\2011cb\WebBuilder\dyndata.js --> ftp.tripod.com /2011cb/WebBuilder dyndata.js
2011.04.26 08:37 B C:\CBL\Website\2011cb\WebBuilder\grand1.html --> ftp.tripod.com /2011cb/WebBuilder grand1.html
2011.04.26 08:37 B C:\CBL\Website\2011cb\WebBuilder\grand2.html --> ftp.tripod.com /2011cb/WebBuilder grand2.html
2011.04.26 08:37 B C:\CBL\Website\2011cb\WebBuilder\green.gif --> ftp.tripod.com /2011cb/WebBuilder green.gif
2011.04.26 08:37 B C:\CBL\Website\2011cb\WebBuilder\index.html --> ftp.tripod.com /2011cb/WebBuilder index.html
2011.04.26 08:37 B C:\CBL\Website\2011cb\WebBuilder\leaders.html --> ftp.tripod.com /2011cb/WebBuilder leaders.html
2011.04.26 08:37 B C:\CBL\Website\2011cb\WebBuilder\leaders.js --> ftp.tripod.com /2011cb/WebBuilder leaders.js
2011.04.26 08:37 B C:\CBL\Website\2011cb\WebBuilder\leaguedata.js --> ftp.tripod.com /2011cb/WebBuilder leaguedata.js
2011.04.26 08:37 B C:\CBL\Website\2011cb\WebBuilder\my_logo.gif --> ftp.tripod.com /2011cb/WebBuilder my_logo.gif
2011.04.26 08:37 B C:\CBL\Website\2011cb\WebBuilder\NLleaders.js --> ftp.tripod.com /2011cb/WebBuilder NLleaders.js
2011.04.26 08:37 B C:\CBL\Website\2011cb\WebBuilder\NLtotals.js --> ftp.tripod.com /2011cb/WebBuilder NLtotals.js
2011.04.26 08:37 B C:\CBL\Website\2011cb\WebBuilder\pATN.js --> ftp.tripod.com /2011cb/WebBuilder pATN.js
2011.04.26 08:37 B C:\CBL\Website\2011cb\WebBuilder\pBAA.js --> ftp.tripod.com /2011cb/WebBuilder pBAA.js
2011.04.26 08:37 B C:\CBL\Website\2011cb\WebBuilder\pBOA.js --> ftp.tripod.com /2011cb/WebBuilder pBOA.js
2011.04.26 08:37 B C:\CBL\Website\2011cb\WebBuilder\pCHA.js --> ftp.tripod.com /2011cb/WebBuilder pCHA.js
2011.04.26 08:37 B C:\CBL\Website\2011cb\WebBuilder\pCHN.js --> ftp.tripod.com /2011cb/WebBuilder pCHN.js
2011.04.26 08:37 B C:\CBL\Website\2011cb\WebBuilder\pCIN.js --> ftp.tripod.com /2011cb/WebBuilder pCIN.js
2011.04.26 08:37 B C:\CBL\Website\2011cb\WebBuilder\pCLA.js --> ftp.tripod.com /2011cb/WebBuilder pCLA.js
2011.04.26 08:37 B C:\CBL\Website\2011cb\WebBuilder\pDEA.js --> ftp.tripod.com /2011cb/WebBuilder pDEA.js
2011.04.26 08:37 B C:\CBL\Website\2011cb\WebBuilder\pHON.js --> ftp.tripod.com /2011cb/WebBuilder pHON.js
2011.04.26 08:37 B C:\CBL\Website\2011cb\WebBuilder\pitcher.gif --> ftp.tripod.com /2011cb/WebBuilder pitcher.gif
2011.04.26 08:37 B C:\CBL\Website\2011cb\WebBuilder\pixel.gif --> ftp.tripod.com /2011cb/WebBuilder pixel.gif
2011.04.26 08:37 B C:\CBL\Website\2011cb\WebBuilder\pKCA.js --> ftp.tripod.com /2011cb/WebBuilder pKCA.js
2011.04.26 08:37 B C:\CBL\Website\2011cb\WebBuilder\pLAA.js --> ftp.tripod.com /2011cb/WebBuilder pLAA.js
2011.04.26 08:37 B C:\CBL\Website\2011cb\WebBuilder\pLAN.js --> ftp.tripod.com /2011cb/WebBuilder pLAN.js
2011.04.26 08:37 B C:\CBL\Website\2011cb\WebBuilder\players.js --> ftp.tripod.com /2011cb/WebBuilder players.js
2011.04.26 08:37 B C:\CBL\Website\2011cb\WebBuilder\pMNA.js --> ftp.tripod.com /2011cb/WebBuilder pMNA.js
2011.04.26 08:37 B C:\CBL\Website\2011cb\WebBuilder\pNYA.js --> ftp.tripod.com /2011cb/WebBuilder pNYA.js
2011.04.26 08:37 B C:\CBL\Website\2011cb\WebBuilder\pNYN.js --> ftp.tripod.com /2011cb/WebBuilder pNYN.js
2011.04.26 08:37 B C:\CBL\Website\2011cb\WebBuilder\pOAA.js --> ftp.tripod.com /2011cb/WebBuilder pOAA.js
2011.04.26 08:37 B C:\CBL\Website\2011cb\WebBuilder\pPHN.js --> ftp.tripod.com /2011cb/WebBuilder pPHN.js
2011.04.26 08:37 B C:\CBL\Website\2011cb\WebBuilder\pPIN.js --> ftp.tripod.com /2011cb/WebBuilder pPIN.js
2011.04.26 08:37 B C:\CBL\Website\2011cb\WebBuilder\pplayer.html --> ftp.tripod.com /2011cb/WebBuilder pplayer.html
2011.04.26 08:37 B C:\CBL\Website\2011cb\WebBuilder\pSDN.js --> ftp.tripod.com /2011cb/WebBuilder pSDN.js
2011.04.26 08:37 B C:\CBL\Website\2011cb\WebBuilder\pSEA.js --> ftp.tripod.com /2011cb/WebBuilder pSEA.js
2011.04.26 08:37 B C:\CBL\Website\2011cb\WebBuilder\pSFN.js --> ftp.tripod.com /2011cb/WebBuilder pSFN.js
2011.04.26 08:37 B C:\CBL\Website\2011cb\WebBuilder\pSLN.js --> ftp.tripod.com /2011cb/WebBuilder pSLN.js
2011.04.26 08:37 B C:\CBL\Website\2011cb\WebBuilder\pTOA.js --> ftp.tripod.com /2011cb/WebBuilder pTOA.js
2011.04.26 08:37 B C:\CBL\Website\2011cb\WebBuilder\pWAN.js --> ftp.tripod.com /2011cb/WebBuilder pWAN.js
2011.04.26 08:37 B C:\CBL\Website\2011cb\WebBuilder\stats.css --> ftp.tripod.com /2011cb/WebBuilder stats.css
2011.04.26 08:37 B C:\CBL\Website\2011cb\WebBuilder\stats.js --> ftp.tripod.com /2011cb/WebBuilder stats.js
2011.04.26 08:37 B C:\CBL\Website\2011cb\WebBuilder\stratomatic.jpg --> ftp.tripod.com /2011cb/WebBuilder stratomatic.jpg
2011.04.26 08:37 B C:\CBL\Website\2011cb\WebBuilder\team.html --> ftp.tripod.com /2011cb/WebBuilder team.html
2011.04.26 08:37 B C:\CBL\Website\2011cb\WebBuilder\teamatn.js --> ftp.tripod.com /2011cb/WebBuilder teamatn.js
2011.04.26 08:37 B C:\CBL\Website\2011cb\WebBuilder\teambaa.js --> ftp.tripod.com /2011cb/WebBuilder teambaa.js
2011.04.26 08:37 B C:\CBL\Website\2011cb\WebBuilder\teamboa.js --> ftp.tripod.com /2011cb/WebBuilder teamboa.js
2011.04.26 08:37 B C:\CBL\Website\2011cb\WebBuilder\teamcha.js --> ftp.tripod.com /2011cb/WebBuilder teamcha.js
2011.04.26 08:37 B C:\CBL\Website\2011cb\WebBuilder\teamchn.js --> ftp.tripod.com /2011cb/WebBuilder teamchn.js
2011.04.26 08:37 B C:\CBL\Website\2011cb\WebBuilder\teamcin.js --> ftp.tripod.com /2011cb/WebBuilder teamcin.js
2011.04.26 08:37 B C:\CBL\Website\2011cb\WebBuilder\teamcla.js --> ftp.tripod.com /2011cb/WebBuilder teamcla.js
2011.04.26 08:37 B C:\CBL\Website\2011cb\WebBuilder\teamdea.js --> ftp.tripod.com /2011cb/WebBuilder teamdea.js
2011.04.26 08:37 B C:\CBL\Website\2011cb\WebBuilder\teamhon.js --> ftp.tripod.com /2011cb/WebBuilder teamhon.js
2011.04.26 08:37 B C:\CBL\Website\2011cb\WebBuilder\teamkca.js --> ftp.tripod.com /2011cb/WebBuilder teamkca.js
2011.04.26 08:37 B C:\CBL\Website\2011cb\WebBuilder\teamlaa.js --> ftp.tripod.com /2011cb/WebBuilder teamlaa.js
2011.04.26 08:37 B C:\CBL\Website\2011cb\WebBuilder\teamlan.js --> ftp.tripod.com /2011cb/WebBuilder teamlan.js
2011.04.26 08:37 B C:\CBL\Website\2011cb\WebBuilder\teammna.js --> ftp.tripod.com /2011cb/WebBuilder teammna.js
2011.04.26 08:37 B C:\CBL\Website\2011cb\WebBuilder\teamnya.js --> ftp.tripod.com /2011cb/WebBuilder teamnya.js
2011.04.26 08:37 B C:\CBL\Website\2011cb\WebBuilder\teamnyn.js --> ftp.tripod.com /2011cb/WebBuilder teamnyn.js
2011.04.26 08:37 B C:\CBL\Website\2011cb\WebBuilder\teamoaa.js --> ftp.tripod.com /2011cb/WebBuilder teamoaa.js
2011.04.26 08:37 B C:\CBL\Website\2011cb\WebBuilder\teamphn.js --> ftp.tripod.com /2011cb/WebBuilder teamphn.js
2011.04.26 08:37 B C:\CBL\Website\2011cb\WebBuilder\teampin.js --> ftp.tripod.com /2011cb/WebBuilder teampin.js
2011.04.26 08:37 B C:\CBL\Website\2011cb\WebBuilder\teams.js --> ftp.tripod.com /2011cb/WebBuilder teams.js
2011.04.26 08:37 B C:\CBL\Website\2011cb\WebBuilder\teamsdn.js --> ftp.tripod.com /2011cb/WebBuilder teamsdn.js
2011.04.26 08:37 B C:\CBL\Website\2011cb\WebBuilder\teamsea.js --> ftp.tripod.com /2011cb/WebBuilder teamsea.js
2011.04.26 08:37 B C:\CBL\Website\2011cb\WebBuilder\teamsfn.js --> ftp.tripod.com /2011cb/WebBuilder teamsfn.js
2011.04.26 08:37 B C:\CBL\Website\2011cb\WebBuilder\teamsln.js --> ftp.tripod.com /2011cb/WebBuilder teamsln.js
2011.04.26 08:37 B C:\CBL\Website\2011cb\WebBuilder\teamtoa.js --> ftp.tripod.com /2011cb/WebBuilder teamtoa.js
2011.04.26 08:37 B C:\CBL\Website\2011cb\WebBuilder\teamwan.js --> ftp.tripod.com /2011cb/WebBuilder teamwan.js
2011.04.26 08:37 B C:\CBL\Website\2011cb\WebBuilder\totals.js --> ftp.tripod.com /2011cb/WebBuilder totals.js
2011.04.26 08:37 B C:\CBL\Website\2011cb\WebBuilder\traded.js --> ftp.tripod.com /2011cb/WebBuilder traded.js
2011.05.28 09:26 B C:\CBL\Website\2011cb\WebBuilder\ALleaders.js --> ftp.tripod.com /2011cb/WebBuilder ALleaders.js
2011.05.28 09:26 B C:\CBL\Website\2011cb\WebBuilder\ALtotals.js --> ftp.tripod.com /2011cb/WebBuilder ALtotals.js
2011.05.28 09:27 B C:\CBL\Website\2011cb\WebBuilder\back.jpg --> ftp.tripod.com /2011cb/WebBuilder back.jpg
2011.05.28 09:27 B C:\CBL\Website\2011cb\WebBuilder\bATN.js --> ftp.tripod.com /2011cb/WebBuilder bATN.js
2011.05.28 09:27 B C:\CBL\Website\2011cb\WebBuilder\batter.gif --> ftp.tripod.com /2011cb/WebBuilder batter.gif
2011.05.28 09:27 B C:\CBL\Website\2011cb\WebBuilder\bBAA.js --> ftp.tripod.com /2011cb/WebBuilder bBAA.js
2011.05.28 09:27 B C:\CBL\Website\2011cb\WebBuilder\bBOA.js --> ftp.tripod.com /2011cb/WebBuilder bBOA.js
2011.05.28 09:27 B C:\CBL\Website\2011cb\WebBuilder\bCHA.js --> ftp.tripod.com /2011cb/WebBuilder bCHA.js
2011.05.28 09:27 B C:\CBL\Website\2011cb\WebBuilder\bCHN.js --> ftp.tripod.com /2011cb/WebBuilder bCHN.js
2011.05.28 09:27 B C:\CBL\Website\2011cb\WebBuilder\bCIN.js --> ftp.tripod.com /2011cb/WebBuilder bCIN.js
2011.05.28 09:27 B C:\CBL\Website\2011cb\WebBuilder\bCLA.js --> ftp.tripod.com /2011cb/WebBuilder bCLA.js
2011.05.28 09:27 B C:\CBL\Website\2011cb\WebBuilder\bDEA.js --> ftp.tripod.com /2011cb/WebBuilder bDEA.js
2011.05.28 09:27 B C:\CBL\Website\2011cb\WebBuilder\bHON.js --> ftp.tripod.com /2011cb/WebBuilder bHON.js
2011.05.28 09:27 B C:\CBL\Website\2011cb\WebBuilder\bKCA.js --> ftp.tripod.com /2011cb/WebBuilder bKCA.js
2011.05.28 09:27 B C:\CBL\Website\2011cb\WebBuilder\bLAA.js --> ftp.tripod.com /2011cb/WebBuilder bLAA.js
2011.05.28 09:27 B C:\CBL\Website\2011cb\WebBuilder\bLAN.js --> ftp.tripod.com /2011cb/WebBuilder bLAN.js
2011.05.28 09:27 B C:\CBL\Website\2011cb\WebBuilder\bMNA.js --> ftp.tripod.com /2011cb/WebBuilder bMNA.js
2011.05.28 09:27 B C:\CBL\Website\2011cb\WebBuilder\bNYA.js --> ftp.tripod.com /2011cb/WebBuilder bNYA.js
2011.05.28 09:27 B C:\CBL\Website\2011cb\WebBuilder\bNYN.js --> ftp.tripod.com /2011cb/WebBuilder bNYN.js
2011.05.28 09:27 B C:\CBL\Website\2011cb\WebBuilder\bOAA.js --> ftp.tripod.com /2011cb/WebBuilder bOAA.js
2011.05.28 09:27 B C:\CBL\Website\2011cb\WebBuilder\bPHN.js --> ftp.tripod.com /2011cb/WebBuilder bPHN.js
2011.05.28 09:27 B C:\CBL\Website\2011cb\WebBuilder\bPIN.js --> ftp.tripod.com /2011cb/WebBuilder bPIN.js
2011.05.28 09:27 B C:\CBL\Website\2011cb\WebBuilder\bplayer.html --> ftp.tripod.com /2011cb/WebBuilder bplayer.html
2011.05.28 09:27 B C:\CBL\Website\2011cb\WebBuilder\bSDN.js --> ftp.tripod.com /2011cb/WebBuilder bSDN.js
2011.05.28 09:27 B C:\CBL\Website\2011cb\WebBuilder\bSEA.js --> ftp.tripod.com /2011cb/WebBuilder bSEA.js
2011.05.28 09:27 B C:\CBL\Website\2011cb\WebBuilder\bSFN.js --> ftp.tripod.com /2011cb/WebBuilder bSFN.js
2011.05.28 09:27 B C:\CBL\Website\2011cb\WebBuilder\bSLN.js --> ftp.tripod.com /2011cb/WebBuilder bSLN.js
2011.05.28 09:27 B C:\CBL\Website\2011cb\WebBuilder\bTOA.js --> ftp.tripod.com /2011cb/WebBuilder bTOA.js
2011.05.28 09:27 B C:\CBL\Website\2011cb\WebBuilder\bWAN.js --> ftp.tripod.com /2011cb/WebBuilder bWAN.js
2011.05.28 09:27 B C:\CBL\Website\2011cb\WebBuilder\custom.js --> ftp.tripod.com /2011cb/WebBuilder custom.js
2011.05.28 09:27 B C:\CBL\Website\2011cb\WebBuilder\diamond.gif --> ftp.tripod.com /2011cb/WebBuilder diamond.gif
2011.05.28 09:27 B C:\CBL\Website\2011cb\WebBuilder\dyndata.js --> ftp.tripod.com /2011cb/WebBuilder dyndata.js
2011.05.28 09:27 B C:\CBL\Website\2011cb\WebBuilder\grand1.html --> ftp.tripod.com /2011cb/WebBuilder grand1.html
2011.05.28 09:27 B C:\CBL\Website\2011cb\WebBuilder\grand2.html --> ftp.tripod.com /2011cb/WebBuilder grand2.html
2011.05.28 09:27 B C:\CBL\Website\2011cb\WebBuilder\green.gif --> ftp.tripod.com /2011cb/WebBuilder green.gif
2011.05.28 09:27 B C:\CBL\Website\2011cb\WebBuilder\index.html --> ftp.tripod.com /2011cb/WebBuilder index.html
2011.05.28 09:27 B C:\CBL\Website\2011cb\WebBuilder\leaders.html --> ftp.tripod.com /2011cb/WebBuilder leaders.html
2011.05.28 09:27 B C:\CBL\Website\2011cb\WebBuilder\leaders.js --> ftp.tripod.com /2011cb/WebBuilder leaders.js
2011.05.28 09:27 B C:\CBL\Website\2011cb\WebBuilder\leaguedata.js --> ftp.tripod.com /2011cb/WebBuilder leaguedata.js
2011.05.28 09:27 B C:\CBL\Website\2011cb\WebBuilder\my_logo.gif --> ftp.tripod.com /2011cb/WebBuilder my_logo.gif
2011.05.28 09:27 B C:\CBL\Website\2011cb\WebBuilder\NLleaders.js --> ftp.tripod.com /2011cb/WebBuilder NLleaders.js
2011.05.28 09:27 B C:\CBL\Website\2011cb\WebBuilder\NLtotals.js --> ftp.tripod.com /2011cb/WebBuilder NLtotals.js
2011.05.28 09:27 B C:\CBL\Website\2011cb\WebBuilder\pATN.js --> ftp.tripod.com /2011cb/WebBuilder pATN.js
2011.05.28 09:27 B C:\CBL\Website\2011cb\WebBuilder\pBAA.js --> ftp.tripod.com /2011cb/WebBuilder pBAA.js
2011.05.28 09:27 B C:\CBL\Website\2011cb\WebBuilder\pBOA.js --> ftp.tripod.com /2011cb/WebBuilder pBOA.js
2011.05.28 09:27 B C:\CBL\Website\2011cb\WebBuilder\pCHA.js --> ftp.tripod.com /2011cb/WebBuilder pCHA.js
2011.05.28 09:27 B C:\CBL\Website\2011cb\WebBuilder\pCHN.js --> ftp.tripod.com /2011cb/WebBuilder pCHN.js
2011.05.28 09:27 B C:\CBL\Website\2011cb\WebBuilder\pCIN.js --> ftp.tripod.com /2011cb/WebBuilder pCIN.js
2011.05.28 09:27 B C:\CBL\Website\2011cb\WebBuilder\pCLA.js --> ftp.tripod.com /2011cb/WebBuilder pCLA.js
2011.05.28 09:27 B C:\CBL\Website\2011cb\WebBuilder\pDEA.js --> ftp.tripod.com /2011cb/WebBuilder pDEA.js
2011.05.28 09:27 B C:\CBL\Website\2011cb\WebBuilder\pHON.js --> ftp.tripod.com /2011cb/WebBuilder pHON.js
2011.05.28 09:27 B C:\CBL\Website\2011cb\WebBuilder\pitcher.gif --> ftp.tripod.com /2011cb/WebBuilder pitcher.gif
2011.05.28 09:27 B C:\CBL\Website\2011cb\WebBuilder\pixel.gif --> ftp.tripod.com /2011cb/WebBuilder pixel.gif
2011.05.28 09:27 B C:\CBL\Website\2011cb\WebBuilder\pKCA.js --> ftp.tripod.com /2011cb/WebBuilder pKCA.js
2011.05.28 09:27 B C:\CBL\Website\2011cb\WebBuilder\pLAA.js --> ftp.tripod.com /2011cb/WebBuilder pLAA.js
2011.05.28 09:27 B C:\CBL\Website\2011cb\WebBuilder\pLAN.js --> ftp.tripod.com /2011cb/WebBuilder pLAN.js
2011.05.28 09:27 B C:\CBL\Website\2011cb\WebBuilder\players.js --> ftp.tripod.com /2011cb/WebBuilder players.js
2011.05.28 09:27 B C:\CBL\Website\2011cb\WebBuilder\pMNA.js --> ftp.tripod.com /2011cb/WebBuilder pMNA.js
2011.05.28 09:27 B C:\CBL\Website\2011cb\WebBuilder\pNYA.js --> ftp.tripod.com /2011cb/WebBuilder pNYA.js
2011.05.28 09:27 B C:\CBL\Website\2011cb\WebBuilder\pNYN.js --> ftp.tripod.com /2011cb/WebBuilder pNYN.js
2011.05.28 09:27 B C:\CBL\Website\2011cb\WebBuilder\pOAA.js --> ftp.tripod.com /2011cb/WebBuilder pOAA.js
2011.05.28 09:27 B C:\CBL\Website\2011cb\WebBuilder\pPHN.js --> ftp.tripod.com /2011cb/WebBuilder pPHN.js
2011.05.28 09:27 B C:\CBL\Website\2011cb\WebBuilder\pPIN.js --> ftp.tripod.com /2011cb/WebBuilder pPIN.js
2011.05.28 09:27 B C:\CBL\Website\2011cb\WebBuilder\pplayer.html --> ftp.tripod.com /2011cb/WebBuilder pplayer.html
2011.05.28 09:27 B C:\CBL\Website\2011cb\WebBuilder\pSDN.js --> ftp.tripod.com /2011cb/WebBuilder pSDN.js
2011.05.28 09:27 B C:\CBL\Website\2011cb\WebBuilder\pSEA.js --> ftp.tripod.com /2011cb/WebBuilder pSEA.js
2011.05.28 09:27 B C:\CBL\Website\2011cb\WebBuilder\pSFN.js --> ftp.tripod.com /2011cb/WebBuilder pSFN.js
2011.05.28 09:27 B C:\CBL\Website\2011cb\WebBuilder\pSLN.js --> ftp.tripod.com /2011cb/WebBuilder pSLN.js
2011.05.28 09:27 B C:\CBL\Website\2011cb\WebBuilder\pTOA.js --> ftp.tripod.com /2011cb/WebBuilder pTOA.js
2011.05.28 09:27 B C:\CBL\Website\2011cb\WebBuilder\pWAN.js --> ftp.tripod.com /2011cb/WebBuilder pWAN.js
2011.05.28 09:27 B C:\CBL\Website\2011cb\WebBuilder\stats.css --> ftp.tripod.com /2011cb/WebBuilder stats.css
2011.05.28 09:27 B C:\CBL\Website\2011cb\WebBuilder\stats.js --> ftp.tripod.com /2011cb/WebBuilder stats.js
2011.05.28 09:27 B C:\CBL\Website\2011cb\WebBuilder\stratomatic.jpg --> ftp.tripod.com /2011cb/WebBuilder stratomatic.jpg
2011.05.28 09:27 B C:\CBL\Website\2011cb\WebBuilder\team.html --> ftp.tripod.com /2011cb/WebBuilder team.html
2011.05.28 09:27 B C:\CBL\Website\2011cb\WebBuilder\teamatn.js --> ftp.tripod.com /2011cb/WebBuilder teamatn.js
2011.05.28 09:27 B C:\CBL\Website\2011cb\WebBuilder\teambaa.js --> ftp.tripod.com /2011cb/WebBuilder teambaa.js
2011.05.28 09:27 B C:\CBL\Website\2011cb\WebBuilder\teamboa.js --> ftp.tripod.com /2011cb/WebBuilder teamboa.js
2011.05.28 09:27 B C:\CBL\Website\2011cb\WebBuilder\teamcha.js --> ftp.tripod.com /2011cb/WebBuilder teamcha.js
2011.05.28 09:27 B C:\CBL\Website\2011cb\WebBuilder\teamchn.js --> ftp.tripod.com /2011cb/WebBuilder teamchn.js
2011.05.28 09:27 B C:\CBL\Website\2011cb\WebBuilder\teamcin.js --> ftp.tripod.com /2011cb/WebBuilder teamcin.js
2011.05.28 09:27 B C:\CBL\Website\2011cb\WebBuilder\teamcla.js --> ftp.tripod.com /2011cb/WebBuilder teamcla.js
2011.05.28 09:27 B C:\CBL\Website\2011cb\WebBuilder\teamdea.js --> ftp.tripod.com /2011cb/WebBuilder teamdea.js
2011.05.28 09:27 B C:\CBL\Website\2011cb\WebBuilder\teamhon.js --> ftp.tripod.com /2011cb/WebBuilder teamhon.js
2011.05.28 09:27 B C:\CBL\Website\2011cb\WebBuilder\teamkca.js --> ftp.tripod.com /2011cb/WebBuilder teamkca.js
2011.05.28 09:27 B C:\CBL\Website\2011cb\WebBuilder\teamlaa.js --> ftp.tripod.com /2011cb/WebBuilder teamlaa.js
2011.05.28 09:27 B C:\CBL\Website\2011cb\WebBuilder\teamlan.js --> ftp.tripod.com /2011cb/WebBuilder teamlan.js
2011.05.28 09:27 B C:\CBL\Website\2011cb\WebBuilder\teammna.js --> ftp.tripod.com /2011cb/WebBuilder teammna.js
2011.05.28 09:27 B C:\CBL\Website\2011cb\WebBuilder\teamnya.js --> ftp.tripod.com /2011cb/WebBuilder teamnya.js
2011.05.28 09:27 B C:\CBL\Website\2011cb\WebBuilder\teamnyn.js --> ftp.tripod.com /2011cb/WebBuilder teamnyn.js
2011.05.28 09:27 B C:\CBL\Website\2011cb\WebBuilder\teamoaa.js --> ftp.tripod.com /2011cb/WebBuilder teamoaa.js
2011.05.28 09:27 B C:\CBL\Website\2011cb\WebBuilder\teamphn.js --> ftp.tripod.com /2011cb/WebBuilder teamphn.js
2011.05.28 09:27 B C:\CBL\Website\2011cb\WebBuilder\teampin.js --> ftp.tripod.com /2011cb/WebBuilder teampin.js
2011.05.28 09:27 B C:\CBL\Website\2011cb\WebBuilder\teams.js --> ftp.tripod.com /2011cb/WebBuilder teams.js
2011.05.28 09:27 B C:\CBL\Website\2011cb\WebBuilder\teamsdn.js --> ftp.tripod.com /2011cb/WebBuilder teamsdn.js
2011.05.28 09:27 B C:\CBL\Website\2011cb\WebBuilder\teamsea.js --> ftp.tripod.com /2011cb/WebBuilder teamsea.js
2011.05.28 09:27 B C:\CBL\Website\2011cb\WebBuilder\teamsfn.js --> ftp.tripod.com /2011cb/WebBuilder teamsfn.js
2011.05.28 09:27 B C:\CBL\Website\2011cb\WebBuilder\teamsln.js --> ftp.tripod.com /2011cb/WebBuilder teamsln.js
2011.05.28 09:27 B C:\CBL\Website\2011cb\WebBuilder\teamtoa.js --> ftp.tripod.com /2011cb/WebBuilder teamtoa.js
2011.05.28 09:27 B C:\CBL\Website\2011cb\WebBuilder\teamwan.js --> ftp.tripod.com /2011cb/WebBuilder teamwan.js
2011.05.28 09:27 B C:\CBL\Website\2011cb\WebBuilder\totals.js --> ftp.tripod.com /2011cb/WebBuilder totals.js
2011.05.28 09:27 B C:\CBL\Website\2011cb\WebBuilder\traded.js --> ftp.tripod.com /2011cb/WebBuilder traded.js
2011.06.24 09:48 B C:\CBL\Website\2011cb\WebBuilder\ALleaders.js --> ftp.tripod.com /2011cb/WebBuilder ALleaders.js
2011.06.24 09:49 B C:\CBL\Website\2011cb\WebBuilder\ALtotals.js --> ftp.tripod.com /2011cb/WebBuilder ALtotals.js
2011.06.24 09:49 B C:\CBL\Website\2011cb\WebBuilder\bATN.js --> ftp.tripod.com /2011cb/WebBuilder bATN.js
2011.06.24 09:49 B C:\CBL\Website\2011cb\WebBuilder\bBAA.js --> ftp.tripod.com /2011cb/WebBuilder bBAA.js
2011.06.24 09:50 B C:\CBL\Website\2011cb\WebBuilder\bBOA.js --> ftp.tripod.com /2011cb/WebBuilder bBOA.js
2011.06.24 09:50 B C:\CBL\Website\2011cb\WebBuilder\bCHA.js --> ftp.tripod.com /2011cb/WebBuilder bCHA.js
2011.06.24 09:50 B C:\CBL\Website\2011cb\WebBuilder\bCHN.js --> ftp.tripod.com /2011cb/WebBuilder bCHN.js
2011.06.24 09:50 B C:\CBL\Website\2011cb\WebBuilder\bCIN.js --> ftp.tripod.com /2011cb/WebBuilder bCIN.js
2011.06.24 09:50 B C:\CBL\Website\2011cb\WebBuilder\bCLA.js --> ftp.tripod.com /2011cb/WebBuilder bCLA.js
2011.06.24 09:50 B C:\CBL\Website\2011cb\WebBuilder\bDEA.js --> ftp.tripod.com /2011cb/WebBuilder bDEA.js
2011.06.24 09:50 B C:\CBL\Website\2011cb\WebBuilder\bHON.js --> ftp.tripod.com /2011cb/WebBuilder bHON.js
2011.06.24 09:50 B C:\CBL\Website\2011cb\WebBuilder\bKCA.js --> ftp.tripod.com /2011cb/WebBuilder bKCA.js
2011.06.24 09:50 B C:\CBL\Website\2011cb\WebBuilder\bLAA.js --> ftp.tripod.com /2011cb/WebBuilder bLAA.js
2011.06.24 09:50 B C:\CBL\Website\2011cb\WebBuilder\bLAN.js --> ftp.tripod.com /2011cb/WebBuilder bLAN.js
2011.06.24 09:50 B C:\CBL\Website\2011cb\WebBuilder\bMNA.js --> ftp.tripod.com /2011cb/WebBuilder bMNA.js
2011.06.24 09:50 B C:\CBL\Website\2011cb\WebBuilder\bNYA.js --> ftp.tripod.com /2011cb/WebBuilder bNYA.js
2011.06.24 09:50 B C:\CBL\Website\2011cb\WebBuilder\bNYN.js --> ftp.tripod.com /2011cb/WebBuilder bNYN.js
2011.06.24 09:50 B C:\CBL\Website\2011cb\WebBuilder\bOAA.js --> ftp.tripod.com /2011cb/WebBuilder bOAA.js
2011.06.24 09:50 B C:\CBL\Website\2011cb\WebBuilder\bPHN.js --> ftp.tripod.com /2011cb/WebBuilder bPHN.js
2011.06.24 09:50 B C:\CBL\Website\2011cb\WebBuilder\bPIN.js --> ftp.tripod.com /2011cb/WebBuilder bPIN.js
2011.06.24 09:50 B C:\CBL\Website\2011cb\WebBuilder\bSDN.js --> ftp.tripod.com /2011cb/WebBuilder bSDN.js
2011.06.24 09:50 B C:\CBL\Website\2011cb\WebBuilder\bSEA.js --> ftp.tripod.com /2011cb/WebBuilder bSEA.js
2011.06.24 09:50 B C:\CBL\Website\2011cb\WebBuilder\bSFN.js --> ftp.tripod.com /2011cb/WebBuilder bSFN.js
2011.06.24 09:50 B C:\CBL\Website\2011cb\WebBuilder\bSLN.js --> ftp.tripod.com /2011cb/WebBuilder bSLN.js
2011.06.24 09:50 B C:\CBL\Website\2011cb\WebBuilder\bTOA.js --> ftp.tripod.com /2011cb/WebBuilder bTOA.js
2011.06.24 09:50 B C:\CBL\Website\2011cb\WebBuilder\bWAN.js --> ftp.tripod.com /2011cb/WebBuilder bWAN.js
2011.06.24 09:50 B C:\CBL\Website\2011cb\WebBuilder\leaders.js --> ftp.tripod.com /2011cb/WebBuilder leaders.js
2011.06.24 09:50 B C:\CBL\Website\2011cb\WebBuilder\leaguedata.js --> ftp.tripod.com /2011cb/WebBuilder leaguedata.js
2011.06.24 09:51 B C:\CBL\Website\2011cb\WebBuilder\NLleaders.js --> ftp.tripod.com /2011cb/WebBuilder NLleaders.js
2011.06.24 09:51 B C:\CBL\Website\2011cb\WebBuilder\NLtotals.js --> ftp.tripod.com /2011cb/WebBuilder NLtotals.js
2011.06.24 09:51 B C:\CBL\Website\2011cb\WebBuilder\pATN.js --> ftp.tripod.com /2011cb/WebBuilder pATN.js
2011.06.24 09:51 B C:\CBL\Website\2011cb\WebBuilder\pBAA.js --> ftp.tripod.com /2011cb/WebBuilder pBAA.js
2011.06.24 09:51 B C:\CBL\Website\2011cb\WebBuilder\pBOA.js --> ftp.tripod.com /2011cb/WebBuilder pBOA.js
2011.06.24 09:51 B C:\CBL\Website\2011cb\WebBuilder\pCHA.js --> ftp.tripod.com /2011cb/WebBuilder pCHA.js
2011.06.24 09:51 B C:\CBL\Website\2011cb\WebBuilder\pCHN.js --> ftp.tripod.com /2011cb/WebBuilder pCHN.js
2011.06.24 09:51 B C:\CBL\Website\2011cb\WebBuilder\pCIN.js --> ftp.tripod.com /2011cb/WebBuilder pCIN.js
2011.06.24 09:51 B C:\CBL\Website\2011cb\WebBuilder\pCLA.js --> ftp.tripod.com /2011cb/WebBuilder pCLA.js
2011.06.24 09:51 B C:\CBL\Website\2011cb\WebBuilder\pDEA.js --> ftp.tripod.com /2011cb/WebBuilder pDEA.js
2011.06.24 09:51 B C:\CBL\Website\2011cb\WebBuilder\pHON.js --> ftp.tripod.com /2011cb/WebBuilder pHON.js
2011.06.24 09:51 B C:\CBL\Website\2011cb\WebBuilder\pKCA.js --> ftp.tripod.com /2011cb/WebBuilder pKCA.js
2011.06.24 09:51 B C:\CBL\Website\2011cb\WebBuilder\pLAA.js --> ftp.tripod.com /2011cb/WebBuilder pLAA.js
2011.06.24 09:51 B C:\CBL\Website\2011cb\WebBuilder\pLAN.js --> ftp.tripod.com /2011cb/WebBuilder pLAN.js
2011.06.24 09:51 B C:\CBL\Website\2011cb\WebBuilder\pMNA.js --> ftp.tripod.com /2011cb/WebBuilder pMNA.js
2011.06.24 09:51 B C:\CBL\Website\2011cb\WebBuilder\pNYA.js --> ftp.tripod.com /2011cb/WebBuilder pNYA.js
2011.06.24 09:51 B C:\CBL\Website\2011cb\WebBuilder\pNYN.js --> ftp.tripod.com /2011cb/WebBuilder pNYN.js
2011.06.24 09:51 B C:\CBL\Website\2011cb\WebBuilder\pOAA.js --> ftp.tripod.com /2011cb/WebBuilder pOAA.js
2011.06.24 09:51 B C:\CBL\Website\2011cb\WebBuilder\pPHN.js --> ftp.tripod.com /2011cb/WebBuilder pPHN.js
2011.06.24 09:51 B C:\CBL\Website\2011cb\WebBuilder\pPIN.js --> ftp.tripod.com /2011cb/WebBuilder pPIN.js
2011.06.24 09:51 B C:\CBL\Website\2011cb\WebBuilder\pSDN.js --> ftp.tripod.com /2011cb/WebBuilder pSDN.js
2011.06.24 09:51 B C:\CBL\Website\2011cb\WebBuilder\pSEA.js --> ftp.tripod.com /2011cb/WebBuilder pSEA.js
2011.06.24 09:51 B C:\CBL\Website\2011cb\WebBuilder\pSFN.js --> ftp.tripod.com /2011cb/WebBuilder pSFN.js
2011.06.24 09:51 B C:\CBL\Website\2011cb\WebBuilder\pSLN.js --> ftp.tripod.com /2011cb/WebBuilder pSLN.js
2011.06.24 09:51 B C:\CBL\Website\2011cb\WebBuilder\pTOA.js --> ftp.tripod.com /2011cb/WebBuilder pTOA.js
2011.06.24 09:51 B C:\CBL\Website\2011cb\WebBuilder\pWAN.js --> ftp.tripod.com /2011cb/WebBuilder pWAN.js
2011.06.24 09:51 B C:\CBL\Website\2011cb\WebBuilder\teamatn.js --> ftp.tripod.com /2011cb/WebBuilder teamatn.js
2011.06.24 09:51 B C:\CBL\Website\2011cb\WebBuilder\teambaa.js --> ftp.tripod.com /2011cb/WebBuilder teambaa.js
2011.06.24 09:51 B C:\CBL\Website\2011cb\WebBuilder\teamboa.js --> ftp.tripod.com /2011cb/WebBuilder teamboa.js
2011.06.24 09:51 B C:\CBL\Website\2011cb\WebBuilder\teamcha.js --> ftp.tripod.com /2011cb/WebBuilder teamcha.js
2011.06.24 09:51 B C:\CBL\Website\2011cb\WebBuilder\teamchn.js --> ftp.tripod.com /2011cb/WebBuilder teamchn.js
2011.06.24 09:51 B C:\CBL\Website\2011cb\WebBuilder\teamcin.js --> ftp.tripod.com /2011cb/WebBuilder teamcin.js
2011.06.24 09:51 B C:\CBL\Website\2011cb\WebBuilder\teamcla.js --> ftp.tripod.com /2011cb/WebBuilder teamcla.js
2011.06.24 09:51 B C:\CBL\Website\2011cb\WebBuilder\teamdea.js --> ftp.tripod.com /2011cb/WebBuilder teamdea.js
2011.06.24 09:51 B C:\CBL\Website\2011cb\WebBuilder\teamhon.js --> ftp.tripod.com /2011cb/WebBuilder teamhon.js
2011.06.24 09:51 B C:\CBL\Website\2011cb\WebBuilder\teamkca.js --> ftp.tripod.com /2011cb/WebBuilder teamkca.js
2011.06.24 09:52 B C:\CBL\Website\2011cb\WebBuilder\teamlaa.js --> ftp.tripod.com /2011cb/WebBuilder teamlaa.js
2011.06.24 09:52 B C:\CBL\Website\2011cb\WebBuilder\teamlan.js --> ftp.tripod.com /2011cb/WebBuilder teamlan.js
2011.06.24 09:52 B C:\CBL\Website\2011cb\WebBuilder\teammna.js --> ftp.tripod.com /2011cb/WebBuilder teammna.js
2011.06.24 09:52 B C:\CBL\Website\2011cb\WebBuilder\teamnya.js --> ftp.tripod.com /2011cb/WebBuilder teamnya.js
2011.06.24 09:52 B C:\CBL\Website\2011cb\WebBuilder\teamnyn.js --> ftp.tripod.com /2011cb/WebBuilder teamnyn.js
2011.06.24 09:52 B C:\CBL\Website\2011cb\WebBuilder\teamoaa.js --> ftp.tripod.com /2011cb/WebBuilder teamoaa.js
2011.06.24 09:52 B C:\CBL\Website\2011cb\WebBuilder\teamphn.js --> ftp.tripod.com /2011cb/WebBuilder teamphn.js
2011.06.24 09:52 B C:\CBL\Website\2011cb\WebBuilder\teampin.js --> ftp.tripod.com /2011cb/WebBuilder teampin.js
2011.06.24 09:52 B C:\CBL\Website\2011cb\WebBuilder\teamsdn.js --> ftp.tripod.com /2011cb/WebBuilder teamsdn.js
2011.06.24 09:52 B C:\CBL\Website\2011cb\WebBuilder\teamsea.js --> ftp.tripod.com /2011cb/WebBuilder teamsea.js
2011.06.24 09:52 B C:\CBL\Website\2011cb\WebBuilder\teamsfn.js --> ftp.tripod.com /2011cb/WebBuilder teamsfn.js
2011.06.24 09:52 B C:\CBL\Website\2011cb\WebBuilder\teamsln.js --> ftp.tripod.com /2011cb/WebBuilder teamsln.js
2011.06.24 09:52 B C:\CBL\Website\2011cb\WebBuilder\teamtoa.js --> ftp.tripod.com /2011cb/WebBuilder teamtoa.js
2011.06.24 09:52 B C:\CBL\Website\2011cb\WebBuilder\teamwan.js --> ftp.tripod.com /2011cb/WebBuilder teamwan.js
2011.06.24 09:52 B C:\CBL\Website\2011cb\WebBuilder\totals.js --> ftp.tripod.com /2011cb/WebBuilder totals.js
2011.06.24 09:52 B C:\CBL\Website\2011cb\WebBuilder\traded.js --> ftp.tripod.com /2011cb/WebBuilder traded.js
