[1]*** TOP OF INNING 1 ***
0     J.Reyes              0 Pop Out                        b-0 
1     L.Walker             0 Line Out                       b-0 
2     A.Huff               0 Ground Out                     b-0 
[1]*** BOTTOM OF INNING 1 ***
0     M.Byrd               0 HBP                            b-1 
0 1   J.Michaels           0 HBP                            1-2 b-1 
0 12  S.Rolen              0 Ground Out                     2-3 1-2 b-0 
1  23 F.Thomas             0 Int Walk                       b-1 
1 123 M.Lieberthal         0 Ground Out Double Play         1-o b-0 
[1]*** TOP OF INNING 2 ***
0     J.Drew               0 Line Out                       b-0 
1     J.Phillips           0 Strike Out                     b-0 
2     K.Garcia             0 Single                         b-1 
2 1   J.Olerud             0 Ground Out                     b-0 
[1]*** BOTTOM OF INNING 2 ***
0     A.Galarraga          0 Ground Out                     b-0 
1     B.Boone              0 Ground Out                     b-0 
2     J.Edmonds            0 Walk                           b-1 
2 1   J.Rollins            0 Line Out                       b-0 
[1]*** TOP OF INNING 3 ***
0     R.Ventura            0 Strike Out                     b-0 
1     R.Alomar             0 Double                         b-2 
1  2  J.Reyes              0 Line Out                       b-0 
2  2  L.Walker             0 Strike Out                     b-0 
[1]*** BOTTOM OF INNING 3 ***
0     M.Byrd               0 Home Run                       b-H 
0     J.Michaels           0 Single                         b-1 
0 1   S.Rolen              0 Fly Out                        b-0 
1 1   F.Thomas             0 Line Out                       b-0 
2 1   M.Lieberthal         0 Single                         1-3 b-1 
2 1 3 A.Galarraga          0 Ground Out                     b-0 
[1]*** TOP OF INNING 4 ***
0     A.Huff               0 Double                         b-2 
0  2  J.Drew               0 Home Run                       2-H b-H 
0     J.Phillips           0 Ground Out                     b-0 
1     K.Garcia             0 Fly Out                        b-0 
2     J.Olerud             0 Ground Out                     b-0 
[1]*** BOTTOM OF INNING 4 ***
0     B.Boone              0 Home Run                       b-H 
0     J.Edmonds            0 Walk                           b-1 
0 1   J.Rollins            0 Ground Out Double Play         1-o b-0 
2     M.Byrd               0 Walk                           b-1 
2 1                          Pickoff                        1-o 
[1]*** TOP OF INNING 5 ***
0     R.Ventura            0 Walk                           b-1 
0 1   R.Alomar             0 Pop Out                        b-0 
1 1   J.Reyes              0 Single                         1-3 b-1 
                             SUBSTITUTE P - Rheal Cormier
1 1 3 L.Walker             0 Strike Out                     b-0 
2 1 3 A.Huff               0 Single                         3-H 1-3 b-1 
2 1 3 J.Drew               0 Force Play                     1-o b-1 
[1]*** BOTTOM OF INNING 5 ***
0     J.Michaels           0 Strike Out                     b-0 
1     S.Rolen              0 Ground Out                     b-0 
2     F.Thomas             0 Walk                           b-1 
2 1   M.Lieberthal         0 Double                         1-o b-3 
[1]*** TOP OF INNING 6 ***
0     J.Phillips           0 Ground Out                     b-0 
                             SUBSTITUTE PH- Eduardo Perez
1     E.Perez              0 Strike Out                     b-0 
2     J.Olerud             0 Strike Out                     b-0 
[1]*** BOTTOM OF INNING 6 ***
                             SUBSTITUTE LF- Shane Spencer
                             SUBSTITUTE P - John Smoltz
                             SUBSTITUTE PH- Bobby Abreu
0     B.Abreu              0 Walk                           b-1 
0 1   B.Boone              0 Sac Bunt                       1-2 b-0 
1  2  J.Edmonds            0 Double                         2-H b-2 
1  2  J.Rollins            0 Double                         2-H b-2 
                             SUBSTITUTE P - Tom Gordon
                             SUBSTITUTE PH- Luis Gonzalez
1  2  L.Gonzalez           0 Strike Out                     b-0 
2  2  J.Michaels           0 Double                         2-H b-2 
2  2  S.Rolen              0 Ground Out                     b-0 
[1]*** TOP OF INNING 7 ***
                             SUBSTITUTE LF- Luis Gonzalez
                             SUBSTITUTE 1B- Ben Broussard
                             SUBSTITUTE RF- Bobby Abreu
0     R.Ventura            0 Ground Out                     b-0 
1     R.Alomar             0 Strike Out                     b-0 
2     J.Reyes              0 Ground Out                     b-0 
[1]*** BOTTOM OF INNING 7 ***
0     F.Thomas             0 Single                         b-1 
0 1   M.Lieberthal         0 Ground Out Double Play         1-o b-0 
2     B.Abreu              0 Single                         b-1 
2 1   B.Boone              0 Fly Out                        b-0 
[1]*** TOP OF INNING 8 ***
                             SUBSTITUTE RF- Doug Glanville
0     L.Walker             0 Single                         b-1 
0 1   A.Huff               0 Strike Out                     b-0 
1 1   J.Drew               0 Ground Out Double Play         1-o b-0 
[1]*** BOTTOM OF INNING 8 ***
0     J.Edmonds            0 Strike Out                     b-0 
1     J.Rollins            0 Ground Out                     b-0 
2     L.Gonzalez           0 Single                         b-1 
2 1   B.Broussard          0 Strike Out                     b-0 
[1]*** TOP OF INNING 9 ***
                             SUBSTITUTE P - Guillermo Mota
0     J.Phillips           0 Ground Out                     b-0 
                             SUBSTITUTE PH- Dave Dellucci
1     D.Dellucci           0 Walk                           b-1 
                             SUBSTITUTE P - Tim Spooneybarger
1 1                        0 Stolen Base                    1-2 
1  2  J.Olerud             0 Strike Out                     b-0 
                             SUBSTITUTE PH- Ty Wigginton
2  2  T.Wigginton          0 Fly Out                        b-0 
