[1]*** TOP OF INNING 1 ***
0     J.Reyes              0 Ground Out                     b-0 
1     L.Walker             0 Single                         b-1 
1 1   A.Huff               0 Ground Out Double Play         1-o b-0 
[1]*** BOTTOM OF INNING 1 ***
0     B.Abreu              0 Single                         b-1 
0 1   B.Boone              0 Single                         1-3 b-1 
0 1 3 L.Gonzalez           0 Ground Out Double Play         3-H 1-o b-0 
2     M.Lieberthal         0 Strike Out                     b-0 
[1]*** TOP OF INNING 2 ***
0     J.Drew               0 Fly Out                        b-0 
1     J.Phillips           0 Line Out                       b-0 
2     K.Garcia             0 Single                         b-1 
2 1   J.Olerud             0 Fly Out                        b-0 
[1]*** BOTTOM OF INNING 2 ***
0     J.Edmonds            0 Walk                           b-1 
0 1   S.Rolen              0 Strike Out                     b-0 
1 1   F.Thomas             0 Double                         1-H b-3 
1   3 B.Broussard          0 Ground Out                     3-H b-0 
2     J.Rollins            0 Strike Out                     b-0 
[1]*** TOP OF INNING 3 ***
0     R.Ventura            0 Walk                           b-1 
0 1   R.Alomar             0 Sac Bunt                       1-2 b-0 
1  2  J.Reyes              0 Strike Out                     b-0 
2  2  L.Walker             0 HBP                            b-1 
2 12  A.Huff               0 Strike Out                     b-0 
[1]*** BOTTOM OF INNING 3 ***
0     B.Abreu              0 Fly Out                        b-0 
1     B.Boone              0 Strike Out                     b-0 
2     L.Gonzalez           0 Walk                           b-1 
2 1   M.Lieberthal         0 Walk                           1-2 b-1 
2 12  J.Edmonds            0 Fly Out                        b-0 
[1]*** TOP OF INNING 4 ***
0     J.Drew               0 Ground Out                     b-0 
1     J.Phillips           0 Strike Out                     b-0 
2     K.Garcia             0 Ground Out                     b-0 
[1]*** BOTTOM OF INNING 4 ***
0     S.Rolen              0 Ground Out                     b-0 
1     F.Thomas             0 Walk                           b-1 
1 1   B.Broussard          0 Strike Out                     b-0 
2 1   J.Rollins            0 Ground Out                     b-0 
[1]*** TOP OF INNING 5 ***
0     J.Olerud             0 Ground Out                     b-0 
1     R.Ventura            0 Strike Out                     b-0 
2     R.Alomar             0 Ground Out                     b-0 
[1]*** BOTTOM OF INNING 5 ***
0     B.Abreu              0 Line Out                       b-0 
1     B.Boone              0 Ground Out                     b-0 
2     L.Gonzalez           0 Fly Out                        b-0 
[1]*** TOP OF INNING 6 ***
0     J.Reyes              0 Ground Out                     b-0 
1     L.Walker             0 Ground Out                     b-0 
2     A.Huff               0 Fly Out                        b-0 
[1]*** BOTTOM OF INNING 6 ***
                             SUBSTITUTE P - John Smoltz
0     M.Lieberthal         0 HBP                            b-1 
0 1   J.Edmonds            0 Triple                         1-H b-3 
0   3 S.Rolen              0 Fly Out Double Play            3-o b-0 
2     F.Thomas             0 Strike Out                     b-0 
[1]*** TOP OF INNING 7 ***
0     J.Drew               0 Walk                           b-1 
0 1   J.Phillips           0 Line Out                       b-0 
1 1   K.Garcia             0 Strike Out                     b-0 
2 1   J.Olerud             0 Strike Out                     b-0 
[1]*** BOTTOM OF INNING 7 ***
0     B.Broussard          0 Ground Out                     b-0 
1     J.Rollins            0 Ground Out                     b-0 
2     B.Abreu              0 Ground Out                     b-0 
[1]*** TOP OF INNING 8 ***
                             SUBSTITUTE RF- Doug Glanville
0     R.Ventura            0 Line Out                       b-0 
1     R.Alomar             0 Strike Out                     b-0 
2     J.Reyes              0 Strike Out                     b-0 
[1]*** BOTTOM OF INNING 8 ***
0     B.Boone              0 Strike Out                     b-0 
1     L.Gonzalez           0 Line Out                       b-0 
2     M.Lieberthal         0 Strike Out                     b-0 
[1]*** TOP OF INNING 9 ***
0     L.Walker             0 Walk                           b-1 
                             SUBSTITUTE P - Rheal Cormier
0 1   A.Huff               0 Walk                           1-2 b-1 
0 12  J.Drew               0 Strike Out                     b-0 
1 12  J.Phillips           0 Strike Out                     b-0 
                             SUBSTITUTE PH- Marquis Grissom
2 12  M.Grissom            0 Fly Out                        b-0 
