
Line Out To 2nd Baseman
Line Out To 2nd Baseman
(BallPark Effect)
(BallPark Effect)
(Roll: 6-3)
(Roll: 6-3)
(Split: Single 1-2, LO 3-20)
(Split: Single 1-2, LO 3-20)
(Split card selected- 13)
(Split card selected- 13)

Strike Out

Strike Out
(Roll: 1-7)
(Roll: 1-7)

1 Base Error By B.Boone

1 Base Error By B.Boone
Score It: E4
Score It: E4
Hidalgo to first
Hidalgo to first
X-CHART INFO: Pos-2B Range-1 Split-15
X-CHART INFO: Pos-2B Range-1 Split-15
COMPARE: 1-G1 2-G1 3-G1 4-G2 5-G3
COMPARE: 1-G1 2-G1 3-G1 4-G2 5-G3
(Roll: 6-7)
(Roll: 6-7)

He's running...

He's running...
He's safe!
He's safe!

Home Run

Home Run
(BallPark Effect)
(BallPark Effect)
That is Brooks Kieschnick' 1st
That is Brooks Kieschnick' 1st
home run of the year.
home run of the year.
(Roll: 3-3)
(Roll: 3-3)
(Split: HR 1-7, Flyout 8-20)
(Split: HR 1-7, Flyout 8-20)
(Split card selected- 3)
(Split card selected- 3)

Strike Out

Strike Out
(Roll: 4-6)
(Roll: 4-6)
Single

Single
(BallPark Effect)
(BallPark Effect)
(Roll: 5-4)
(Roll: 5-4)
(Split: Single 1-2, LO 3-20)
(Split: Single 1-2, LO 3-20)
(Split card selected- 2)
(Split card selected- 2)

Strike Out

Strike Out
(Roll: 1-6)
(Roll: 1-6)

Line Out To 2nd Baseman

Line Out To 2nd Baseman
(BallPark Effect)
(BallPark Effect)
(Roll: 5-4)
(Roll: 5-4)
(Split: Single 1-2, LO 3-20)
(Split: Single 1-2, LO 3-20)
(Split card selected- 17)
(Split card selected- 17)

Ground Out To Short Stop

Ground Out To Short Stop
(Roll: 6-8)
(Roll: 6-8)

Fly Out To Left Fielder
Fly Out To Left Fielder
(Roll: 6-8)
(Roll: 6-8)

Single

Single
(Roll: 6-6)
(Roll: 6-6)

Fly Out To Left Fielder

Fly Out To Left Fielder
(Roll: 3-5)
(Roll: 3-5)

Line Out To Short Stop

Line Out To Short Stop
(BallPark Effect)
(BallPark Effect)
(Roll: 3-4)
(Roll: 3-4)
(Split: Single 1-2, LO 3-20)
(Split: Single 1-2, LO 3-20)
(Split card selected- 13)
(Split card selected- 13)
Line Out To 2nd Baseman

Line Out To 2nd Baseman
(BallPark Effect)
(BallPark Effect)
(Roll: 2-4)
(Roll: 2-4)
(Split: Single 1-2, LO 3-20)
(Split: Single 1-2, LO 3-20)
(Split card selected- 20)
(Split card selected- 20)

Walk

Walk
(Roll: 5-4)
(Roll: 5-4)

Fly Out To Center Fielder

Fly Out To Center Fielder
(Roll: 5-7)
(Roll: 5-7)

Walk

Walk
(Roll: 4-8)
(Roll: 4-8)

Single

Single
Rolen scores from second!
Rolen scores from second!
Broussard takes third
Broussard takes third
(Roll: 1-8)
(Roll: 1-8)
(Split: Double 1-3, Single 4-20)
(Split: Double 1-3, Single 4-20)
(Split card selected- 6)
(Split card selected- 6)

Home Run

Home Run
That is Bobby Abreu's 1st
That is Bobby Abreu's 1st
home run of the year.
home run of the year.
(Roll: 1-8)
(Roll: 1-8)
(Split: HR 1-11, Double 12-20)
(Split: HR 1-11, Double 12-20)
(Split card selected- 1)
(Split card selected- 1)

Strike Out

Strike Out
(Roll: 4-7)
(Roll: 4-7)

Fly Out To Center Fielder
Fly Out To Center Fielder
(Roll: 1-7)
(Roll: 1-7)

Line Out To 2nd Baseman

Line Out To 2nd Baseman
(BallPark Effect)
(BallPark Effect)
(Roll: 1-4)
(Roll: 1-4)
(Split: Single 1-2, LO 3-20)
(Split: Single 1-2, LO 3-20)
(Split card selected- 9)
(Split card selected- 9)

Pop Out To Short Stop

Pop Out To Short Stop
(Roll: 1-10)
(Roll: 1-10)
Strike Out

Strike Out
(Roll: 4-6)
(Roll: 4-6)

Ground Out To Pitcher

Ground Out To Pitcher
Nice play by R.Oswalt
Nice play by R.Oswalt
X-CHART INFO: Pos-P  Range-2 Split-15
X-CHART INFO: Pos-P  Range-2 Split-15
COMPARE: 1-G1 2-G1 3-G2 4-G2 5-G2
COMPARE: 1-G1 2-G1 3-G2 4-G2 5-G2
(Roll: 6-12)
(Roll: 6-12)

Walk

Walk
(Roll: 3-6)
(Roll: 3-6)

HBP

HBP
(Roll: 3-12)
(Roll: 3-12)

Fly Out To Center Fielder

Fly Out To Center Fielder
Nice catch by C.Everett
Nice catch by C.Everett
X-CHART INFO: Pos-CF Range-4 Split-17
X-CHART INFO: Pos-CF Range-4 Split-17
COMPARE: 1-F3 2-F3 3-F3 4-F2 5-F1
COMPARE: 1-F3 2-F3 3-F3 4-F2 5-F1
(Roll: 4-10)
(Roll: 4-10)

Walk
Walk
(Roll: 4-9)
(Roll: 4-9)

Fly Out To Left Fielder

Fly Out To Left Fielder
(Roll: 5-8)
(Roll: 5-8)

Strike Out

Strike Out
(Roll: 1-6)
(Roll: 1-6)

Line Out To Short Stop

Line Out To Short Stop
(Open Triangle Reading)
(Open Triangle Reading)
(Roll: 2-3)
(Roll: 2-3)
(Split: Single 1-5, LO 6-20)
(Split: Single 1-5, LO 6-20)
(Split card selected- 15)
(Split card selected- 15)
Pop Out To Catcher

Pop Out To Catcher
Play made by D.Wilson
Play made by D.Wilson
X-CHART INFO: Pos-C  Range-3 Split-7
X-CHART INFO: Pos-C  Range-3 Split-7
COMPARE: 1-P/F 2-P/P 3-P/P 4-P/P 5-P/P
COMPARE: 1-P/F 2-P/P 3-P/P 4-P/P 5-P/P
(Roll: 4-4)
(Roll: 4-4)

Single

Single
(Roll: 5-6)
(Roll: 5-6)

Single

Single
Rollins takes third
Rollins takes third
(Roll: 2-6)
(Roll: 2-6)

Line Out To Short Stop

Line Out To Short Stop
(BallPark Effect)
(BallPark Effect)
(Roll: 1-3)
(Roll: 1-3)
(Split: Single 1-2, LO 3-20)
(Split: Single 1-2, LO 3-20)
(Split card selected- 15)
(Split card selected- 15)

Ground Out To Short Stop

Ground Out To Short Stop
Nice play by R.Sanchez
Nice play by R.Sanchez
X-CHART INFO: Pos-SS Range-3 Split-15
X-CHART INFO: Pos-SS Range-3 Split-15
COMPARE: 1-G1 2-G1 3-G1 4-G2 5-G3
COMPARE: 1-G1 2-G1 3-G1 4-G2 5-G3
(Roll: 6-4)
(Roll: 6-4)

Foul Out To 3rd Baseman
Foul Out To 3rd Baseman
(Roll: 2-11)
(Roll: 2-11)

Strike Out

Strike Out
(Roll: 4-2)
(Roll: 4-2)

Strike Out

Strike Out
(Roll: 1-8)
(Roll: 1-8)
Ground Out To Short Stop

Ground Out To Short Stop
(Roll: 3-8)
(Roll: 3-8)

Single

Single
(Roll: 2-6)
(Roll: 2-6)
(Split: Single 1-6, Ground 7-20)
(Split: Single 1-6, Ground 7-20)
(Split card selected- 2)
(Split card selected- 2)

Fly Out To Center Fielder

Fly Out To Center Fielder
(Roll: 3-9)
(Roll: 3-9)

Single

Single
Edmonds takes third
Edmonds takes third
(Roll: 3-8)
(Roll: 3-8)

Strike Out

Strike Out
(Roll: 4-6)
(Roll: 4-6)

Ground Out To 2nd Baseman

Ground Out To 2nd Baseman
Great play by B.Boone!
Great play by B.Boone!
X-CHART INFO: Pos-2B Range-1 Split-7
X-CHART INFO: Pos-2B Range-1 Split-7
COMPARE: 1-G1 2-G2 3-G3# 4-G3# 5-SI1
COMPARE: 1-G1 2-G2 3-G3# 4-G3# 5-SI1
(Roll: 6-7)
(Roll: 6-7)

Strike Out

Strike Out
(Roll: 2-9)
(Roll: 2-9)

Home Run

Home Run
That is Brooks Kieschnick' 2nd
That is Brooks Kieschnick' 2nd
home run of the year.
home run of the year.
(Roll: 3-6)
(Roll: 3-6)
(Split: HR 1-19, Flyout 20)
(Split: HR 1-19, Flyout 20)
(Split card selected- 15)
(Split card selected- 15)

Fly Out To Right Fielder

Fly Out To Right Fielder
(Roll: 4-5)
(Roll: 4-5)
Walk

Walk
(Roll: 2-7)
(Roll: 2-7)

1 Base Error By J.Bagwell

1 Base Error By J.Bagwell
Score It: E3
Score It: E3
Rollins takes second
Rollins takes second
Abreu to first
Abreu to first
X-CHART INFO: Pos-1B Range-3 Split-19
X-CHART INFO: Pos-1B Range-3 Split-19
COMPARE: 1-G1 2-G1 3-G1 4-G1 5-G2
COMPARE: 1-G1 2-G1 3-G1 4-G1 5-G2
(Roll: 4-3)
(Roll: 4-3)

Force Play To 3rd Baseman

Force Play To 3rd Baseman
Rollins takes third
Rollins takes third
The runner on first, Abreu, is out
The runner on first, Abreu, is out
(Roll: 4-5)
(Roll: 4-5)

Intentional walk issued to Luis Gonzalez
Intentional walk issued to Luis Gonzalez

Strike Out

Strike Out
(Roll: 5-11)
(Roll: 5-11)

Strike Out

Strike Out
(Roll: 4-7)
(Roll: 4-7)

Ground Out To 3rd Baseman

Ground Out To 3rd Baseman
Nice play by S.Rolen
Nice play by S.Rolen
X-CHART INFO: Pos-3B Range-1 Split-14
X-CHART INFO: Pos-3B Range-1 Split-14
COMPARE: 1-G1 2-G1 3-G2 4-G2 5-G3
COMPARE: 1-G1 2-G1 3-G2 4-G2 5-G3
(Roll: 6-10)
(Roll: 6-10)

Strike Out

Strike Out
(Roll: 5-7)
(Roll: 5-7)

Ground Out To Pitcher

Ground Out To Pitcher
(Roll: 2-6)
(Roll: 2-6)
It's time for the 7th inning stretch!
It's time for the 7th inning stretch!
Ground Out To 2nd Baseman

Ground Out To 2nd Baseman
(Roll: 2-5)
(Roll: 2-5)
(Split: Single 1-3, Ground 4-20)
(Split: Single 1-3, Ground 4-20)
(Split card selected- 6)
(Split card selected- 6)

Walk

Walk
(Roll: 5-5)
(Roll: 5-5)

He can't get the lead

He can't get the lead

Force Play To Short Stop
Force Play To Short Stop
Great play by R.Sanchez!
Great play by R.Sanchez!
The runner on first, Byrd, is out
The runner on first, Byrd, is out
X-CHART INFO: Pos-SS Range-2 Split-7
X-CHART INFO: Pos-SS Range-2 Split-7
COMPARE: 1-G1 2-G2 3-G3# 4-G3# 5-SI1
COMPARE: 1-G1 2-G2 3-G3# 4-G3# 5-SI1
(Roll: 6-9)
(Roll: 6-9)

Strike Out

Strike Out
(Roll: 6-5)
(Roll: 6-5)

Strike Out

Strike Out
(Roll: 5-7)
(Roll: 5-7)

Ground Out To Pitcher

Ground Out To Pitcher
(Roll: 3-8)
(Roll: 3-8)

Foul Out To Catcher

Foul Out To Catcher
Play made by M.Lieberthal
Play made by M.Lieberthal
X-CHART INFO: Pos-C  Range-3 Split-12
X-CHART INFO: Pos-C  Range-3 Split-12
COMPARE: 1-PO 2-PO 3-P/F 4-P/F 5-P/F
COMPARE: 1-PO 2-PO 3-P/F 4-P/F 5-P/F
(Roll: 4-4)
(Roll: 4-4)

1 Base Error By P.Feliz

1 Base Error By P.Feliz
Score It: E5
Score It: E5
Abreu to first
Abreu to first
X-CHART INFO: Pos-3B Range-3 Split-11
X-CHART INFO: Pos-3B Range-3 Split-11
COMPARE: 1-G1 2-G1 3-G2 4-G3 5-G3#
COMPARE: 1-G1 2-G1 3-G2 4-G3 5-G3#
(Roll: 5-4)
(Roll: 5-4)

He can't get the lead

He can't get the lead

Boone squares
Boone squares
He bunts it . . .
He bunts it . . .
Sac Bunt To 3rd Baseman
Sac Bunt To 3rd Baseman

Intentional walk issued to Luis Gonzalez
Intentional walk issued to Luis Gonzalez
Single

Single
Abreu scores from second!
Abreu scores from second!
Gonzalez takes third
Gonzalez takes third
(Roll: 2-6)
(Roll: 2-6)
(Split: Double 1-4, Single 5-20)
(Split: Double 1-4, Single 5-20)
(Split card selected- 17)
(Split card selected- 17)

Strike Out

Strike Out
(Roll: 5-9)
(Roll: 5-9)

Ground Out To 1st Baseman

Ground Out To 1st Baseman
(Roll: 3-4)
(Roll: 3-4)

Home Run

Home Run
That is Richard Hidalgo's 1st
That is Richard Hidalgo's 1st
home run of the year.
home run of the year.
(Roll: 1-4)
(Roll: 1-4)

Strike Out

Strike Out
(Roll: 5-11)
(Roll: 5-11)

Single

Single
(Roll: 2-6)
(Roll: 2-6)
(Split: Double 1-7, Single 8-20)
(Split: Double 1-7, Single 8-20)
(Split card selected- 11)
(Split card selected- 11)

HBP

HBP
(Roll: 2-9)
(Roll: 2-9)

Strike Out

Strike Out
(Roll: 3-7)
(Roll: 3-7)

Ground Out To 1st Baseman

Ground Out To 1st Baseman
(Roll: 5-6)
(Roll: 5-6)
(Split: Single 1-3, Ground 4-20)
(Split: Single 1-3, Ground 4-20)
(Split card selected- 6)
(Split card selected- 6)

Ground Out To Pitcher
Ground Out To Pitcher
(Roll: 1-8)
(Roll: 1-8)

Single

Single
(BallPark Effect)
(BallPark Effect)
(Roll: 3-3)
(Roll: 3-3)
(Split: Single 1-2, LO 3-20)
(Split: Single 1-2, LO 3-20)
(Split card selected- 2)
(Split card selected- 2)

Ground Out To Pitcher

Ground Out To Pitcher
Score It: 1-6-3
Score It: 1-6-3
Double Play!
Double Play!
(Roll: 3-8)
(Roll: 3-8)
Single

Single
(Roll: 2-6)
(Roll: 2-6)

Single

Single
Abreu takes third
Abreu takes third
(Roll: 3-8)
(Roll: 3-8)
(Split: Double 1-13, Single 14-20)
(Split: Double 1-13, Single 14-20)
(Split card selected- 15)
(Split card selected- 15)

Ground Out To 1st Baseman

Ground Out To 1st Baseman
Score It: 3-6-3
Score It: 3-6-3
Double Play!
Double Play!
(Roll: 1-9)
(Roll: 1-9)

Strike Out

Strike Out
(Roll: 4-7)
(Roll: 4-7)

Fly Out To Center Fielder
Fly Out To Center Fielder
(Roll: 5-6)
(Roll: 5-6)

Line Out To 3rd Baseman

Line Out To 3rd Baseman
(Roll: 1-6)
(Roll: 1-6)
(Split: Single 1-6, LO 7-20)
(Split: Single 1-6, LO 7-20)
(Split card selected- 11)
(Split card selected- 11)

Single

Single
(Roll: 4-8)
(Roll: 4-8)
(Split: Double 1-3, Single 4-20)
(Split: Double 1-3, Single 4-20)
(Split card selected- 8)
(Split card selected- 8)

Fly Out To Center Fielder

Fly Out To Center Fielder
(Roll: 1-7)
(Roll: 1-7)
Walk

Walk
(Roll: 4-8)
(Roll: 4-8)

Strike Out

Strike Out
(Roll: 3-5)
(Roll: 3-5)

Thomas drives the ball to

Thomas drives the ball to
center for extra bases
center for extra bases
The 3rd base coach gives
The 3rd base coach gives
the green light...
the green light...
The throw is coming home...
The throw is coming home...
Aggressive baserunning by Philadelphia...
Aggressive baserunning by Philadelphia...
Not cut-off...
Not cut-off...
Edmonds scores!
Edmonds scores!
Trailing runner advances.
Trailing runner advances.
Double for Thomas
Double for Thomas
(Roll: 3-6)
(Roll: 3-6)
(Split: Double 1-8, Flyout 9-20)
(Split: Double 1-8, Flyout 9-20)
(Split card selected- 6)
(Split card selected- 6)

Ground Out To 1st Baseman

Ground Out To 1st Baseman
Nice play by J.Olerud
Nice play by J.Olerud
X-CHART INFO: Pos-1B Range-1 Split-13
X-CHART INFO: Pos-1B Range-1 Split-13
COMPARE: 1-G1 2-G1 3-G2 4-G3 5-G3
COMPARE: 1-G1 2-G1 3-G2 4-G3 5-G3
(Roll: 5-3)
(Roll: 5-3)

Strike Out

Strike Out
(Roll: 2-9)
(Roll: 2-9)

Walk
Walk
(Roll: 1-8)
(Roll: 1-8)

Alomar squares to bunt

Alomar squares to bunt
He bunts it . . .
He bunts it . . .
Sac Bunt To 3rd Baseman
Sac Bunt To 3rd Baseman

Strike Out

Strike Out
(Roll: 6-7)
(Roll: 6-7)

HBP

HBP
(Roll: 1-11)
(Roll: 1-11)

Strike Out

Strike Out
(Roll: 4-7)
(Roll: 4-7)
Fly Out To Right Fielder

Fly Out To Right Fielder
(Roll: 5-6)
(Roll: 5-6)

Strike Out

Strike Out
(Roll: 4-9)
(Roll: 4-9)

Walk

Walk
(Roll: 3-9)
(Roll: 3-9)

Walk

Walk
(Roll: 5-10)
(Roll: 5-10)

Fly Out To Right Fielder

Fly Out To Right Fielder
(BallPark Effect)
(BallPark Effect)
(Roll: 1-9)
(Roll: 1-9)
(Split: HR 1-7, Flyout 8-20)
(Split: HR 1-7, Flyout 8-20)
(Split card selected- 9)
(Split card selected- 9)

Ground Out To 1st Baseman
Ground Out To 1st Baseman
(Roll: 1-5)
(Roll: 1-5)

Strike Out

Strike Out
(Roll: 4-6)
(Roll: 4-6)

Ground Out To 2nd Baseman

Ground Out To 2nd Baseman
(Roll: 2-4)
(Roll: 2-4)
Ground Out To 2nd Baseman

Ground Out To 2nd Baseman
(Roll: 1-7)
(Roll: 1-7)

Walk

Walk
(Roll: 1-12)
(Roll: 1-12)

Strike Out

Strike Out
(Roll: 3-6)
(Roll: 3-6)

Ground Out To 1st Baseman

Ground Out To 1st Baseman
(Roll: 2-3)
(Roll: 2-3)

Ground Out To 1st Baseman
Ground Out To 1st Baseman
(Roll: 1-10)
(Roll: 1-10)

Strike Out

Strike Out
(Roll: 6-7)
(Roll: 6-7)

Ground Out To 2nd Baseman

Ground Out To 2nd Baseman
(Roll: 2-9)
(Roll: 2-9)
Line Out To 2nd Baseman

Line Out To 2nd Baseman
(BallPark Effect)
(BallPark Effect)
(Roll: 5-10)
(Roll: 5-10)
(Split: Single 1-2, LO 3-20)
(Split: Single 1-2, LO 3-20)
(Split card selected- 7)
(Split card selected- 7)

Ground Out To Pitcher

Ground Out To Pitcher
Nice play by K.Brown
Nice play by K.Brown
X-CHART INFO: Pos-P  Range-2 Split-19
X-CHART INFO: Pos-P  Range-2 Split-19
COMPARE: 1-G1 2-G1 3-G1 4-G1 5-G2
COMPARE: 1-G1 2-G1 3-G1 4-G1 5-G2
(Roll: 6-12)
(Roll: 6-12)

Fly Out To Right Fielder

Fly Out To Right Fielder
(BallPark Effect)
(BallPark Effect)
(Roll: 2-3)
(Roll: 2-3)
(Split: HR 1-7, Flyout 8-20)
(Split: HR 1-7, Flyout 8-20)
(Split card selected- 13)
(Split card selected- 13)

Ground Out To 2nd Baseman
Ground Out To 2nd Baseman
(Roll: 1-9)
(Roll: 1-9)

Ground Out To 1st Baseman

Ground Out To 1st Baseman
(Roll: 2-5)
(Roll: 2-5)
(Split: Single 1-12, Ground 13-20)
(Split: Single 1-12, Ground 13-20)
(Split card selected- 16)
(Split card selected- 16)

Fly Out To Center Fielder

Fly Out To Center Fielder
(Roll: 3-7)
(Roll: 3-7)

HBP

HBP
(Roll: 3-4)
(Roll: 3-4)

Triple

Triple
(Roll: 1-11)
(Roll: 1-11)
(Split: Triple 1-3, Double 4-20)
(Split: Triple 1-3, Double 4-20)
(Split card selected- 1)
(Split card selected- 1)

Rolen flies out to left

Rolen flies out to left
The 3rd base coach gives
The 3rd base coach gives
the green light...
the green light...
Here's the play at the plate...
Here's the play at the plate...
Edmonds is out!
Edmonds is out!
(Roll: 3-6)
(Roll: 3-6)

Strike Out

Strike Out
(Roll: 5-6)
(Roll: 5-6)

Walk

Walk
(Roll: 2-7)
(Roll: 2-7)

Line Out To Short Stop

Line Out To Short Stop
(Open Triangle Reading)
(Open Triangle Reading)
(Roll: 6-2)
(Roll: 6-2)
(Split: Single 1-10, LO 11-20)
(Split: Single 1-10, LO 11-20)
(Split card selected- 15)
(Split card selected- 15)

Strike Out

Strike Out
(Roll: 4-7)
(Roll: 4-7)

Strike Out

Strike Out
(Roll: 6-5)
(Roll: 6-5)
It's time for the 7th inning stretch!
It's time for the 7th inning stretch!
Ground Out To Pitcher

Ground Out To Pitcher
Nice play by J.Smoltz
Nice play by J.Smoltz
X-CHART INFO: Pos-P  Range-2 Split-9
X-CHART INFO: Pos-P  Range-2 Split-9
COMPARE: 1-G2 2-G3 3-G3 4-G3 5-G3
COMPARE: 1-G2 2-G3 3-G3 4-G3 5-G3
(Roll: 5-3)
(Roll: 5-3)

Ground Out To Short Stop

Ground Out To Short Stop
Nice play by J.Reyes
Nice play by J.Reyes
X-CHART INFO: Pos-SS Range-2 Split-19
X-CHART INFO: Pos-SS Range-2 Split-19
COMPARE: 1-G1 2-G1 3-G1 4-G1 5-G2
COMPARE: 1-G1 2-G1 3-G1 4-G1 5-G2
(Roll: 6-10)
(Roll: 6-10)

Ground Out To 1st Baseman

Ground Out To 1st Baseman
Nice play by J.Olerud
Nice play by J.Olerud
X-CHART INFO: Pos-1B Range-1 Split-13
X-CHART INFO: Pos-1B Range-1 Split-13
COMPARE: 1-G1 2-G1 3-G2 4-G3 5-G3
COMPARE: 1-G1 2-G1 3-G2 4-G3 5-G3
(Roll: 5-12)
(Roll: 5-12)

Line Out To 2nd Baseman

Line Out To 2nd Baseman
(BallPark Effect)
(BallPark Effect)
(Roll: 2-4)
(Roll: 2-4)
(Split: Single 1-2, LO 3-20)
(Split: Single 1-2, LO 3-20)
(Split card selected- 11)
(Split card selected- 11)

Strike Out

Strike Out
(Roll: 6-5)
(Roll: 6-5)

Strike Out

Strike Out
(Roll: 4-5)
(Roll: 4-5)
Strike Out

Strike Out
(Roll: 6-5)
(Roll: 6-5)

Line Out To 2nd Baseman

Line Out To 2nd Baseman
(BallPark Effect)
(BallPark Effect)
(Roll: 3-2)
(Roll: 3-2)
(Split: Single 1-2, LO 3-20)
(Split: Single 1-2, LO 3-20)
(Split card selected- 16)
(Split card selected- 16)

Strike Out

Strike Out
(Roll: 5-6)
(Roll: 5-6)

Walk
Walk
(Roll: 3-10)
(Roll: 3-10)

Walk

Walk
(Roll: 4-5)
(Roll: 4-5)

Strike Out

Strike Out
(Roll: 4-10)
(Roll: 4-10)

Strike Out

Strike Out
(Roll: 5-11)
(Roll: 5-11)

Fly Out To Center Fielder

Fly Out To Center Fielder
(Roll: 1-6)
(Roll: 1-6)
