
Pop Out To Short Stop
Pop Out To Short Stop
(Roll: 2-2)
(Roll: 2-2)

Line Out To 2nd Baseman

Line Out To 2nd Baseman
(Open Triangle Reading)
(Open Triangle Reading)
(Roll: 1-3)
(Roll: 1-3)
(Split: Single 1-6, LO 7-20)
(Split: Single 1-6, LO 7-20)
(Split card selected- 17)
(Split card selected- 17)

Ground Out To 3rd Baseman

Ground Out To 3rd Baseman
Nice play by S.Rolen
Nice play by S.Rolen
X-CHART INFO: Pos-3B Range-1 Split-15
X-CHART INFO: Pos-3B Range-1 Split-15
COMPARE: 1-G1 2-G1 3-G1 4-G2 5-G3
COMPARE: 1-G1 2-G1 3-G1 4-G2 5-G3
(Roll: 5-4)
(Roll: 5-4)
HBP

HBP
(Roll: 3-3)
(Roll: 3-3)

He can't get the lead

He can't get the lead

HBP
HBP
(Roll: 2-2)
(Roll: 2-2)

Ground Out To 2nd Baseman

Ground Out To 2nd Baseman
(Roll: 2-5)
(Roll: 2-5)
(Split: Single 1-12, Ground 13-20)
(Split: Single 1-12, Ground 13-20)
(Split card selected- 16)
(Split card selected- 16)

Intentional walk issued to Frank Thomas
Intentional walk issued to Frank Thomas
Ground Out To Short Stop

Ground Out To Short Stop
Score It: 6-4-3
Score It: 6-4-3
Double Play!
Double Play!
(Roll: 3-7)
(Roll: 3-7)

Line Out To 2nd Baseman
Line Out To 2nd Baseman
(Roll: 2-6)
(Roll: 2-6)
(Split: Single 1-5, LO 6-20)
(Split: Single 1-5, LO 6-20)
(Split card selected- 19)
(Split card selected- 19)

Strike Out

Strike Out
(Roll: 4-7)
(Roll: 4-7)

Single

Single
(Roll: 3-4)
(Roll: 3-4)
(Split: Single 1-3, LO 4-20)
(Split: Single 1-3, LO 4-20)
(Split card selected- 1)
(Split card selected- 1)

Ground Out To 1st Baseman

Ground Out To 1st Baseman
(Roll: 1-10)
(Roll: 1-10)
Ground Out To Short Stop

Ground Out To Short Stop
Nice play by J.Reyes
Nice play by J.Reyes
X-CHART INFO: Pos-SS Range-2 Split-20
X-CHART INFO: Pos-SS Range-2 Split-20
COMPARE: 1-G1 2-G1 3-G1 4-G1 5-G1
COMPARE: 1-G1 2-G1 3-G1 4-G1 5-G1
(Roll: 4-5)
(Roll: 4-5)

Ground Out To Short Stop

Ground Out To Short Stop
(Roll: 2-11)
(Roll: 2-11)

Walk

Walk
(Roll: 1-3)
(Roll: 1-3)

Line Out To 1st Baseman

Line Out To 1st Baseman
(Roll: 3-6)
(Roll: 3-6)

Strike Out
Strike Out
(Roll: 3-7)
(Roll: 3-7)

Double

Double
(Roll: 1-6)
(Roll: 1-6)
(Split: Double 1-3, Single 4-20)
(Split: Double 1-3, Single 4-20)
(Split card selected- 3)
(Split card selected- 3)

Line Out To 2nd Baseman

Line Out To 2nd Baseman
(BallPark Effect)
(BallPark Effect)
(Roll: 5-10)
(Roll: 5-10)
(Split: Single 1-2, LO 3-20)
(Split: Single 1-2, LO 3-20)
(Split card selected- 17)
(Split card selected- 17)

Strike Out

Strike Out
(Roll: 5-5)
(Roll: 5-5)
Home Run

Home Run
That is Marlon Byrd's 1st
That is Marlon Byrd's 1st
home run of the year.
home run of the year.
(Roll: 3-4)
(Roll: 3-4)
(Split: HR 1-12, Double 13-20)
(Split: HR 1-12, Double 13-20)
(Split card selected- 2)
(Split card selected- 2)

Single

Single
(Open Triangle Reading)
(Open Triangle Reading)
(Roll: 2-11)
(Roll: 2-11)
(Split: Single 1-17, LO 18-20)
(Split: Single 1-17, LO 18-20)
(Split card selected- 11)
(Split card selected- 11)

Fly Out To Center Fielder

Fly Out To Center Fielder
(Roll: 4-7)
(Roll: 4-7)

Line Out To Short Stop

Line Out To Short Stop
(BallPark Effect)
(BallPark Effect)
(Roll: 3-3)
(Roll: 3-3)
(Split: Single 1-2, LO 3-20)
(Split: Single 1-2, LO 3-20)
(Split card selected- 10)
(Split card selected- 10)

Single

Single
Michaels takes third
Michaels takes third
(Roll: 2-8)
(Roll: 2-8)

Ground Out To Short Stop

Ground Out To Short Stop
Nice play by J.Reyes
Nice play by J.Reyes
X-CHART INFO: Pos-SS Range-2 Split-11
X-CHART INFO: Pos-SS Range-2 Split-11
COMPARE: 1-G1 2-G1 3-G2 4-G3 5-G3#
COMPARE: 1-G1 2-G1 3-G2 4-G3 5-G3#
(Roll: 4-5)
(Roll: 4-5)

Double
Double
(Roll: 1-6)
(Roll: 1-6)
(Split: Triple 1, Double 2-20)
(Split: Triple 1, Double 2-20)
(Split card selected- 16)
(Split card selected- 16)

Home Run

Home Run
That is J.D. Drew's 1st
That is J.D. Drew's 1st
home run of the year.
home run of the year.
(Roll: 6-9)
(Roll: 6-9)

Ground Out To Pitcher

Ground Out To Pitcher
(Roll: 1-8)
(Roll: 1-8)

Fly Out To Left Fielder

Fly Out To Left Fielder
(Roll: 5-6)
(Roll: 5-6)

Ground Out To 2nd Baseman

Ground Out To 2nd Baseman
(Roll: 3-3)
(Roll: 3-3)
Home Run

Home Run
(BallPark Effect)
(BallPark Effect)
That is Bret Boone's 1st
That is Bret Boone's 1st
home run of the year.
home run of the year.
(Roll: 3-10)
(Roll: 3-10)
(Split: HR 1-7, Flyout 8-20)
(Split: HR 1-7, Flyout 8-20)
(Split card selected- 3)
(Split card selected- 3)

Walk

Walk
(Roll: 3-6)
(Roll: 3-6)

Rollins fouls off the bunt attempt

Rollins fouls off the bunt attempt
The count goes to 1 and 2, we'll have
The count goes to 1 and 2, we'll have
to see if they keep the bunt play on
to see if they keep the bunt play on

Ground Out To Short Stop
Ground Out To Short Stop
Score It: 6-4-3
Score It: 6-4-3
Double Play!
Double Play!
(Roll: 1-3)
(Roll: 1-3)

Walk

Walk
(Roll: 2-7)
(Roll: 2-7)

Glavine throws trying to pick Byrd!

Glavine throws trying to pick Byrd!
HE'S NAILED!
HE'S NAILED!
Byrd is picked off!
Byrd is picked off!

Walk
Walk
(Roll: 6-5)
(Roll: 6-5)

Alomar squares to bunt

Alomar squares to bunt
He bunts it . . .
He bunts it . . .
Pop Out To Pitcher
Pop Out To Pitcher

Single

Single
Ventura takes third
Ventura takes third
(Roll: 3-6)
(Roll: 3-6)

Strike Out

Strike Out
(Roll: 5-6)
(Roll: 5-6)

Single

Single
Ventura scores from third!
Ventura scores from third!
Reyes takes third
Reyes takes third
(Roll: 3-5)
(Roll: 3-5)

Force Play To Short Stop

Force Play To Short Stop
The runner on first, Huff, is out
The runner on first, Huff, is out
(Roll: 3-7)
(Roll: 3-7)
(Split: Single 1-10, Ground 11-20)
(Split: Single 1-10, Ground 11-20)
(Split card selected- 13)
(Split card selected- 13)
Strike Out

Strike Out
(Roll: 5-5)
(Roll: 5-5)

Ground Out To Short Stop

Ground Out To Short Stop
(Roll: 1-7)
(Roll: 1-7)

Walk

Walk
(Roll: 2-7)
(Roll: 2-7)

Lieberthal drives the ball

Lieberthal drives the ball
to right for extra bases
to right for extra bases
The 3rd base coach gives
The 3rd base coach gives
the green light...
the green light...
The throw is coming home...
The throw is coming home...
Aggressive baserunning by Philadelphia...
Aggressive baserunning by Philadelphia...
Not cut-off...
Not cut-off...
Thomas is out at home!
Thomas is out at home!
Double for Lieberthal
Double for Lieberthal
(Roll: 2-5)
(Roll: 2-5)

Ground Out To Short Stop
Ground Out To Short Stop
(Roll: 6-8)
(Roll: 6-8)

Strike Out

Strike Out
(Roll: 5-6)
(Roll: 5-6)

Strike Out

Strike Out
(Roll: 1-9)
(Roll: 1-9)

Walk

Walk
(Roll: 1-7)
(Roll: 1-7)

Boone squares around

Boone squares around
He bunts it . . .
He bunts it . . .
Sac Bunt To Catcher
Sac Bunt To Catcher

Double To Center

Double To Center
J.Drew COULDN'T GET TO IT!
J.Drew COULDN'T GET TO IT!
Abreu scores from second!
Abreu scores from second!
X-CHART INFO: Pos-CF Range-3 Split-1
X-CHART INFO: Pos-CF Range-3 Split-1
COMPARE: 1-F1 2-DO2 3-DO3 4-TR3 5-TR3
COMPARE: 1-F1 2-DO2 3-DO3 4-TR3 5-TR3
(Roll: 6-4)
(Roll: 6-4)

Double

Double
Edmonds scores from second!
Edmonds scores from second!
(Roll: 1-9)
(Roll: 1-9)
(Split: HR 1-12, Double 13-20)
(Split: HR 1-12, Double 13-20)
(Split card selected- 13)
(Split card selected- 13)

Strike Out

Strike Out
(Roll: 4-7)
(Roll: 4-7)

Double

Double
Rollins scores from second!
Rollins scores from second!
(Roll: 1-6)
(Roll: 1-6)

Ground Out To 2nd Baseman

Ground Out To 2nd Baseman
(Roll: 2-5)
(Roll: 2-5)
(Split: Single 1-3, Ground 4-20)
(Split: Single 1-3, Ground 4-20)
(Split card selected- 18)
(Split card selected- 18)

Ground Out To 2nd Baseman

Ground Out To 2nd Baseman
(Roll: 2-6)
(Roll: 2-6)

Strike Out

Strike Out
(Roll: 6-6)
(Roll: 6-6)

Ground Out To Short Stop

Ground Out To Short Stop
Nice play by J.Rollins
Nice play by J.Rollins
X-CHART INFO: Pos-SS Range-2 Split-15
X-CHART INFO: Pos-SS Range-2 Split-15
COMPARE: 1-G1 2-G1 3-G1 4-G2 5-G3
COMPARE: 1-G1 2-G1 3-G1 4-G2 5-G3
(Roll: 6-9)
(Roll: 6-9)
It's time for the 7th inning stretch!
It's time for the 7th inning stretch!
Single

Single
(Roll: 4-9)
(Roll: 4-9)
(Split: Double 1-10, Single 11-20)
(Split: Double 1-10, Single 11-20)
(Split card selected- 12)
(Split card selected- 12)

Ground Out To Short Stop

Ground Out To Short Stop
Nice play by J.Reyes
Nice play by J.Reyes
Score It: 6-4-3
Score It: 6-4-3
Double Play!
Double Play!
X-CHART INFO: Pos-SS Range-2 Split-15
X-CHART INFO: Pos-SS Range-2 Split-15
COMPARE: 1-G1 2-G1 3-G1 4-G2 5-G3
COMPARE: 1-G1 2-G1 3-G1 4-G2 5-G3
(Roll: 5-10)
(Roll: 5-10)

Single

Single
(Roll: 4-8)
(Roll: 4-8)

Fly Out To Left Fielder

Fly Out To Left Fielder
(Roll: 2-3)
(Roll: 2-3)

Single

Single
(Roll: 3-6)
(Roll: 3-6)
(Split: Double 1-12, Single 13-20)
(Split: Double 1-12, Single 13-20)
(Split card selected- 14)
(Split card selected- 14)

Strike Out

Strike Out
(Roll: 5-5)
(Roll: 5-5)

Ground Out To Short Stop

Ground Out To Short Stop
Score It: 6-4-3
Score It: 6-4-3
Double Play!
Double Play!
(Roll: 1-7)
(Roll: 1-7)
Strike Out

Strike Out
(Roll: 5-6)
(Roll: 5-6)

Ground Out To Short Stop

Ground Out To Short Stop
(Roll: 2-8)
(Roll: 2-8)

Single

Single
(Roll: 4-8)
(Roll: 4-8)

Strike Out

Strike Out
(Roll: 3-6)
(Roll: 3-6)

Ground Out To Short Stop

Ground Out To Short Stop
(Roll: 3-5)
(Roll: 3-5)

Walk

Walk
(Roll: 6-6)
(Roll: 6-6)

He's running...

He's running...
No throw
No throw
He is SAFE!
He is SAFE!

Strike Out

Strike Out
(Roll: 6-7)
(Roll: 6-7)

Fly Out To Center Fielder

Fly Out To Center Fielder
Nice catch by J.Edmonds
Nice catch by J.Edmonds
X-CHART INFO: Pos-CF Range-1 Split-20
X-CHART INFO: Pos-CF Range-1 Split-20
COMPARE: 1-F3 2-F3 3-F3 4-F3 5-F3
COMPARE: 1-F3 2-F3 3-F3 4-F3 5-F3
(Roll: 5-4)
(Roll: 5-4)
